#
# There is insufficient memory for the Java Runtime Environment to continue.
# Native memory allocation (malloc) failed to allocate 32744 bytes for ChunkPool::allocate
# Possible reasons:
#   The system is out of physical RAM or swap space
#   The process is running with CompressedOops enabled, and the Java Heap may be blocking the growth of the native heap
# Possible solutions:
#   Reduce memory load on the system
#   Increase physical memory or swap space
#   Check if swap backing store is full
#   Decrease Java heap size (-Xmx/-Xms)
#   Decrease number of Java threads
#   Decrease Java thread stack sizes (-Xss)
#   Set larger code cache with -XX:ReservedCodeCacheSize=
#   JVM is running with Unscaled Compressed Oops mode in which the Java heap is
#     placed in the first 4GB address space. The Java Heap base address is the
#     maximum limit for the native heap growth. Please use -XX:HeapBaseMinAddress
#     to set the Java Heap base and to place the Java Heap above 4GB virtual address.
# This output file may be truncated or incomplete.
#
#  Out of Memory Error (arena.cpp:79), pid=10508, tid=9240
#
# JRE version: Java(TM) SE Runtime Environment (16.0.1+9) (build 16.0.1+9-24)
# Java VM: Java HotSpot(TM) 64-Bit Server VM (16.0.1+9-24, mixed mode, sharing, tiered, compressed oops, compressed class ptrs, g1 gc, windows-amd64)
# No core dump will be written. Minidumps are not enabled by default on client versions of Windows
#

---------------  S U M M A R Y ------------

Command Line: -Dfile.encoding=UTF-8 university.management.system.Splash

Host: Intel(R) Pentium(R) CPU  N3710  @ 1.60GHz, 4 cores, 3G,  Windows 10 , 64 bit Build 19041 (10.0.19041.928)
Time: Wed Jun 16 19:16:27 2021 India Standard Time elapsed time: 3442.344963 seconds (0d 0h 57m 22s)

---------------  T H R E A D  ---------------

Current thread (0x000001dcf2865710):  JavaThread "C1 CompilerThread0" daemon [_thread_in_native, id=9240, stack(0x0000002d8ee00000,0x0000002d8ef00000)]


Current CompileTask:
C1:3442345 3303       3       java.io.WinNTFileSystem::resolve (275 bytes)

Stack: [0x0000002d8ee00000,0x0000002d8ef00000]
Native frames: (J=compiled Java code, j=interpreted, Vv=VM code, C=native code)
V  [jvm.dll+0x6687ca]
V  [jvm.dll+0x7ca3c9]
V  [jvm.dll+0x7cbb53]
V  [jvm.dll+0x7cc1b3]
V  [jvm.dll+0x242ea5]
V  [jvm.dll+0xae25f]
V  [jvm.dll+0xae5ac]
V  [jvm.dll+0x17400a]
V  [jvm.dll+0x174b02]
V  [jvm.dll+0x17736d]
V  [jvm.dll+0x1797a1]
V  [jvm.dll+0x133373]
V  [jvm.dll+0x132c0f]
V  [jvm.dll+0x132e49]
V  [jvm.dll+0x1322af]
V  [jvm.dll+0x134071]
V  [jvm.dll+0x2253a8]
V  [jvm.dll+0x2233ec]
V  [jvm.dll+0x780002]
V  [jvm.dll+0x779b4a]
V  [jvm.dll+0x667666]
C  [ucrtbase.dll+0x21bb2]
C  [KERNEL32.DLL+0x17034]
C  [ntdll.dll+0x52651]


---------------  P R O C E S S  ---------------

Threads class SMR info:
_java_thread_list=0x000001dcf4046a20, length=18, elements={
0x000001dcf28413a0, 0x000001dcf2842260, 0x000001dcf2853bc0, 0x000001dcf28545c0,
0x000001dcf2854fc0, 0x000001dcf285d9d0, 0x000001dcf2862c10, 0x000001dcf2865710,
0x000001dcf2879450, 0x000001dcf3444f90, 0x000001dcf34546b0, 0x000001dcf363b7f0,
0x000001dcf3639fb0, 0x000001dcf363a620, 0x000001dcf371f100, 0x000001dcd582c170,
0x000001dcf4259400, 0x000001dcf3f33540
}

Java Threads: ( => current thread )
  0x000001dcf28413a0 JavaThread "Reference Handler" daemon [_thread_blocked, id=11076, stack(0x0000002d8e700000,0x0000002d8e800000)]
  0x000001dcf2842260 JavaThread "Finalizer" daemon [_thread_blocked, id=3248, stack(0x0000002d8e800000,0x0000002d8e900000)]
  0x000001dcf2853bc0 JavaThread "Signal Dispatcher" daemon [_thread_blocked, id=11312, stack(0x0000002d8e900000,0x0000002d8ea00000)]
  0x000001dcf28545c0 JavaThread "Attach Listener" daemon [_thread_blocked, id=1720, stack(0x0000002d8ea00000,0x0000002d8eb00000)]
  0x000001dcf2854fc0 JavaThread "Service Thread" daemon [_thread_blocked, id=17468, stack(0x0000002d8eb00000,0x0000002d8ec00000)]
  0x000001dcf285d9d0 JavaThread "Monitor Deflation Thread" daemon [_thread_blocked, id=15740, stack(0x0000002d8ec00000,0x0000002d8ed00000)]
  0x000001dcf2862c10 JavaThread "C2 CompilerThread0" daemon [_thread_blocked, id=10540, stack(0x0000002d8ed00000,0x0000002d8ee00000)]
=>0x000001dcf2865710 JavaThread "C1 CompilerThread0" daemon [_thread_in_native, id=9240, stack(0x0000002d8ee00000,0x0000002d8ef00000)]
  0x000001dcf2879450 JavaThread "Sweeper thread" daemon [_thread_blocked, id=17808, stack(0x0000002d8ef00000,0x0000002d8f000000)]
  0x000001dcf3444f90 JavaThread "Notification Thread" daemon [_thread_blocked, id=10424, stack(0x0000002d8f000000,0x0000002d8f100000)]
  0x000001dcf34546b0 JavaThread "Common-Cleaner" daemon [_thread_blocked, id=6016, stack(0x0000002d8f200000,0x0000002d8f300000)]
  0x000001dcf363b7f0 JavaThread "Java2D Disposer" daemon [_thread_blocked, id=3640, stack(0x0000002d8f300000,0x0000002d8f400000)]
  0x000001dcf3639fb0 JavaThread "AWT-Shutdown" [_thread_blocked, id=10688, stack(0x0000002d8f400000,0x0000002d8f500000)]
  0x000001dcf363a620 JavaThread "AWT-Windows" daemon [_thread_in_native, id=2148, stack(0x0000002d8f500000,0x0000002d8f600000)]
  0x000001dcf371f100 JavaThread "AWT-EventQueue-0" [_thread_blocked, id=17132, stack(0x0000002d8f800000,0x0000002d8f900000)]
  0x000001dcd582c170 JavaThread "DestroyJavaVM" [_thread_blocked, id=7256, stack(0x0000002d8e000000,0x0000002d8e100000)]
  0x000001dcf4259400 JavaThread "TimerQueue" daemon [_thread_blocked, id=2432, stack(0x0000002d8f700000,0x0000002d8f800000)]
  0x000001dcf3f33540 JavaThread "mysql-cj-abandoned-connection-cleanup" daemon [_thread_blocked, id=10356, stack(0x0000002d8f600000,0x0000002d8f700000)]

Other Threads:
  0x000001dcf283d750 VMThread "VM Thread" [stack: 0x0000002d8e600000,0x0000002d8e700000] [id=11868]
  0x000001dcf3449120 WatcherThread [stack: 0x0000002d8f100000,0x0000002d8f200000] [id=7748]
  0x000001dcd5858520 GCTaskThread "GC Thread#0" [stack: 0x0000002d8e100000,0x0000002d8e200000] [id=6072]
  0x000001dcf3730500 GCTaskThread "GC Thread#1" [stack: 0x0000002d8f900000,0x0000002d8fa00000] [id=17324]
  0x000001dcf3730810 GCTaskThread "GC Thread#2" [stack: 0x0000002d8fa00000,0x0000002d8fb00000] [id=16304]
  0x000001dcf37b3c00 GCTaskThread "GC Thread#3" [stack: 0x0000002d8fb00000,0x0000002d8fc00000] [id=17092]
  0x000001dcd58612e0 ConcurrentGCThread "G1 Main Marker" [stack: 0x0000002d8e200000,0x0000002d8e300000] [id=15588]
  0x000001dcd5863500 ConcurrentGCThread "G1 Conc#0" [stack: 0x0000002d8e300000,0x0000002d8e400000] [id=10536]
  0x000001dcd58b4470 ConcurrentGCThread "G1 Refine#0" [stack: 0x0000002d8e400000,0x0000002d8e500000] [id=9072]
  0x000001dcd58b4ef0 ConcurrentGCThread "G1 Service" [stack: 0x0000002d8e500000,0x0000002d8e600000] [id=13300]

Threads with active compile tasks:
C1 CompilerThread0  3442671 3303       3       java.io.WinNTFileSystem::resolve (275 bytes)

VM state: not at safepoint (normal execution)

VM Mutex/Monitor currently owned by a thread: None

Heap address: 0x00000000c1400000, size: 1004 MB, Compressed Oops mode: 32-bit

CDS archive(s) mapped at: [0x0000000800000000-0x0000000800bb0000-0x0000000800bb0000), size 12255232, SharedBaseAddress: 0x0000000800000000, ArchiveRelocationMode: 0.
Compressed class space mapped at: 0x0000000800c00000-0x0000000840c00000, reserved size: 1073741824
Narrow klass base: 0x0000000800000000, Narrow klass shift: 3, Narrow klass range: 0x100000000

GC Precious Log:
 CPUs: 4 total, 4 available
 Memory: 4009M
 Large Page Support: Disabled
 NUMA Support: Disabled
 Compressed Oops: Enabled (32-bit)
 Heap Region Size: 1M
 Heap Min Capacity: 8M
 Heap Initial Capacity: 64M
 Heap Max Capacity: 1004M
 Pre-touch: Disabled
 Parallel Workers: 4
 Concurrent Workers: 1
 Concurrent Refinement Workers: 4
 Periodic GC: Disabled

Heap:
 garbage-first heap   total 208896K, used 133636K [0x00000000c1400000, 0x0000000100000000)
  region size 1024K, 23 young (23552K), 1 survivors (1024K)
 Metaspace       used 16321K, committed 16576K, reserved 1064960K
  class space    used 1720K, committed 1856K, reserved 1048576K

Heap Regions: E=young(eden), S=young(survivor), O=old, HS=humongous(starts), HC=humongous(continues), CS=collection set, F=free, OA=open archive, CA=closed archive, TAMS=top-at-mark-start (previous, next)
|   0|0x00000000c1400000, 0x00000000c1500000, 0x00000000c1500000|100%|HS|  |TAMS 0x00000000c1500000, 0x00000000c1400000| Complete 
|   1|0x00000000c1500000, 0x00000000c1600000, 0x00000000c1600000|100%|HC|  |TAMS 0x00000000c1600000, 0x00000000c1500000| Complete 
|   2|0x00000000c1600000, 0x00000000c1700000, 0x00000000c1700000|100%|HC|  |TAMS 0x00000000c1700000, 0x00000000c1600000| Complete 
|   3|0x00000000c1700000, 0x00000000c1800000, 0x00000000c1800000|100%|HC|  |TAMS 0x00000000c1800000, 0x00000000c1700000| Complete 
|   4|0x00000000c1800000, 0x00000000c1900000, 0x00000000c1900000|100%|HS|  |TAMS 0x00000000c1900000, 0x00000000c1800000| Complete 
|   5|0x00000000c1900000, 0x00000000c1a00000, 0x00000000c1a00000|100%|HC|  |TAMS 0x00000000c1a00000, 0x00000000c1900000| Complete 
|   6|0x00000000c1a00000, 0x00000000c1b00000, 0x00000000c1b00000|100%|HC|  |TAMS 0x00000000c1b00000, 0x00000000c1a00000| Complete 
|   7|0x00000000c1b00000, 0x00000000c1c00000, 0x00000000c1c00000|100%| O|  |TAMS 0x00000000c1c00000, 0x00000000c1b00000| Untracked 
|   8|0x00000000c1c00000, 0x00000000c1d00000, 0x00000000c1d00000|100%|HS|  |TAMS 0x00000000c1d00000, 0x00000000c1c00000| Complete 
|   9|0x00000000c1d00000, 0x00000000c1e00000, 0x00000000c1e00000|100%|HC|  |TAMS 0x00000000c1e00000, 0x00000000c1d00000| Complete 
|  10|0x00000000c1e00000, 0x00000000c1f00000, 0x00000000c1f00000|100%|HC|  |TAMS 0x00000000c1f00000, 0x00000000c1e00000| Complete 
|  11|0x00000000c1f00000, 0x00000000c2000000, 0x00000000c2000000|100%|HS|  |TAMS 0x00000000c2000000, 0x00000000c1f00000| Complete 
|  12|0x00000000c2000000, 0x00000000c2100000, 0x00000000c2100000|100%|HC|  |TAMS 0x00000000c2100000, 0x00000000c2000000| Complete 
|  13|0x00000000c2100000, 0x00000000c2200000, 0x00000000c2200000|100%|HS|  |TAMS 0x00000000c2200000, 0x00000000c2100000| Complete 
|  14|0x00000000c2200000, 0x00000000c2300000, 0x00000000c2300000|100%|HC|  |TAMS 0x00000000c2300000, 0x00000000c2200000| Complete 
|  15|0x00000000c2300000, 0x00000000c2400000, 0x00000000c2400000|100%|HC|  |TAMS 0x00000000c2400000, 0x00000000c2300000| Complete 
|  16|0x00000000c2400000, 0x00000000c2500000, 0x00000000c2500000|100%|HC|  |TAMS 0x00000000c2500000, 0x00000000c2400000| Complete 
|  17|0x00000000c2500000, 0x00000000c2600000, 0x00000000c2600000|100%|HC|  |TAMS 0x00000000c2600000, 0x00000000c2500000| Complete 
|  18|0x00000000c2600000, 0x00000000c2700000, 0x00000000c2700000|100%|HC|  |TAMS 0x00000000c2700000, 0x00000000c2600000| Complete 
|  19|0x00000000c2700000, 0x00000000c2800000, 0x00000000c2800000|100%|HC|  |TAMS 0x00000000c2800000, 0x00000000c2700000| Complete 
|  20|0x00000000c2800000, 0x00000000c2900000, 0x00000000c2900000|100%|HS|  |TAMS 0x00000000c2900000, 0x00000000c2800000| Complete 
|  21|0x00000000c2900000, 0x00000000c2a00000, 0x00000000c2a00000|100%|HC|  |TAMS 0x00000000c2a00000, 0x00000000c2900000| Complete 
|  22|0x00000000c2a00000, 0x00000000c2b00000, 0x00000000c2b00000|100%|HS|  |TAMS 0x00000000c2b00000, 0x00000000c2a00000| Complete 
|  23|0x00000000c2b00000, 0x00000000c2c00000, 0x00000000c2c00000|100%|HC|  |TAMS 0x00000000c2c00000, 0x00000000c2b00000| Complete 
|  24|0x00000000c2c00000, 0x00000000c2d00000, 0x00000000c2d00000|100%|HS|  |TAMS 0x00000000c2d00000, 0x00000000c2c00000| Complete 
|  25|0x00000000c2d00000, 0x00000000c2e00000, 0x00000000c2e00000|100%|HC|  |TAMS 0x00000000c2e00000, 0x00000000c2d00000| Complete 
|  26|0x00000000c2e00000, 0x00000000c2f00000, 0x00000000c2f00000|100%|HS|  |TAMS 0x00000000c2f00000, 0x00000000c2e00000| Complete 
|  27|0x00000000c2f00000, 0x00000000c3000000, 0x00000000c3000000|100%|HC|  |TAMS 0x00000000c3000000, 0x00000000c2f00000| Complete 
|  28|0x00000000c3000000, 0x00000000c3100000, 0x00000000c3100000|100%| O|  |TAMS 0x00000000c3100000, 0x00000000c3000000| Untracked 
|  29|0x00000000c3100000, 0x00000000c3200000, 0x00000000c3200000|100%| O|  |TAMS 0x00000000c31a5a00, 0x00000000c3100000| Untracked 
|  30|0x00000000c3200000, 0x00000000c3300000, 0x00000000c3300000|100%|HS|  |TAMS 0x00000000c3300000, 0x00000000c3200000| Complete 
|  31|0x00000000c3300000, 0x00000000c3400000, 0x00000000c3400000|100%|HC|  |TAMS 0x00000000c3400000, 0x00000000c3300000| Complete 
|  32|0x00000000c3400000, 0x00000000c3500000, 0x00000000c3500000|100%|HC|  |TAMS 0x00000000c3500000, 0x00000000c3400000| Complete 
|  33|0x00000000c3500000, 0x00000000c3600000, 0x00000000c3600000|100%|HC|  |TAMS 0x00000000c3600000, 0x00000000c3500000| Complete 
|  34|0x00000000c3600000, 0x00000000c3700000, 0x00000000c3700000|100%|HS|  |TAMS 0x00000000c3700000, 0x00000000c3600000| Complete 
|  35|0x00000000c3700000, 0x00000000c3800000, 0x00000000c3800000|100%|HC|  |TAMS 0x00000000c3800000, 0x00000000c3700000| Complete 
|  36|0x00000000c3800000, 0x00000000c3900000, 0x00000000c3900000|100%|HC|  |TAMS 0x00000000c3900000, 0x00000000c3800000| Complete 
|  37|0x00000000c3900000, 0x00000000c3a00000, 0x00000000c3a00000|100%|HS|  |TAMS 0x00000000c3a00000, 0x00000000c3900000| Complete 
|  38|0x00000000c3a00000, 0x00000000c3b00000, 0x00000000c3b00000|100%|HC|  |TAMS 0x00000000c3b00000, 0x00000000c3a00000| Complete 
|  39|0x00000000c3b00000, 0x00000000c3c00000, 0x00000000c3c00000|100%|HC|  |TAMS 0x00000000c3c00000, 0x00000000c3b00000| Complete 
|  40|0x00000000c3c00000, 0x00000000c3d00000, 0x00000000c3d00000|100%|HC|  |TAMS 0x00000000c3d00000, 0x00000000c3c00000| Complete 
|  41|0x00000000c3d00000, 0x00000000c3e00000, 0x00000000c3e00000|100%|HS|  |TAMS 0x00000000c3e00000, 0x00000000c3d00000| Complete 
|  42|0x00000000c3e00000, 0x00000000c3f00000, 0x00000000c3f00000|100%|HC|  |TAMS 0x00000000c3f00000, 0x00000000c3e00000| Complete 
|  43|0x00000000c3f00000, 0x00000000c4000000, 0x00000000c4000000|100%|HS|  |TAMS 0x00000000c4000000, 0x00000000c3f00000| Complete 
|  44|0x00000000c4000000, 0x00000000c4100000, 0x00000000c4100000|100%|HC|  |TAMS 0x00000000c4100000, 0x00000000c4000000| Complete 
|  45|0x00000000c4100000, 0x00000000c4200000, 0x00000000c4200000|100%|HS|  |TAMS 0x00000000c4200000, 0x00000000c4100000| Complete 
|  46|0x00000000c4200000, 0x00000000c4300000, 0x00000000c4300000|100%|HS|  |TAMS 0x00000000c4300000, 0x00000000c4200000| Complete 
|  47|0x00000000c4300000, 0x00000000c4400000, 0x00000000c4400000|100%|HC|  |TAMS 0x00000000c4400000, 0x00000000c4300000| Complete 
|  48|0x00000000c4400000, 0x00000000c4500000, 0x00000000c4500000|100%|HS|  |TAMS 0x00000000c4500000, 0x00000000c4400000| Complete 
|  49|0x00000000c4500000, 0x00000000c4600000, 0x00000000c4600000|100%|HC|  |TAMS 0x00000000c4600000, 0x00000000c4500000| Complete 
|  50|0x00000000c4600000, 0x00000000c4700000, 0x00000000c4700000|100%|HS|  |TAMS 0x00000000c4700000, 0x00000000c4600000| Complete 
|  51|0x00000000c4700000, 0x00000000c4800000, 0x00000000c4800000|100%|HC|  |TAMS 0x00000000c4800000, 0x00000000c4700000| Complete 
|  52|0x00000000c4800000, 0x00000000c4900000, 0x00000000c4900000|100%|HS|  |TAMS 0x00000000c4900000, 0x00000000c4800000| Complete 
|  53|0x00000000c4900000, 0x00000000c4a00000, 0x00000000c4a00000|100%|HC|  |TAMS 0x00000000c4a00000, 0x00000000c4900000| Complete 
|  54|0x00000000c4a00000, 0x00000000c4b00000, 0x00000000c4b00000|100%|HS|  |TAMS 0x00000000c4b00000, 0x00000000c4a00000| Complete 
|  55|0x00000000c4b00000, 0x00000000c4c00000, 0x00000000c4c00000|100%|HC|  |TAMS 0x00000000c4c00000, 0x00000000c4b00000| Complete 
|  56|0x00000000c4c00000, 0x00000000c4d00000, 0x00000000c4d00000|100%|HC|  |TAMS 0x00000000c4d00000, 0x00000000c4c00000| Complete 
|  57|0x00000000c4d00000, 0x00000000c4e00000, 0x00000000c4e00000|100%|HC|  |TAMS 0x00000000c4e00000, 0x00000000c4d00000| Complete 
|  58|0x00000000c4e00000, 0x00000000c4f00000, 0x00000000c4f00000|100%|HC|  |TAMS 0x00000000c4f00000, 0x00000000c4e00000| Complete 
|  59|0x00000000c4f00000, 0x00000000c5000000, 0x00000000c5000000|100%|HC|  |TAMS 0x00000000c5000000, 0x00000000c4f00000| Complete 
|  60|0x00000000c5000000, 0x00000000c5100000, 0x00000000c5100000|100%|HC|  |TAMS 0x00000000c5100000, 0x00000000c5000000| Complete 
|  61|0x00000000c5100000, 0x00000000c5200000, 0x00000000c5200000|100%|HC|  |TAMS 0x00000000c5200000, 0x00000000c5100000| Complete 
|  62|0x00000000c5200000, 0x00000000c5300000, 0x00000000c5300000|100%|HC|  |TAMS 0x00000000c5300000, 0x00000000c5200000| Complete 
|  63|0x00000000c5300000, 0x00000000c5400000, 0x00000000c5400000|100%|HC|  |TAMS 0x00000000c5400000, 0x00000000c5300000| Complete 
|  64|0x00000000c5400000, 0x00000000c5500000, 0x00000000c5500000|100%|HC|  |TAMS 0x00000000c5500000, 0x00000000c5400000| Complete 
|  65|0x00000000c5500000, 0x00000000c5600000, 0x00000000c5600000|100%|HC|  |TAMS 0x00000000c5600000, 0x00000000c5500000| Complete 
|  66|0x00000000c5600000, 0x00000000c5700000, 0x00000000c5700000|100%|HC|  |TAMS 0x00000000c5700000, 0x00000000c5600000| Complete 
|  67|0x00000000c5700000, 0x00000000c5800000, 0x00000000c5800000|100%|HC|  |TAMS 0x00000000c5800000, 0x00000000c5700000| Complete 
|  68|0x00000000c5800000, 0x00000000c5900000, 0x00000000c5900000|100%|HC|  |TAMS 0x00000000c5900000, 0x00000000c5800000| Complete 
|  69|0x00000000c5900000, 0x00000000c5a00000, 0x00000000c5a00000|100%|HC|  |TAMS 0x00000000c5a00000, 0x00000000c5900000| Complete 
|  70|0x00000000c5a00000, 0x00000000c5b00000, 0x00000000c5b00000|100%|HC|  |TAMS 0x00000000c5b00000, 0x00000000c5a00000| Complete 
|  71|0x00000000c5b00000, 0x00000000c5c00000, 0x00000000c5c00000|100%|HC|  |TAMS 0x00000000c5c00000, 0x00000000c5b00000| Complete 
|  72|0x00000000c5c00000, 0x00000000c5d00000, 0x00000000c5d00000|100%|HC|  |TAMS 0x00000000c5d00000, 0x00000000c5c00000| Complete 
|  73|0x00000000c5d00000, 0x00000000c5e00000, 0x00000000c5e00000|100%|HC|  |TAMS 0x00000000c5e00000, 0x00000000c5d00000| Complete 
|  74|0x00000000c5e00000, 0x00000000c5f00000, 0x00000000c5f00000|100%|HC|  |TAMS 0x00000000c5f00000, 0x00000000c5e00000| Complete 
|  75|0x00000000c5f00000, 0x00000000c6000000, 0x00000000c6000000|100%|HC|  |TAMS 0x00000000c6000000, 0x00000000c5f00000| Complete 
|  76|0x00000000c6000000, 0x00000000c6100000, 0x00000000c6100000|100%|HC|  |TAMS 0x00000000c6100000, 0x00000000c6000000| Complete 
|  77|0x00000000c6100000, 0x00000000c6200000, 0x00000000c6200000|100%|HC|  |TAMS 0x00000000c6200000, 0x00000000c6100000| Complete 
|  78|0x00000000c6200000, 0x00000000c6300000, 0x00000000c6300000|100%|HC|  |TAMS 0x00000000c6300000, 0x00000000c6200000| Complete 
|  79|0x00000000c6300000, 0x00000000c6400000, 0x00000000c6400000|100%|HC|  |TAMS 0x00000000c6400000, 0x00000000c6300000| Complete 
|  80|0x00000000c6400000, 0x00000000c6500000, 0x00000000c6500000|100%|HC|  |TAMS 0x00000000c6500000, 0x00000000c6400000| Complete 
|  81|0x00000000c6500000, 0x00000000c6600000, 0x00000000c6600000|100%|HC|  |TAMS 0x00000000c6600000, 0x00000000c6500000| Complete 
|  82|0x00000000c6600000, 0x00000000c6700000, 0x00000000c6700000|100%|HC|  |TAMS 0x00000000c6700000, 0x00000000c6600000| Complete 
|  83|0x00000000c6700000, 0x00000000c6800000, 0x00000000c6800000|100%|HC|  |TAMS 0x00000000c6800000, 0x00000000c6700000| Complete 
|  84|0x00000000c6800000, 0x00000000c6900000, 0x00000000c6900000|100%|HC|  |TAMS 0x00000000c6900000, 0x00000000c6800000| Complete 
|  85|0x00000000c6900000, 0x00000000c6a00000, 0x00000000c6a00000|100%|HS|  |TAMS 0x00000000c6a00000, 0x00000000c6900000| Complete 
|  86|0x00000000c6a00000, 0x00000000c6b00000, 0x00000000c6b00000|100%|HC|  |TAMS 0x00000000c6b00000, 0x00000000c6a00000| Complete 
|  87|0x00000000c6b00000, 0x00000000c6c00000, 0x00000000c6c00000|100%|HS|  |TAMS 0x00000000c6c00000, 0x00000000c6b00000| Complete 
|  88|0x00000000c6c00000, 0x00000000c6d00000, 0x00000000c6d00000|100%|HC|  |TAMS 0x00000000c6d00000, 0x00000000c6c00000| Complete 
|  89|0x00000000c6d00000, 0x00000000c6e00000, 0x00000000c6e00000|100%|HC|  |TAMS 0x00000000c6e00000, 0x00000000c6d00000| Complete 
|  90|0x00000000c6e00000, 0x00000000c6f00000, 0x00000000c6f00000|100%|HC|  |TAMS 0x00000000c6f00000, 0x00000000c6e00000| Complete 
|  91|0x00000000c6f00000, 0x00000000c7000000, 0x00000000c7000000|100%|HS|  |TAMS 0x00000000c7000000, 0x00000000c6f00000| Complete 
|  92|0x00000000c7000000, 0x00000000c7100000, 0x00000000c7100000|100%|HC|  |TAMS 0x00000000c7100000, 0x00000000c7000000| Complete 
|  93|0x00000000c7100000, 0x00000000c7200000, 0x00000000c7200000|100%|HC|  |TAMS 0x00000000c7200000, 0x00000000c7100000| Complete 
|  94|0x00000000c7200000, 0x00000000c7300000, 0x00000000c7300000|100%|HC|  |TAMS 0x00000000c7300000, 0x00000000c7200000| Complete 
|  95|0x00000000c7300000, 0x00000000c7400000, 0x00000000c7400000|100%|HC|  |TAMS 0x00000000c7400000, 0x00000000c7300000| Complete 
|  96|0x00000000c7400000, 0x00000000c7500000, 0x00000000c7500000|100%|HC|  |TAMS 0x00000000c7500000, 0x00000000c7400000| Complete 
|  97|0x00000000c7500000, 0x00000000c7600000, 0x00000000c7600000|100%|HC|  |TAMS 0x00000000c7600000, 0x00000000c7500000| Complete 
|  98|0x00000000c7600000, 0x00000000c7700000, 0x00000000c7700000|100%|HC|  |TAMS 0x00000000c7700000, 0x00000000c7600000| Complete 
|  99|0x00000000c7700000, 0x00000000c7800000, 0x00000000c7800000|100%|HC|  |TAMS 0x00000000c7800000, 0x00000000c7700000| Complete 
| 100|0x00000000c7800000, 0x00000000c7900000, 0x00000000c7900000|100%|HC|  |TAMS 0x00000000c7900000, 0x00000000c7800000| Complete 
| 101|0x00000000c7900000, 0x00000000c7a00000, 0x00000000c7a00000|100%|HC|  |TAMS 0x00000000c7a00000, 0x00000000c7900000| Complete 
| 102|0x00000000c7a00000, 0x00000000c7b00000, 0x00000000c7b00000|100%|HC|  |TAMS 0x00000000c7b00000, 0x00000000c7a00000| Complete 
| 103|0x00000000c7b00000, 0x00000000c7c00000, 0x00000000c7c00000|100%| O|  |TAMS 0x00000000c7b00000, 0x00000000c7b00000| Untracked 
| 104|0x00000000c7c00000, 0x00000000c7cb3000, 0x00000000c7d00000| 69%| O|  |TAMS 0x00000000c7c00000, 0x00000000c7c00000| Untracked 
| 105|0x00000000c7d00000, 0x00000000c7e00000, 0x00000000c7e00000|100%|HS|  |TAMS 0x00000000c7d00000, 0x00000000c7d00000| Complete 
| 106|0x00000000c7e00000, 0x00000000c7f00000, 0x00000000c7f00000|100%|HC|  |TAMS 0x00000000c7e00000, 0x00000000c7e00000| Complete 
| 107|0x00000000c7f00000, 0x00000000c8000000, 0x00000000c8000000|100%|HC|  |TAMS 0x00000000c7f00000, 0x00000000c7f00000| Complete 
| 108|0x00000000c8000000, 0x00000000c8100000, 0x00000000c8100000|100%|HC|  |TAMS 0x00000000c8000000, 0x00000000c8000000| Complete 
| 109|0x00000000c8100000, 0x00000000c8100000, 0x00000000c8200000|  0%| F|  |TAMS 0x00000000c8100000, 0x00000000c8100000| Untracked 
| 110|0x00000000c8200000, 0x00000000c8200000, 0x00000000c8300000|  0%| F|  |TAMS 0x00000000c8200000, 0x00000000c8200000| Untracked 
| 111|0x00000000c8300000, 0x00000000c8300000, 0x00000000c8400000|  0%| F|  |TAMS 0x00000000c8300000, 0x00000000c8300000| Untracked 
| 112|0x00000000c8400000, 0x00000000c8400000, 0x00000000c8500000|  0%| F|  |TAMS 0x00000000c8400000, 0x00000000c8400000| Untracked 
| 113|0x00000000c8500000, 0x00000000c8500000, 0x00000000c8600000|  0%| F|  |TAMS 0x00000000c8500000, 0x00000000c8500000| Untracked 
| 114|0x00000000c8600000, 0x00000000c8600000, 0x00000000c8700000|  0%| F|  |TAMS 0x00000000c8600000, 0x00000000c8600000| Untracked 
| 115|0x00000000c8700000, 0x00000000c8700000, 0x00000000c8800000|  0%| F|  |TAMS 0x00000000c8700000, 0x00000000c8700000| Untracked 
| 116|0x00000000c8800000, 0x00000000c8800000, 0x00000000c8900000|  0%| F|  |TAMS 0x00000000c8800000, 0x00000000c8800000| Untracked 
| 117|0x00000000c8900000, 0x00000000c8900000, 0x00000000c8a00000|  0%| F|  |TAMS 0x00000000c8900000, 0x00000000c8900000| Untracked 
| 118|0x00000000c8a00000, 0x00000000c8a00000, 0x00000000c8b00000|  0%| F|  |TAMS 0x00000000c8a00000, 0x00000000c8a00000| Untracked 
| 119|0x00000000c8b00000, 0x00000000c8b00000, 0x00000000c8c00000|  0%| F|  |TAMS 0x00000000c8b00000, 0x00000000c8b00000| Untracked 
| 120|0x00000000c8c00000, 0x00000000c8c00000, 0x00000000c8d00000|  0%| F|  |TAMS 0x00000000c8c00000, 0x00000000c8c00000| Untracked 
| 121|0x00000000c8d00000, 0x00000000c8d00000, 0x00000000c8e00000|  0%| F|  |TAMS 0x00000000c8d00000, 0x00000000c8d00000| Untracked 
| 122|0x00000000c8e00000, 0x00000000c8e00000, 0x00000000c8f00000|  0%| F|  |TAMS 0x00000000c8e00000, 0x00000000c8e00000| Untracked 
| 123|0x00000000c8f00000, 0x00000000c8f00000, 0x00000000c9000000|  0%| F|  |TAMS 0x00000000c8f00000, 0x00000000c8f00000| Untracked 
| 124|0x00000000c9000000, 0x00000000c9000000, 0x00000000c9100000|  0%| F|  |TAMS 0x00000000c9000000, 0x00000000c9000000| Untracked 
| 125|0x00000000c9100000, 0x00000000c9100000, 0x00000000c9200000|  0%| F|  |TAMS 0x00000000c9100000, 0x00000000c9100000| Untracked 
| 126|0x00000000c9200000, 0x00000000c9200000, 0x00000000c9300000|  0%| F|  |TAMS 0x00000000c9200000, 0x00000000c9200000| Untracked 
| 127|0x00000000c9300000, 0x00000000c9300000, 0x00000000c9400000|  0%| F|  |TAMS 0x00000000c9300000, 0x00000000c9300000| Untracked 
| 128|0x00000000c9400000, 0x00000000c9400000, 0x00000000c9500000|  0%| F|  |TAMS 0x00000000c9400000, 0x00000000c9400000| Untracked 
| 129|0x00000000c9500000, 0x00000000c9500000, 0x00000000c9600000|  0%| F|  |TAMS 0x00000000c9500000, 0x00000000c9500000| Untracked 
| 130|0x00000000c9600000, 0x00000000c9600000, 0x00000000c9700000|  0%| F|  |TAMS 0x00000000c9600000, 0x00000000c9600000| Untracked 
| 131|0x00000000c9700000, 0x00000000c9700000, 0x00000000c9800000|  0%| F|  |TAMS 0x00000000c9700000, 0x00000000c9700000| Untracked 
| 132|0x00000000c9800000, 0x00000000c9800000, 0x00000000c9900000|  0%| F|  |TAMS 0x00000000c9800000, 0x00000000c9800000| Untracked 
| 133|0x00000000c9900000, 0x00000000c9900000, 0x00000000c9a00000|  0%| F|  |TAMS 0x00000000c9900000, 0x00000000c9900000| Untracked 
| 134|0x00000000c9a00000, 0x00000000c9a00000, 0x00000000c9b00000|  0%| F|  |TAMS 0x00000000c9a00000, 0x00000000c9a00000| Untracked 
| 135|0x00000000c9b00000, 0x00000000c9b00000, 0x00000000c9c00000|  0%| F|  |TAMS 0x00000000c9b00000, 0x00000000c9b00000| Untracked 
| 136|0x00000000c9c00000, 0x00000000c9c00000, 0x00000000c9d00000|  0%| F|  |TAMS 0x00000000c9c00000, 0x00000000c9c00000| Untracked 
| 137|0x00000000c9d00000, 0x00000000c9d00000, 0x00000000c9e00000|  0%| F|  |TAMS 0x00000000c9d00000, 0x00000000c9d00000| Untracked 
| 138|0x00000000c9e00000, 0x00000000c9e00000, 0x00000000c9f00000|  0%| F|  |TAMS 0x00000000c9e00000, 0x00000000c9e00000| Untracked 
| 139|0x00000000c9f00000, 0x00000000c9f00000, 0x00000000ca000000|  0%| F|  |TAMS 0x00000000c9f00000, 0x00000000c9f00000| Untracked 
| 140|0x00000000ca000000, 0x00000000ca000000, 0x00000000ca100000|  0%| F|  |TAMS 0x00000000ca000000, 0x00000000ca000000| Untracked 
| 141|0x00000000ca100000, 0x00000000ca100000, 0x00000000ca200000|  0%| F|  |TAMS 0x00000000ca100000, 0x00000000ca100000| Untracked 
| 142|0x00000000ca200000, 0x00000000ca200000, 0x00000000ca300000|  0%| F|  |TAMS 0x00000000ca200000, 0x00000000ca200000| Untracked 
| 143|0x00000000ca300000, 0x00000000ca300000, 0x00000000ca400000|  0%| F|  |TAMS 0x00000000ca300000, 0x00000000ca300000| Untracked 
| 144|0x00000000ca400000, 0x00000000ca400000, 0x00000000ca500000|  0%| F|  |TAMS 0x00000000ca400000, 0x00000000ca400000| Untracked 
| 145|0x00000000ca500000, 0x00000000ca500000, 0x00000000ca600000|  0%| F|  |TAMS 0x00000000ca500000, 0x00000000ca500000| Untracked 
| 146|0x00000000ca600000, 0x00000000ca600000, 0x00000000ca700000|  0%| F|  |TAMS 0x00000000ca600000, 0x00000000ca600000| Untracked 
| 147|0x00000000ca700000, 0x00000000ca700000, 0x00000000ca800000|  0%| F|  |TAMS 0x00000000ca700000, 0x00000000ca700000| Untracked 
| 148|0x00000000ca800000, 0x00000000ca800000, 0x00000000ca900000|  0%| F|  |TAMS 0x00000000ca800000, 0x00000000ca800000| Untracked 
| 149|0x00000000ca900000, 0x00000000ca900000, 0x00000000caa00000|  0%| F|  |TAMS 0x00000000ca900000, 0x00000000ca900000| Untracked 
| 150|0x00000000caa00000, 0x00000000caa00000, 0x00000000cab00000|  0%| F|  |TAMS 0x00000000caa00000, 0x00000000caa00000| Untracked 
| 151|0x00000000cab00000, 0x00000000cab00000, 0x00000000cac00000|  0%| F|  |TAMS 0x00000000cab00000, 0x00000000cab00000| Untracked 
| 152|0x00000000cac00000, 0x00000000cac00000, 0x00000000cad00000|  0%| F|  |TAMS 0x00000000cac00000, 0x00000000cac00000| Untracked 
| 153|0x00000000cad00000, 0x00000000cad00000, 0x00000000cae00000|  0%| F|  |TAMS 0x00000000cad00000, 0x00000000cad00000| Untracked 
| 154|0x00000000cae00000, 0x00000000cae00000, 0x00000000caf00000|  0%| F|  |TAMS 0x00000000cae00000, 0x00000000cae00000| Untracked 
| 155|0x00000000caf00000, 0x00000000caf00000, 0x00000000cb000000|  0%| F|  |TAMS 0x00000000caf00000, 0x00000000caf00000| Untracked 
| 156|0x00000000cb000000, 0x00000000cb000000, 0x00000000cb100000|  0%| F|  |TAMS 0x00000000cb000000, 0x00000000cb000000| Untracked 
| 157|0x00000000cb100000, 0x00000000cb100000, 0x00000000cb200000|  0%| F|  |TAMS 0x00000000cb100000, 0x00000000cb100000| Untracked 
| 158|0x00000000cb200000, 0x00000000cb200000, 0x00000000cb300000|  0%| F|  |TAMS 0x00000000cb200000, 0x00000000cb200000| Untracked 
| 159|0x00000000cb300000, 0x00000000cb300000, 0x00000000cb400000|  0%| F|  |TAMS 0x00000000cb300000, 0x00000000cb300000| Untracked 
| 160|0x00000000cb400000, 0x00000000cb400000, 0x00000000cb500000|  0%| F|  |TAMS 0x00000000cb400000, 0x00000000cb400000| Untracked 
| 161|0x00000000cb500000, 0x00000000cb500000, 0x00000000cb600000|  0%| F|  |TAMS 0x00000000cb500000, 0x00000000cb500000| Untracked 
| 162|0x00000000cb600000, 0x00000000cb600000, 0x00000000cb700000|  0%| F|  |TAMS 0x00000000cb600000, 0x00000000cb600000| Untracked 
| 163|0x00000000cb700000, 0x00000000cb700000, 0x00000000cb800000|  0%| F|  |TAMS 0x00000000cb700000, 0x00000000cb700000| Untracked 
| 164|0x00000000cb800000, 0x00000000cb800000, 0x00000000cb900000|  0%| F|  |TAMS 0x00000000cb800000, 0x00000000cb800000| Untracked 
| 165|0x00000000cb900000, 0x00000000cb900000, 0x00000000cba00000|  0%| F|  |TAMS 0x00000000cb900000, 0x00000000cb900000| Untracked 
| 166|0x00000000cba00000, 0x00000000cba00000, 0x00000000cbb00000|  0%| F|  |TAMS 0x00000000cba00000, 0x00000000cba00000| Untracked 
| 167|0x00000000cbb00000, 0x00000000cbb00000, 0x00000000cbc00000|  0%| F|  |TAMS 0x00000000cbb00000, 0x00000000cbb00000| Untracked 
| 168|0x00000000cbc00000, 0x00000000cbc00000, 0x00000000cbd00000|  0%| F|  |TAMS 0x00000000cbc00000, 0x00000000cbc00000| Untracked 
| 169|0x00000000cbd00000, 0x00000000cbd00000, 0x00000000cbe00000|  0%| F|  |TAMS 0x00000000cbd00000, 0x00000000cbd00000| Untracked 
| 170|0x00000000cbe00000, 0x00000000cbe00000, 0x00000000cbf00000|  0%| F|  |TAMS 0x00000000cbe00000, 0x00000000cbe00000| Untracked 
| 171|0x00000000cbf00000, 0x00000000cbf00000, 0x00000000cc000000|  0%| F|  |TAMS 0x00000000cbf00000, 0x00000000cbf00000| Untracked 
| 172|0x00000000cc000000, 0x00000000cc000000, 0x00000000cc100000|  0%| F|  |TAMS 0x00000000cc000000, 0x00000000cc000000| Untracked 
| 173|0x00000000cc100000, 0x00000000cc100000, 0x00000000cc200000|  0%| F|  |TAMS 0x00000000cc100000, 0x00000000cc100000| Untracked 
| 174|0x00000000cc200000, 0x00000000cc200000, 0x00000000cc300000|  0%| F|  |TAMS 0x00000000cc200000, 0x00000000cc200000| Untracked 
| 175|0x00000000cc300000, 0x00000000cc300000, 0x00000000cc400000|  0%| F|  |TAMS 0x00000000cc300000, 0x00000000cc300000| Untracked 
| 176|0x00000000cc400000, 0x00000000cc400000, 0x00000000cc500000|  0%| F|  |TAMS 0x00000000cc400000, 0x00000000cc400000| Untracked 
| 177|0x00000000cc500000, 0x00000000cc500000, 0x00000000cc600000|  0%| F|  |TAMS 0x00000000cc500000, 0x00000000cc500000| Untracked 
| 178|0x00000000cc600000, 0x00000000cc600000, 0x00000000cc700000|  0%| F|  |TAMS 0x00000000cc600000, 0x00000000cc600000| Untracked 
| 179|0x00000000cc700000, 0x00000000cc700000, 0x00000000cc800000|  0%| F|  |TAMS 0x00000000cc700000, 0x00000000cc700000| Untracked 
| 180|0x00000000cc800000, 0x00000000cc800000, 0x00000000cc900000|  0%| F|  |TAMS 0x00000000cc800000, 0x00000000cc800000| Untracked 
| 181|0x00000000cc900000, 0x00000000cc980800, 0x00000000cca00000| 50%| E|  |TAMS 0x00000000cc900000, 0x00000000cc900000| Complete 
| 182|0x00000000cca00000, 0x00000000ccb00000, 0x00000000ccb00000|100%| E|CS|TAMS 0x00000000cca00000, 0x00000000cca00000| Complete 
| 183|0x00000000ccb00000, 0x00000000ccc00000, 0x00000000ccc00000|100%| E|CS|TAMS 0x00000000ccb00000, 0x00000000ccb00000| Complete 
| 184|0x00000000ccc00000, 0x00000000ccd00000, 0x00000000ccd00000|100%| E|CS|TAMS 0x00000000ccc00000, 0x00000000ccc00000| Complete 
| 185|0x00000000ccd00000, 0x00000000cce00000, 0x00000000cce00000|100%| E|CS|TAMS 0x00000000ccd00000, 0x00000000ccd00000| Complete 
| 186|0x00000000cce00000, 0x00000000ccf00000, 0x00000000ccf00000|100%| E|CS|TAMS 0x00000000cce00000, 0x00000000cce00000| Complete 
| 187|0x00000000ccf00000, 0x00000000ccfce180, 0x00000000cd000000| 80%| S|CS|TAMS 0x00000000ccf00000, 0x00000000ccf00000| Complete 
| 188|0x00000000cd000000, 0x00000000cd100000, 0x00000000cd100000|100%| E|CS|TAMS 0x00000000cd000000, 0x00000000cd000000| Complete 
| 189|0x00000000cd100000, 0x00000000cd200000, 0x00000000cd200000|100%| E|CS|TAMS 0x00000000cd100000, 0x00000000cd100000| Complete 
| 190|0x00000000cd200000, 0x00000000cd300000, 0x00000000cd300000|100%| E|CS|TAMS 0x00000000cd200000, 0x00000000cd200000| Complete 
| 191|0x00000000cd300000, 0x00000000cd400000, 0x00000000cd400000|100%| E|CS|TAMS 0x00000000cd300000, 0x00000000cd300000| Complete 
| 192|0x00000000cd400000, 0x00000000cd500000, 0x00000000cd500000|100%| E|CS|TAMS 0x00000000cd400000, 0x00000000cd400000| Complete 
| 193|0x00000000cd500000, 0x00000000cd600000, 0x00000000cd600000|100%| E|CS|TAMS 0x00000000cd500000, 0x00000000cd500000| Complete 
| 194|0x00000000cd600000, 0x00000000cd700000, 0x00000000cd700000|100%| E|CS|TAMS 0x00000000cd600000, 0x00000000cd600000| Complete 
| 195|0x00000000cd700000, 0x00000000cd800000, 0x00000000cd800000|100%| E|CS|TAMS 0x00000000cd700000, 0x00000000cd700000| Complete 
| 196|0x00000000cd800000, 0x00000000cd900000, 0x00000000cd900000|100%| E|CS|TAMS 0x00000000cd800000, 0x00000000cd800000| Complete 
| 197|0x00000000cd900000, 0x00000000cda00000, 0x00000000cda00000|100%| E|CS|TAMS 0x00000000cd900000, 0x00000000cd900000| Complete 
| 198|0x00000000cda00000, 0x00000000cdb00000, 0x00000000cdb00000|100%| E|CS|TAMS 0x00000000cda00000, 0x00000000cda00000| Complete 
| 199|0x00000000cdb00000, 0x00000000cdc00000, 0x00000000cdc00000|100%| E|CS|TAMS 0x00000000cdb00000, 0x00000000cdb00000| Complete 
| 200|0x00000000cdc00000, 0x00000000cdd00000, 0x00000000cdd00000|100%| E|CS|TAMS 0x00000000cdc00000, 0x00000000cdc00000| Complete 
| 201|0x00000000cdd00000, 0x00000000cde00000, 0x00000000cde00000|100%| E|CS|TAMS 0x00000000cdd00000, 0x00000000cdd00000| Complete 
| 202|0x00000000cde00000, 0x00000000cdf00000, 0x00000000cdf00000|100%| E|CS|TAMS 0x00000000cde00000, 0x00000000cde00000| Complete 
| 203|0x00000000cdf00000, 0x00000000ce000000, 0x00000000ce000000|100%| E|CS|TAMS 0x00000000cdf00000, 0x00000000cdf00000| Complete 

Card table byte_map: [0x000001dcedf80000,0x000001dcee180000] _byte_map_base: 0x000001dced976000

Marking Bits (Prev, Next): (CMBitMap*) 0x000001dcd5858b90, (CMBitMap*) 0x000001dcd5858bd0
 Prev Bits: [0x000001dcee380000, 0x000001dcef330000)
 Next Bits: [0x000001dcef330000, 0x000001dcf02e0000)

Polling page: 0x000001dcd5610000

Metaspace:

Usage:
  Non-class:     14.26 MB used.
      Class:      1.68 MB used.
       Both:     15.94 MB used.

Virtual space:
  Non-class space:       16.00 MB reserved,      14.38 MB ( 90%) committed,  2 nodes.
      Class space:        1.00 GB reserved,       1.81 MB ( <1%) committed,  1 nodes.
              Both:        1.02 GB reserved,      16.19 MB (  2%) committed. 

Chunk freelists:
   Non-Class:  1008.00 KB
       Class:  2.22 MB
        Both:  3.21 MB

MaxMetaspaceSize: 17179869184.00 GB
CompressedClassSpaceSize: 1.00 GB
 - commit_granule_bytes: 65536.
 - commit_granule_words: 8192.
 - virtual_space_node_default_size: 1048576.
 - enlarge_chunks_in_place: 1.
 - new_chunks_are_fully_committed: 0.
 - uncommit_free_chunks: 1.
 - use_allocation_guard: 0.
 - handle_deallocations: 1.


Internal statistics:

num_allocs_failed_limit: 0.
num_arena_births: 156.
num_arena_deaths: 0.
num_vsnodes_births: 3.
num_vsnodes_deaths: 0.
num_space_committed: 259.
num_space_uncommitted: 0.
num_chunks_returned_to_freelist: 0.
num_chunks_taken_from_freelist: 335.
num_chunk_merges: 0.
num_chunk_splits: 202.
num_chunks_enlarged: 114.
num_purges: 0.

CodeHeap 'non-profiled nmethods': size=120000Kb used=1627Kb max_used=1627Kb free=118372Kb
 bounds [0x000001dce6230000, 0x000001dce64a0000, 0x000001dced760000]
CodeHeap 'profiled nmethods': size=120000Kb used=6618Kb max_used=6618Kb free=113381Kb
 bounds [0x000001dcded00000, 0x000001dcdf380000, 0x000001dce6230000]
CodeHeap 'non-nmethods': size=5760Kb used=1361Kb max_used=1408Kb free=4398Kb
 bounds [0x000001dcde760000, 0x000001dcde9d0000, 0x000001dcded00000]
 total_blobs=4000 nmethods=3295 adapters=616
 compilation: enabled
              stopped_count=0, restarted_count=0
 full_count=0

Compilation events (20 events):
Event: 186.621 Thread 0x000001dcf2865710 nmethod 3291 0x000001dcdf36dc10 code [0x000001dcdf36df00, 0x000001dcdf36f0e8]
Event: 258.026 Thread 0x000001dcf2865710 3292       3       jdk.internal.module.Resources::toPackageName (39 bytes)
Event: 258.027 Thread 0x000001dcf2865710 nmethod 3292 0x000001dcdf36fa10 code [0x000001dcdf36fc40, 0x000001dcdf3702b8]
Event: 278.057 Thread 0x000001dcf2865710 3293       3       jdk.internal.loader.BuiltinClassLoader::checkURL (5 bytes)
Event: 278.058 Thread 0x000001dcf2865710 nmethod 3293 0x000001dcdf370510 code [0x000001dcdf3706c0, 0x000001dcdf3708c8]
Event: 278.058 Thread 0x000001dcf2865710 3294   !   3       jdk.internal.loader.URLClassPath::checkURL (16 bytes)
Event: 278.058 Thread 0x000001dcf2865710 nmethod 3294 0x000001dcdf370990 code [0x000001dcdf370b40, 0x000001dcdf370d08]
Event: 283.060 Thread 0x000001dcf2865710 3295   !   3       jdk.internal.loader.BuiltinClassLoader::findMiscResource (122 bytes)
Event: 283.062 Thread 0x000001dcf2865710 nmethod 3295 0x000001dcdf370e10 code [0x000001dcdf3710c0, 0x000001dcdf372368]
Event: 3216.369 Thread 0x000001dcf2865710 3296   !   3       jdk.internal.loader.BuiltinClassLoader::findResource (154 bytes)
Event: 3216.375 Thread 0x000001dcf2865710 nmethod 3296 0x000001dcdf372810 code [0x000001dcdf372b80, 0x000001dcdf374068]
Event: 3216.375 Thread 0x000001dcf2865710 3297       3       jdk.internal.loader.BuiltinClassLoader::findResourceOnClassPath (41 bytes)
Event: 3216.377 Thread 0x000001dcf2865710 nmethod 3297 0x000001dcdf374890 code [0x000001dcdf374ae0, 0x000001dcdf3753d8]
Event: 3326.595 Thread 0x000001dcf2865710 3298       3       sun.net.www.protocol.file.Handler::parseURL (18 bytes)
Event: 3326.596 Thread 0x000001dcf2865710 nmethod 3298 0x000001dcdf375690 code [0x000001dcdf375840, 0x000001dcdf3759f8]
Event: 3421.964 Thread 0x000001dcf2865710 3301       3       jdk.internal.loader.URLClassPath$JarLoader::findResource (18 bytes)
Event: 3421.965 Thread 0x000001dcf2865710 nmethod 3301 0x000001dcdf375b10 code [0x000001dcdf375ce0, 0x000001dcdf375f58]
Event: 3437.004 Thread 0x000001dcf2865710 3302       3       java.lang.ClassLoader::getResource (41 bytes)
Event: 3437.028 Thread 0x000001dcf2865710 nmethod 3302 0x000001dcdf376090 code [0x000001dcdf376280, 0x000001dcdf376898]
Event: 3442.015 Thread 0x000001dcf2865710 3303       3       java.io.WinNTFileSystem::resolve (275 bytes)

GC Heap History (20 events):
Event: 20.286 GC heap before
{Heap before GC invocations=21 (full 0):
 garbage-first heap   total 131072K, used 77766K [0x00000000c1400000, 0x0000000100000000)
  region size 1024K, 8 young (8192K), 3 survivors (3072K)
 Metaspace       used 12682K, committed 12928K, reserved 1064960K
  class space    used 1354K, committed 1472K, reserved 1048576K
}
Event: 20.290 GC heap after
{Heap after GC invocations=22 (full 0):
 garbage-first heap   total 131072K, used 73768K [0x00000000c1400000, 0x0000000100000000)
  region size 1024K, 3 young (3072K), 3 survivors (3072K)
 Metaspace       used 12682K, committed 12928K, reserved 1064960K
  class space    used 1354K, committed 1472K, reserved 1048576K
}
Event: 20.337 GC heap before
{Heap before GC invocations=23 (full 0):
 garbage-first heap   total 132096K, used 76840K [0x00000000c1400000, 0x0000000100000000)
  region size 1024K, 5 young (5120K), 3 survivors (3072K)
 Metaspace       used 12684K, committed 12928K, reserved 1064960K
  class space    used 1354K, committed 1472K, reserved 1048576K
}
Event: 20.343 GC heap after
{Heap after GC invocations=24 (full 0):
 garbage-first heap   total 132096K, used 75820K [0x00000000c1400000, 0x0000000100000000)
  region size 1024K, 3 young (3072K), 3 survivors (3072K)
 Metaspace       used 12684K, committed 12928K, reserved 1064960K
  class space    used 1354K, committed 1472K, reserved 1048576K
}
Event: 20.381 GC heap before
{Heap before GC invocations=25 (full 0):
 garbage-first heap   total 135168K, used 79916K [0x00000000c1400000, 0x0000000100000000)
  region size 1024K, 6 young (6144K), 3 survivors (3072K)
 Metaspace       used 12694K, committed 12928K, reserved 1064960K
  class space    used 1354K, committed 1472K, reserved 1048576K
}
Event: 20.388 GC heap after
{Heap after GC invocations=26 (full 0):
 garbage-first heap   total 135168K, used 77809K [0x00000000c1400000, 0x0000000100000000)
  region size 1024K, 3 young (3072K), 3 survivors (3072K)
 Metaspace       used 12694K, committed 12928K, reserved 1064960K
  class space    used 1354K, committed 1472K, reserved 1048576K
}
Event: 20.456 GC heap before
{Heap before GC invocations=27 (full 0):
 garbage-first heap   total 138240K, used 80881K [0x00000000c1400000, 0x0000000100000000)
  region size 1024K, 5 young (5120K), 3 survivors (3072K)
 Metaspace       used 12784K, committed 12992K, reserved 1064960K
  class space    used 1359K, committed 1472K, reserved 1048576K
}
Event: 20.463 GC heap after
{Heap after GC invocations=28 (full 0):
 garbage-first heap   total 138240K, used 80020K [0x00000000c1400000, 0x0000000100000000)
  region size 1024K, 3 young (3072K), 3 survivors (3072K)
 Metaspace       used 12784K, committed 12992K, reserved 1064960K
  class space    used 1359K, committed 1472K, reserved 1048576K
}
Event: 20.585 GC heap before
{Heap before GC invocations=29 (full 0):
 garbage-first heap   total 138240K, used 82068K [0x00000000c1400000, 0x0000000100000000)
  region size 1024K, 5 young (5120K), 3 survivors (3072K)
 Metaspace       used 12792K, committed 13056K, reserved 1064960K
  class space    used 1359K, committed 1472K, reserved 1048576K
}
Event: 20.591 GC heap after
{Heap after GC invocations=30 (full 0):
 garbage-first heap   total 138240K, used 80868K [0x00000000c1400000, 0x0000000100000000)
  region size 1024K, 3 young (3072K), 3 survivors (3072K)
 Metaspace       used 12792K, committed 13056K, reserved 1064960K
  class space    used 1359K, committed 1472K, reserved 1048576K
}
Event: 20.768 GC heap before
{Heap before GC invocations=31 (full 0):
 garbage-first heap   total 142336K, used 84964K [0x00000000c1400000, 0x0000000100000000)
  region size 1024K, 6 young (6144K), 3 survivors (3072K)
 Metaspace       used 12878K, committed 13184K, reserved 1064960K
  class space    used 1367K, committed 1536K, reserved 1048576K
}
Event: 20.774 GC heap after
{Heap after GC invocations=32 (full 0):
 garbage-first heap   total 142336K, used 83051K [0x00000000c1400000, 0x0000000100000000)
  region size 1024K, 3 young (3072K), 3 survivors (3072K)
 Metaspace       used 12878K, committed 13184K, reserved 1064960K
  class space    used 1367K, committed 1536K, reserved 1048576K
}
Event: 20.941 GC heap before
{Heap before GC invocations=33 (full 0):
 garbage-first heap   total 145408K, used 86123K [0x00000000c1400000, 0x0000000100000000)
  region size 1024K, 5 young (5120K), 3 survivors (3072K)
 Metaspace       used 12880K, committed 13184K, reserved 1064960K
  class space    used 1367K, committed 1536K, reserved 1048576K
}
Event: 20.947 GC heap after
{Heap after GC invocations=34 (full 0):
 garbage-first heap   total 145408K, used 85121K [0x00000000c1400000, 0x0000000100000000)
  region size 1024K, 3 young (3072K), 3 survivors (3072K)
 Metaspace       used 12880K, committed 13184K, reserved 1064960K
  class space    used 1367K, committed 1536K, reserved 1048576K
}
Event: 21.123 GC heap before
{Heap before GC invocations=35 (full 0):
 garbage-first heap   total 148480K, used 89217K [0x00000000c1400000, 0x0000000100000000)
  region size 1024K, 6 young (6144K), 3 survivors (3072K)
 Metaspace       used 12909K, committed 13184K, reserved 1064960K
  class space    used 1367K, committed 1536K, reserved 1048576K
}
Event: 21.130 GC heap after
{Heap after GC invocations=36 (full 0):
 garbage-first heap   total 208896K, used 87443K [0x00000000c1400000, 0x0000000100000000)
  region size 1024K, 3 young (3072K), 3 survivors (3072K)
 Metaspace       used 12909K, committed 13184K, reserved 1064960K
  class space    used 1367K, committed 1536K, reserved 1048576K
}
Event: 27.505 GC heap before
{Heap before GC invocations=36 (full 0):
 garbage-first heap   total 208896K, used 100755K [0x00000000c1400000, 0x0000000100000000)
  region size 1024K, 9 young (9216K), 3 survivors (3072K)
 Metaspace       used 13277K, committed 13568K, reserved 1064960K
  class space    used 1416K, committed 1600K, reserved 1048576K
}
Event: 27.522 GC heap after
{Heap after GC invocations=37 (full 0):
 garbage-first heap   total 208896K, used 95822K [0x00000000c1400000, 0x0000000100000000)
  region size 1024K, 3 young (3072K), 3 survivors (3072K)
 Metaspace       used 13277K, committed 13568K, reserved 1064960K
  class space    used 1416K, committed 1600K, reserved 1048576K
}
Event: 27.721 GC heap before
{Heap before GC invocations=37 (full 0):
 garbage-first heap   total 208896K, used 119374K [0x00000000c1400000, 0x0000000100000000)
  region size 1024K, 16 young (16384K), 3 survivors (3072K)
 Metaspace       used 13357K, committed 13632K, reserved 1064960K
  class space    used 1431K, committed 1600K, reserved 1048576K
}
Event: 27.726 GC heap after
{Heap after GC invocations=38 (full 0):
 garbage-first heap   total 208896K, used 108036K [0x00000000c1400000, 0x0000000100000000)
  region size 1024K, 1 young (1024K), 1 survivors (1024K)
 Metaspace       used 13357K, committed 13632K, reserved 1064960K
  class space    used 1431K, committed 1600K, reserved 1048576K
}

Deoptimization events (20 events):
Event: 71.499 Thread 0x000001dcf371f100 DEOPT PACKING pc=0x000001dce6375e5c sp=0x0000002d8f8fdb50
Event: 71.499 Thread 0x000001dcf371f100 DEOPT UNPACKING pc=0x000001dcde7ad728 sp=0x0000002d8f8fda78 mode 2
Event: 71.542 Thread 0x000001dcf371f100 Uncommon trap: trap_request=0xffffffde fr.pc=0x000001dce6375e5c relative=0x00000000000001bc
Event: 71.542 Thread 0x000001dcf371f100 Uncommon trap: reason=class_check action=maybe_recompile pc=0x000001dce6375e5c method=sun.java2d.SunGraphics2D.transformShape(IILjava/awt/Shape;)Ljava/awt/Shape; @ 7 c2
Event: 71.543 Thread 0x000001dcf371f100 DEOPT PACKING pc=0x000001dce6375e5c sp=0x0000002d8f8fdb50
Event: 71.543 Thread 0x000001dcf371f100 DEOPT UNPACKING pc=0x000001dcde7ad728 sp=0x0000002d8f8fda78 mode 2
Event: 71.550 Thread 0x000001dcf371f100 Uncommon trap: trap_request=0xffffffde fr.pc=0x000001dce6375e5c relative=0x00000000000001bc
Event: 71.550 Thread 0x000001dcf371f100 Uncommon trap: reason=class_check action=maybe_recompile pc=0x000001dce6375e5c method=sun.java2d.SunGraphics2D.transformShape(IILjava/awt/Shape;)Ljava/awt/Shape; @ 7 c2
Event: 71.550 Thread 0x000001dcf371f100 DEOPT PACKING pc=0x000001dce6375e5c sp=0x0000002d8f8fdb50
Event: 71.551 Thread 0x000001dcf371f100 DEOPT UNPACKING pc=0x000001dcde7ad728 sp=0x0000002d8f8fda78 mode 2
Event: 71.556 Thread 0x000001dcf371f100 Uncommon trap: trap_request=0xffffffde fr.pc=0x000001dce637221c relative=0x000000000000017c
Event: 71.556 Thread 0x000001dcf371f100 Uncommon trap: reason=class_check action=maybe_recompile pc=0x000001dce637221c method=sun.java2d.SunGraphics2D.transformShape(IILjava/awt/Shape;)Ljava/awt/Shape; @ 7 c2
Event: 71.556 Thread 0x000001dcf371f100 DEOPT PACKING pc=0x000001dce637221c sp=0x0000002d8f8fdac0
Event: 71.556 Thread 0x000001dcf371f100 DEOPT UNPACKING pc=0x000001dcde7ad728 sp=0x0000002d8f8fda68 mode 2
Event: 71.706 Thread 0x000001dcf371f100 Uncommon trap: trap_request=0xffffffde fr.pc=0x000001dce636db8c relative=0x000000000000054c
Event: 71.706 Thread 0x000001dcf371f100 Uncommon trap: reason=class_check action=maybe_recompile pc=0x000001dce636db8c method=sun.java2d.SunGraphics2D.validateCompClip()V @ 32 c2
Event: 71.706 Thread 0x000001dcf371f100 DEOPT PACKING pc=0x000001dce636db8c sp=0x0000002d8f8fdb20
Event: 71.706 Thread 0x000001dcf371f100 DEOPT UNPACKING pc=0x000001dcde7ad728 sp=0x0000002d8f8fdad8 mode 2
Event: 82.338 Thread 0x000001dcf371f100 DEOPT PACKING pc=0x000001dcdee9d6a9 sp=0x0000002d8f8ff180
Event: 82.338 Thread 0x000001dcf371f100 DEOPT UNPACKING pc=0x000001dcde7adeaf sp=0x0000002d8f8fe610 mode 0

Classes unloaded (0 events):
No events

Classes redefined (0 events):
No events

Internal exceptions (20 events):
Event: 0.404 Thread 0x000001dcd582c170 Exception <a 'java/lang/ClassNotFoundException'{0x00000000c526e590}: sun/awt/resources/spi/awtProvider> (0x00000000c526e590) 
thrown [t:\workspace\open\src\hotspot\share\classfile\systemDictionary.cpp, line 256]
Event: 0.480 Thread 0x000001dcd582c170 Exception <a 'java/io/FileNotFoundException'{0x00000000c52c8030}> (0x00000000c52c8030) 
thrown [t:\workspace\open\src\hotspot\share\prims\jni.cpp, line 579]
Event: 0.504 Thread 0x000001dcd582c170 Exception <a 'java/io/FileNotFoundException'{0x00000000c52f6b80}> (0x00000000c52f6b80) 
thrown [t:\workspace\open\src\hotspot\share\prims\jni.cpp, line 579]
Event: 0.506 Thread 0x000001dcd582c170 Exception <a 'java/lang/NoSuchMethodError'{0x00000000c52f7d78}: 'java.lang.Object java.lang.invoke.DirectMethodHandle$Holder.invokeStatic(java.lang.Object)'> (0x00000000c52f7d78) 
thrown [t:\workspace\open\src\hotspot\share\interpreter\linkResolver.cpp, line 790]
Event: 0.665 Thread 0x000001dcd582c170 Exception <a 'java/lang/NoSuchMethodError'{0x00000000c514dc08}: 'java.lang.Object java.lang.invoke.DirectMethodHandle$Holder.invokeStaticInit(java.lang.Object)'> (0x00000000c514dc08) 
thrown [t:\workspace\open\src\hotspot\share\interpreter\linkResolver.cpp, line 790]
Event: 0.827 Thread 0x000001dcd582c170 Exception <a 'java/lang/NoSuchMethodError'{0x00000000c5001c98}: 'java.lang.Object java.lang.invoke.DirectMethodHandle$Holder.newInvokeSpecial(java.lang.Object, java.lang.Object, java.lang.Object, java.lang.Object, java.lang.Object)'> (0x00000000c5001c98) 
thrown [t:\workspace\open\src\hotspot\share\interpreter\linkResolver.cpp, line 790]
Event: 0.833 Thread 0x000001dcd582c170 Exception <a 'java/lang/NoSuchMethodError'{0x00000000c500d780}: 'java.lang.Object java.lang.invoke.DirectMethodHandle$Holder.invokeStatic(java.lang.Object, int, java.lang.Object, java.lang.Object, java.lang.Object, java.lang.Object)'> (0x00000000c500d780) 
thrown [t:\workspace\open\src\hotspot\share\interpreter\linkResolver.cpp, line 790]
Event: 0.853 Thread 0x000001dcd582c170 Exception <a 'java/lang/NoSuchMethodError'{0x00000000c5033848}: 'java.lang.Object java.lang.invoke.DirectMethodHandle$Holder.invokeStatic(java.lang.Object, int, java.lang.Object)'> (0x00000000c5033848) 
thrown [t:\workspace\open\src\hotspot\share\interpreter\linkResolver.cpp, line 790]
Event: 0.971 Thread 0x000001dcd582c170 Exception <a 'java/lang/ClassNotFoundException'{0x00000000c50ebfd8}: com/sun/swing/internal/plaf/metal/resources/spi/metalProvider> (0x00000000c50ebfd8) 
thrown [t:\workspace\open\src\hotspot\share\classfile\systemDictionary.cpp, line 256]
Event: 0.974 Thread 0x000001dcd582c170 Exception <a 'java/lang/ClassNotFoundException'{0x00000000c50f0070}: com/sun/swing/internal/plaf/basic/resources/spi/basicProvider> (0x00000000c50f0070) 
thrown [t:\workspace\open\src\hotspot\share\classfile\systemDictionary.cpp, line 256]
Event: 1.206 Thread 0x000001dcf36eca30 Exception <a 'java/lang/NoSuchMethodError'{0x00000000c4ebe8e8}: 'java.lang.Object java.lang.invoke.DirectMethodHandle$Holder.newInvokeSpecial(java.lang.Object, java.lang.Object, java.lang.Object, int, int, int, int, int)'> (0x00000000c4ebe8e8) 
thrown [t:\workspace\open\src\hotspot\share\interpreter\linkResolver.cpp, line 790]
Event: 1.396 Thread 0x000001dcf363a620 Exception <a 'java/lang/NoSuchMethodError'{0x00000000c5195200}: 'void java.lang.invoke.DirectMethodHandle$Holder.invokeVirtual(java.lang.Object, java.lang.Object)'> (0x00000000c5195200) 
thrown [t:\workspace\open\src\hotspot\share\interpreter\linkResolver.cpp, line 790]
Event: 1.446 Thread 0x000001dcd582c170 Exception <a 'java/lang/NoSuchMethodError'{0x00000000c4f330d0}: 'void java.lang.invoke.DirectMethodHandle$Holder.invokeStaticInit(java.lang.Object)'> (0x00000000c4f330d0) 
thrown [t:\workspace\open\src\hotspot\share\interpreter\linkResolver.cpp, line 790]
Event: 8.682 Thread 0x000001dcf40bfe60 Implicit null exception at 0x000001dce625c30a to 0x000001dce625ca94
Event: 16.807 Thread 0x000001dcf371f100 Exception <a 'java/lang/NoSuchMethodError'{0x00000000c8c778a8}: 'java.lang.Object java.lang.invoke.DirectMethodHandle$Holder.invokeInterface(java.lang.Object, java.lang.Object)'> (0x00000000c8c778a8) 
thrown [t:\workspace\open\src\hotspot\share\interpreter\linkResolver.cpp, line 790]
Event: 16.884 Thread 0x000001dcf371f100 Exception <a 'java/lang/NoSuchMethodError'{0x00000000c8b06358}: 'void java.lang.invoke.DirectMethodHandle$Holder.invokeStatic(java.lang.Object, java.lang.Object, java.lang.Object)'> (0x00000000c8b06358) 
thrown [t:\workspace\open\src\hotspot\share\interpreter\linkResolver.cpp, line 790]
Event: 16.888 Thread 0x000001dcf371f100 Exception <a 'java/lang/NoSuchMethodError'{0x00000000c8b10d30}: 'java.lang.Object java.lang.invoke.DirectMethodHandle$Holder.invokeVirtual(java.lang.Object, java.lang.Object, java.lang.Object)'> (0x00000000c8b10d30) 
thrown [t:\workspace\open\src\hotspot\share\interpreter\linkResolver.cpp, line 790]
Event: 17.173 Thread 0x000001dcf371f100 Exception <a 'java/lang/NoSuchMethodError'{0x00000000c883d580}: 'void java.lang.invoke.DirectMethodHandle$Holder.invokeStatic(java.lang.Object, java.lang.Object)'> (0x00000000c883d580) 
thrown [t:\workspace\open\src\hotspot\share\interpreter\linkResolver.cpp, line 790]
Event: 20.428 Thread 0x000001dcf3e45f10 Implicit null exception at 0x000001dce62c10c2 to 0x000001dce62c4f0c
Event: 27.566 Thread 0x000001dcf3f33540 Exception <a 'java/lang/NoSuchMethodError'{0x00000000cdf24250}: 'void java.lang.invoke.DirectMethodHandle$Holder.invokeStaticInit(java.lang.Object, java.lang.Object)'> (0x00000000cdf24250) 
thrown [t:\workspace\open\src\hotspot\share\interpreter\linkResolver.cpp, line 790]

Events (20 events):
Event: 86.292 loading class java/awt/font/GlyphVector done
Event: 86.292 loading class sun/font/StandardGlyphVector done
Event: 86.293 loading class sun/font/FontSubstitution
Event: 86.294 loading class sun/font/FontSubstitution done
Event: 86.294 loading class sun/font/StandardGlyphVector$GlyphStrike
Event: 86.295 loading class sun/font/StandardGlyphVector$GlyphStrike done
Event: 87.005 Executing  VM operation: Cleanup
Event: 87.005 Executing  VM operation: Cleanup done
Event: 89.025 Executing  VM operation: Cleanup
Event: 89.025 Executing  VM operation: Cleanup done
Event: 90.027 Executing  VM operation: Cleanup
Event: 90.027 Executing  VM operation: Cleanup done
Event: 185.670 Executing  VM operation: Cleanup
Event: 185.670 Executing  VM operation: Cleanup done
Event: 257.732 loading class java/awt/desktop/SystemSleepListener
Event: 257.732 loading class java/awt/desktop/SystemEventListener
Event: 257.732 loading class java/awt/desktop/SystemEventListener done
Event: 257.732 loading class java/awt/desktop/SystemSleepListener done
Event: 3327.552 Executing  VM operation: Cleanup
Event: 3327.552 Executing  VM operation: Cleanup done


Dynamic libraries:
0x00007ff7e15e0000 - 0x00007ff7e15f0000 	C:\Program Files\Java\jdk-16.0.1\bin\java.exe
0x00007ff8dba90000 - 0x00007ff8dbc85000 	C:\WINDOWS\SYSTEM32\ntdll.dll
0x00007ff8da390000 - 0x00007ff8da44d000 	C:\WINDOWS\System32\KERNEL32.DLL
0x00007ff8d9630000 - 0x00007ff8d98f8000 	C:\WINDOWS\System32\KERNELBASE.dll
0x00007ff8d9900000 - 0x00007ff8d9a00000 	C:\WINDOWS\System32\ucrtbase.dll
0x00007ff8d4d30000 - 0x00007ff8d4d48000 	C:\Program Files\Java\jdk-16.0.1\bin\jli.dll
0x00007ff8da2e0000 - 0x00007ff8da38c000 	C:\WINDOWS\System32\ADVAPI32.dll
0x00007ff8d9d90000 - 0x00007ff8d9e2e000 	C:\WINDOWS\System32\msvcrt.dll
0x00007ff8db4d0000 - 0x00007ff8db56b000 	C:\WINDOWS\System32\sechost.dll
0x00007ff8daa20000 - 0x00007ff8dab4b000 	C:\WINDOWS\System32\RPCRT4.dll
0x00007ff8bf5f0000 - 0x00007ff8bf609000 	C:\Program Files\Java\jdk-16.0.1\bin\VCRUNTIME140.dll
0x00007ff8dab50000 - 0x00007ff8dacf0000 	C:\WINDOWS\System32\USER32.dll
0x00007ff8d94f0000 - 0x00007ff8d9512000 	C:\WINDOWS\System32\win32u.dll
0x00007ff8da4b0000 - 0x00007ff8da4da000 	C:\WINDOWS\System32\GDI32.dll
0x00007ff8d9520000 - 0x00007ff8d962b000 	C:\WINDOWS\System32\gdi32full.dll
0x00007ff8d9a60000 - 0x00007ff8d9afd000 	C:\WINDOWS\System32\msvcp_win.dll
0x00007ff8c4fe0000 - 0x00007ff8c527a000 	C:\WINDOWS\WinSxS\amd64_microsoft.windows.common-controls_6595b64144ccf1df_6.0.19041.844_none_ca00b6081b84eb1d\COMCTL32.dll
0x00007ff8c6ce0000 - 0x00007ff8c6cea000 	C:\WINDOWS\SYSTEM32\VERSION.dll
0x00007ff8da9f0000 - 0x00007ff8daa20000 	C:\WINDOWS\System32\IMM32.DLL
0x00007ff8c8cb0000 - 0x00007ff8c8cbc000 	C:\Program Files\Java\jdk-16.0.1\bin\vcruntime140_1.dll
0x00007ff886620000 - 0x00007ff8866b1000 	C:\Program Files\Java\jdk-16.0.1\bin\msvcp140.dll
0x00007ff8840a0000 - 0x00007ff884c4b000 	C:\Program Files\Java\jdk-16.0.1\bin\server\jvm.dll
0x00007ff8db4c0000 - 0x00007ff8db4c8000 	C:\WINDOWS\System32\PSAPI.DLL
0x00007ff8cc820000 - 0x00007ff8cc847000 	C:\WINDOWS\SYSTEM32\WINMM.dll
0x00007ff8ca490000 - 0x00007ff8ca499000 	C:\WINDOWS\SYSTEM32\WSOCK32.dll
0x00007ff8db570000 - 0x00007ff8db5db000 	C:\WINDOWS\System32\WS2_32.dll
0x00007ff8d7210000 - 0x00007ff8d7222000 	C:\WINDOWS\SYSTEM32\kernel.appcore.dll
0x00007ff8c8a70000 - 0x00007ff8c8a7a000 	C:\Program Files\Java\jdk-16.0.1\bin\jimage.dll
0x00007ff8c5390000 - 0x00007ff8c5574000 	C:\WINDOWS\SYSTEM32\DBGHELP.DLL
0x00007ff8c5360000 - 0x00007ff8c538c000 	C:\WINDOWS\SYSTEM32\dbgcore.DLL
0x00007ff8d9470000 - 0x00007ff8d94f0000 	C:\WINDOWS\System32\bcryptPrimitives.dll
0x00007ff8af730000 - 0x00007ff8af755000 	C:\Program Files\Java\jdk-16.0.1\bin\java.dll
0x00007ff8dad70000 - 0x00007ff8db4b2000 	C:\WINDOWS\System32\SHELL32.dll
0x00007ff8d7410000 - 0x00007ff8d7ba0000 	C:\WINDOWS\SYSTEM32\windows.storage.dll
0x00007ff8d9e30000 - 0x00007ff8da185000 	C:\WINDOWS\System32\combase.dll
0x00007ff8d8c60000 - 0x00007ff8d8c8c000 	C:\WINDOWS\SYSTEM32\Wldp.dll
0x00007ff8da790000 - 0x00007ff8da83e000 	C:\WINDOWS\System32\SHCORE.dll
0x00007ff8dacf0000 - 0x00007ff8dad45000 	C:\WINDOWS\System32\shlwapi.dll
0x00007ff8d9200000 - 0x00007ff8d921f000 	C:\WINDOWS\SYSTEM32\profapi.dll
0x00007ff8bbd10000 - 0x00007ff8bbd29000 	C:\Program Files\Java\jdk-16.0.1\bin\net.dll
0x00007ff8cd2f0000 - 0x00007ff8cd3fb000 	C:\WINDOWS\SYSTEM32\WINHTTP.dll
0x00007ff8d89d0000 - 0x00007ff8d8a3a000 	C:\WINDOWS\system32\mswsock.dll
0x00007ff8aeca0000 - 0x00007ff8aecb3000 	C:\Program Files\Java\jdk-16.0.1\bin\nio.dll
0x00007ff8ae300000 - 0x00007ff8ae318000 	C:\Program Files\Java\jdk-16.0.1\bin\zip.dll
0x00007ff8879e0000 - 0x00007ff887b60000 	C:\Program Files\Java\jdk-16.0.1\bin\awt.dll
0x00007ff8d9cc0000 - 0x00007ff8d9d8d000 	C:\WINDOWS\System32\OLEAUT32.dll
0x00007ff8d6bc0000 - 0x00007ff8d6c50000 	C:\WINDOWS\SYSTEM32\apphelp.dll
0x00007ff8d6e50000 - 0x00007ff8d6e7f000 	C:\WINDOWS\system32\DWMAPI.DLL
0x00007ff8d6d50000 - 0x00007ff8d6dee000 	C:\WINDOWS\system32\uxtheme.dll
0x00007ff8bee30000 - 0x00007ff8bef56000 	C:\WINDOWS\system32\opengl32.dll
0x00007ff8bf6f0000 - 0x00007ff8bf71c000 	C:\WINDOWS\SYSTEM32\GLU32.dll
0x00007ff8da670000 - 0x00007ff8da785000 	C:\WINDOWS\System32\MSCTF.dll
0x00007ff8da1b0000 - 0x00007ff8da2da000 	C:\WINDOWS\System32\ole32.dll
0x00007ff8ca3c0000 - 0x00007ff8ca3ed000 	C:\Program Files\Java\jdk-16.0.1\bin\javajpeg.dll
0x00007ff885b50000 - 0x00007ff885bd9000 	C:\Program Files\Java\jdk-16.0.1\bin\freetype.dll
0x00007ff8854f0000 - 0x00007ff8855e6000 	C:\Program Files\Java\jdk-16.0.1\bin\harfbuzz.dll
0x00007ff8d4e00000 - 0x00007ff8d4e12000 	C:\Program Files\Java\jdk-16.0.1\bin\fontmanager.dll
0x00007ff8cc3c0000 - 0x00007ff8cc4b9000 	C:\WINDOWS\SYSTEM32\textinputframework.dll
0x00007ff8d6500000 - 0x00007ff8d685e000 	C:\WINDOWS\System32\CoreUIComponents.dll
0x00007ff8d6880000 - 0x00007ff8d6972000 	C:\WINDOWS\System32\CoreMessaging.dll
0x00007ff8d8000000 - 0x00007ff8d8033000 	C:\WINDOWS\SYSTEM32\ntmarta.dll
0x00007ff8d5060000 - 0x00007ff8d51b4000 	C:\WINDOWS\SYSTEM32\wintypes.dll
0x00007ff8da540000 - 0x00007ff8da5e9000 	C:\WINDOWS\System32\clbcatq.dll
0x00007ff8d12b0000 - 0x00007ff8d1464000 	C:\WINDOWS\SYSTEM32\WindowsCodecs.dll
0x00007ff8d9bb0000 - 0x00007ff8d9bd7000 	C:\WINDOWS\System32\bcrypt.dll
0x00007ff8bd4c0000 - 0x00007ff8bd4fe000 	C:\WINDOWS\system32\dataexchange.dll
0x00007ff8d5620000 - 0x00007ff8d5884000 	C:\WINDOWS\system32\d3d11.dll
0x00007ff8d59d0000 - 0x00007ff8d5bb5000 	C:\WINDOWS\system32\dcomp.dll
0x00007ff8d7c00000 - 0x00007ff8d7cf4000 	C:\WINDOWS\system32\dxgi.dll
0x00007ff8d2860000 - 0x00007ff8d2a61000 	C:\WINDOWS\system32\twinapi.appcore.dll
0x00007ff8d8700000 - 0x00007ff8d87cc000 	C:\WINDOWS\SYSTEM32\DNSAPI.dll
0x00007ff8d86c0000 - 0x00007ff8d86fb000 	C:\WINDOWS\SYSTEM32\IPHLPAPI.DLL
0x00007ff8da190000 - 0x00007ff8da198000 	C:\WINDOWS\System32\NSI.dll
0x00007ff8c9f80000 - 0x00007ff8c9f8a000 	C:\Windows\System32\rasadhlp.dll
0x00007ff8ccef0000 - 0x00007ff8ccf6f000 	C:\WINDOWS\System32\fwpuclnt.dll

dbghelp: loaded successfully - version: 4.0.5 - missing functions: none
symbol engine: initialized successfully - sym options: 0x614 - pdb path: .;C:\Program Files\Java\jdk-16.0.1\bin;C:\WINDOWS\SYSTEM32;C:\WINDOWS\WinSxS\amd64_microsoft.windows.common-controls_6595b64144ccf1df_6.0.19041.844_none_ca00b6081b84eb1d;C:\Program Files\Java\jdk-16.0.1\bin\server

VM Arguments:
jvm_args: -Dfile.encoding=UTF-8 
java_command: university.management.system.Splash
java_class_path (initial): C:\Users\Yogesh Kumar\Downloads\mysql-connector-java-8.0.25\mysql-connector-java-8.0.25\mysql-connector-java-8.0.25.jar;C:\Users\Yogesh Kumar\Downloads\rs2xml.jar;D:\univer sity project\University Management System\build\classes
Launcher Type: SUN_STANDARD

[Global flags]
     intx CICompilerCount                          = 3                                         {product} {ergonomic}
     uint ConcGCThreads                            = 1                                         {product} {ergonomic}
     uint G1ConcRefinementThreads                  = 4                                         {product} {ergonomic}
   size_t G1HeapRegionSize                         = 1048576                                   {product} {ergonomic}
    uintx GCDrainStackTargetSize                   = 64                                        {product} {ergonomic}
   size_t InitialHeapSize                          = 67108864                                  {product} {ergonomic}
   size_t MarkStackSize                            = 4194304                                   {product} {ergonomic}
   size_t MaxHeapSize                              = 1052770304                                {product} {ergonomic}
   size_t MaxNewSize                               = 631242752                                 {product} {ergonomic}
   size_t MinHeapDeltaBytes                        = 1048576                                   {product} {ergonomic}
   size_t MinHeapSize                              = 8388608                                   {product} {ergonomic}
    uintx NonNMethodCodeHeapSize                   = 5832780                                {pd product} {ergonomic}
    uintx NonProfiledCodeHeapSize                  = 122912730                              {pd product} {ergonomic}
    uintx ProfiledCodeHeapSize                     = 122912730                              {pd product} {ergonomic}
    uintx ReservedCodeCacheSize                    = 251658240                              {pd product} {ergonomic}
     bool SegmentedCodeCache                       = true                                      {product} {ergonomic}
   size_t SoftMaxHeapSize                          = 1052770304                             {manageable} {ergonomic}
     bool UseCompressedClassPointers               = true                           {product lp64_product} {ergonomic}
     bool UseCompressedOops                        = true                           {product lp64_product} {ergonomic}
     bool UseG1GC                                  = true                                      {product} {ergonomic}
     bool UseLargePagesIndividualAllocation        = false                                  {pd product} {ergonomic}

Logging:
Log output configuration:
 #0: stdout all=warning uptime,level,tags
 #1: stderr all=off uptime,level,tags

Environment Variables:
JAVA_HOME=C:\Program Files\Java\jdk-16.0.1
PATH=C:\Program Files\Common Files\Oracle\Java\javapath;C:\Program Files (x86)\Common Files\Oracle\Java\javapath;C:\WINDOWS\system32;C:\WINDOWS;C:\WINDOWS\System32\Wbem;C:\WINDOWS\System32\WindowsPowerShell\v1.0\;C:\Program Files\nodejs\;C:\WINDOWS\System32\OpenSSH\;C:\Program Files\Java\jdk-16.0.1\bin;C:\Program Files\MySQL\MySQL Shell 8.0\bin\;C:\Users\Yogesh Kumar\AppData\Local\Programs\Microsoft VS Code\bin;C:\Users\Yogesh Kumar\AppData\Local\JetBrains\IntelliJ IDEA 2020.3.2\bin;;C:\Users\Yogesh Kumar\AppData\Roaming\npm;C:\Users\Yogesh Kumar\AppData\Local\Microsoft\WindowsApps
USERNAME=Yogesh Kumar
OS=Windows_NT
PROCESSOR_IDENTIFIER=Intel64 Family 6 Model 76 Stepping 4, GenuineIntel



---------------  S Y S T E M  ---------------

OS:
 Windows 10 , 64 bit Build 19041 (10.0.19041.928)
OS uptime: 0 days 22:08 hours

CPU: total 4 (initial active 4) (4 cores per cpu, 1 threads per core) family 6 model 76 stepping 4 microcode 0x411, cx8, cmov, fxsr, mmx, 3dnowpref, sse, sse2, sse3, ssse3, sse4.1, sse4.2, popcnt, tsc, tscinvbit, aes, erms, clmul, clflush

Memory: 4k page, system-wide physical 4009M (310M free)
TotalPageFile size 16297M (AvailPageFile size 189M)
current process WorkingSet (physical memory assigned to process): 28M, peak: 260M
current process commit charge ("private bytes"): 315M, peak: 335M

vm_info: Java HotSpot(TM) 64-Bit Server VM (16.0.1+9-24) for windows-amd64 JRE (16.0.1+9-24), built on Mar 26 2021 19:31:42 by "mach5one" with MS VC++ 16.7 (VS2019)

END.
