#
# There is insufficient memory for the Java Runtime Environment to continue.
# Native memory allocation (malloc) failed to allocate 449856 bytes for Chunk::new
# Possible reasons:
#   The system is out of physical RAM or swap space
#   The process is running with CompressedOops enabled, and the Java Heap may be blocking the growth of the native heap
# Possible solutions:
#   Reduce memory load on the system
#   Increase physical memory or swap space
#   Check if swap backing store is full
#   Decrease Java heap size (-Xmx/-Xms)
#   Decrease number of Java threads
#   Decrease Java thread stack sizes (-Xss)
#   Set larger code cache with -XX:ReservedCodeCacheSize=
#   JVM is running with Unscaled Compressed Oops mode in which the Java heap is
#     placed in the first 4GB address space. The Java Heap base address is the
#     maximum limit for the native heap growth. Please use -XX:HeapBaseMinAddress
#     to set the Java Heap base and to place the Java Heap above 4GB virtual address.
# This output file may be truncated or incomplete.
#
#  Out of Memory Error (arena.cpp:195), pid=12480, tid=10844
#
# JRE version: Java(TM) SE Runtime Environment (16.0.1+9) (build 16.0.1+9-24)
# Java VM: Java HotSpot(TM) 64-Bit Server VM (16.0.1+9-24, mixed mode, sharing, tiered, compressed oops, compressed class ptrs, g1 gc, windows-amd64)
# No core dump will be written. Minidumps are not enabled by default on client versions of Windows
#

---------------  S U M M A R Y ------------

Command Line: -Dfile.encoding=UTF-8 university.management.system.Splash

Host: Intel(R) Pentium(R) CPU  N3710  @ 1.60GHz, 4 cores, 3G,  Windows 10 , 64 bit Build 19041 (10.0.19041.928)
Time: Wed Jun 16 17:44:39 2021 India Standard Time elapsed time: 23181.516257 seconds (0d 6h 26m 21s)

---------------  T H R E A D  ---------------

Current thread (0x00000293302d72d0):  JavaThread "C2 CompilerThread0" daemon [_thread_in_native, id=10844, stack(0x000000b10f800000,0x000000b10f900000)]


Current CompileTask:
C2:23181535 1916       4       java.net.URLStreamHandler::parseURL (1201 bytes)

Stack: [0x000000b10f800000,0x000000b10f900000]
Native frames: (J=compiled Java code, j=interpreted, Vv=VM code, C=native code)
V  [jvm.dll+0x6687ca]
V  [jvm.dll+0x7ca3c9]
V  [jvm.dll+0x7cbb53]
V  [jvm.dll+0x7cc1b3]
V  [jvm.dll+0x242ea5]
V  [jvm.dll+0xadeca]
V  [jvm.dll+0xae5ac]
V  [jvm.dll+0x2a52cf]
V  [jvm.dll+0x574359]
V  [jvm.dll+0x21eb55]
V  [jvm.dll+0x217e51]
V  [jvm.dll+0x21524c]
V  [jvm.dll+0x1a1d9b]
V  [jvm.dll+0x2253a8]
V  [jvm.dll+0x2233ec]
V  [jvm.dll+0x780002]
V  [jvm.dll+0x779b4a]
V  [jvm.dll+0x667666]
C  [ucrtbase.dll+0x21bb2]
C  [KERNEL32.DLL+0x17034]
C  [ntdll.dll+0x52651]


---------------  P R O C E S S  ---------------

Threads class SMR info:
_java_thread_list=0x0000029331a48d20, length=18, elements={
0x00000293302c1a00, 0x00000293302c28c0, 0x00000293302d12d0, 0x00000293302d50f0,
0x00000293302d5af0, 0x00000293302d64f0, 0x00000293302d72d0, 0x00000293302d9cf0,
0x0000029330356690, 0x0000029330d47720, 0x0000029330d4df50, 0x0000029330f31fe0,
0x0000029330f4c010, 0x00000293310123c0, 0x0000029330e4a660, 0x00000293151bbc90,
0x00000293310c6a80, 0x0000029330f0ea60
}

Java Threads: ( => current thread )
  0x00000293302c1a00 JavaThread "Reference Handler" daemon [_thread_blocked, id=1940, stack(0x000000b10f200000,0x000000b10f300000)]
  0x00000293302c28c0 JavaThread "Finalizer" daemon [_thread_blocked, id=884, stack(0x000000b10f300000,0x000000b10f400000)]
  0x00000293302d12d0 JavaThread "Signal Dispatcher" daemon [_thread_blocked, id=6184, stack(0x000000b10f400000,0x000000b10f500000)]
  0x00000293302d50f0 JavaThread "Attach Listener" daemon [_thread_blocked, id=4108, stack(0x000000b10f500000,0x000000b10f600000)]
  0x00000293302d5af0 JavaThread "Service Thread" daemon [_thread_blocked, id=12528, stack(0x000000b10f600000,0x000000b10f700000)]
  0x00000293302d64f0 JavaThread "Monitor Deflation Thread" daemon [_thread_blocked, id=10024, stack(0x000000b10f700000,0x000000b10f800000)]
=>0x00000293302d72d0 JavaThread "C2 CompilerThread0" daemon [_thread_in_native, id=10844, stack(0x000000b10f800000,0x000000b10f900000)]
  0x00000293302d9cf0 JavaThread "C1 CompilerThread0" daemon [_thread_blocked, id=13156, stack(0x000000b10f900000,0x000000b10fa00000)]
  0x0000029330356690 JavaThread "Sweeper thread" daemon [_thread_blocked, id=2220, stack(0x000000b10fa00000,0x000000b10fb00000)]
  0x0000029330d47720 JavaThread "Notification Thread" daemon [_thread_blocked, id=12744, stack(0x000000b10fb00000,0x000000b10fc00000)]
  0x0000029330d4df50 JavaThread "Common-Cleaner" daemon [_thread_blocked, id=12060, stack(0x000000b10fd00000,0x000000b10fe00000)]
  0x0000029330f31fe0 JavaThread "Java2D Disposer" daemon [_thread_blocked, id=8820, stack(0x000000b10fe00000,0x000000b10ff00000)]
  0x0000029330f4c010 JavaThread "AWT-Windows" daemon [_thread_in_native, id=8304, stack(0x000000b110000000,0x000000b110100000)]
  0x00000293310123c0 JavaThread "AWT-Shutdown" [_thread_blocked, id=12452, stack(0x000000b110500000,0x000000b110600000)]
  0x0000029330e4a660 JavaThread "AWT-EventQueue-0" [_thread_blocked, id=2760, stack(0x000000b110600000,0x000000b110700000)]
  0x00000293151bbc90 JavaThread "DestroyJavaVM" [_thread_blocked, id=2148, stack(0x000000b10eb00000,0x000000b10ec00000)]
  0x00000293310c6a80 JavaThread "TimerQueue" daemon [_thread_blocked, id=12816, stack(0x000000b110400000,0x000000b110500000)]
  0x0000029330f0ea60 JavaThread "mysql-cj-abandoned-connection-cleanup" daemon [_thread_blocked, id=6656, stack(0x000000b10ff00000,0x000000b110000000)]

Other Threads:
  0x00000293302bddb0 VMThread "VM Thread" [stack: 0x000000b10f100000,0x000000b10f200000] [id=9696]
  0x0000029330d47c40 WatcherThread [stack: 0x000000b10fc00000,0x000000b10fd00000] [id=12848]
  0x00000293151e5da0 GCTaskThread "GC Thread#0" [stack: 0x000000b10ec00000,0x000000b10ed00000] [id=6312]
  0x000002933101bd30 GCTaskThread "GC Thread#1" [stack: 0x000000b110100000,0x000000b110200000] [id=12512]
  0x000002933101f040 GCTaskThread "GC Thread#2" [stack: 0x000000b110200000,0x000000b110300000] [id=6824]
  0x000002933101f350 GCTaskThread "GC Thread#3" [stack: 0x000000b110300000,0x000000b110400000] [id=7708]
  0x00000293151eec60 ConcurrentGCThread "G1 Main Marker" [stack: 0x000000b10ed00000,0x000000b10ee00000] [id=1388]
  0x00000293151f0b60 ConcurrentGCThread "G1 Conc#0" [stack: 0x000000b10ee00000,0x000000b10ef00000] [id=9624]
  0x000002931523ea80 ConcurrentGCThread "G1 Refine#0" [stack: 0x000000b10ef00000,0x000000b10f000000] [id=5720]
  0x0000029315240510 ConcurrentGCThread "G1 Service" [stack: 0x000000b10f000000,0x000000b10f100000] [id=760]

Threads with active compile tasks:
C2 CompilerThread0  23185919 1916       4       java.net.URLStreamHandler::parseURL (1201 bytes)

VM state: not at safepoint (normal execution)

VM Mutex/Monitor currently owned by a thread: None

Heap address: 0x00000000c1400000, size: 1004 MB, Compressed Oops mode: 32-bit

CDS archive(s) mapped at: [0x0000000800000000-0x0000000800bb0000-0x0000000800bb0000), size 12255232, SharedBaseAddress: 0x0000000800000000, ArchiveRelocationMode: 0.
Compressed class space mapped at: 0x0000000800c00000-0x0000000840c00000, reserved size: 1073741824
Narrow klass base: 0x0000000800000000, Narrow klass shift: 3, Narrow klass range: 0x100000000

GC Precious Log:
 CPUs: 4 total, 4 available
 Memory: 4009M
 Large Page Support: Disabled
 NUMA Support: Disabled
 Compressed Oops: Enabled (32-bit)
 Heap Region Size: 1M
 Heap Min Capacity: 8M
 Heap Initial Capacity: 64M
 Heap Max Capacity: 1004M
 Pre-touch: Disabled
 Parallel Workers: 4
 Concurrent Workers: 1
 Concurrent Refinement Workers: 4
 Periodic GC: Disabled

Heap:
 garbage-first heap   total 197632K, used 69286K [0x00000000c1400000, 0x0000000100000000)
  region size 1024K, 18 young (18432K), 1 survivors (1024K)
 Metaspace       used 12300K, committed 12544K, reserved 1064960K
  class space    used 1315K, committed 1472K, reserved 1048576K

Heap Regions: E=young(eden), S=young(survivor), O=old, HS=humongous(starts), HC=humongous(continues), CS=collection set, F=free, OA=open archive, CA=closed archive, TAMS=top-at-mark-start (previous, next)
|   0|0x00000000c1400000, 0x00000000c1500000, 0x00000000c1500000|100%| O|  |TAMS 0x00000000c1500000, 0x00000000c1500000| Untracked 
|   1|0x00000000c1500000, 0x00000000c1600000, 0x00000000c1600000|100%|HS|  |TAMS 0x00000000c1600000, 0x00000000c1600000| Complete 
|   2|0x00000000c1600000, 0x00000000c1700000, 0x00000000c1700000|100%|HC|  |TAMS 0x00000000c1700000, 0x00000000c1700000| Complete 
|   3|0x00000000c1700000, 0x00000000c1800000, 0x00000000c1800000|100%|HC|  |TAMS 0x00000000c1800000, 0x00000000c1800000| Complete 
|   4|0x00000000c1800000, 0x00000000c1900000, 0x00000000c1900000|100%|HC|  |TAMS 0x00000000c1900000, 0x00000000c1900000| Complete 
|   5|0x00000000c1900000, 0x00000000c1a00000, 0x00000000c1a00000|100%|HC|  |TAMS 0x00000000c1a00000, 0x00000000c1a00000| Complete 
|   6|0x00000000c1a00000, 0x00000000c1b00000, 0x00000000c1b00000|100%|HC|  |TAMS 0x00000000c1b00000, 0x00000000c1b00000| Complete 
|   7|0x00000000c1b00000, 0x00000000c1c00000, 0x00000000c1c00000|100%|HC|  |TAMS 0x00000000c1c00000, 0x00000000c1c00000| Complete 
|   8|0x00000000c1c00000, 0x00000000c1d00000, 0x00000000c1d00000|100%|HC|  |TAMS 0x00000000c1d00000, 0x00000000c1d00000| Complete 
|   9|0x00000000c1d00000, 0x00000000c1e00000, 0x00000000c1e00000|100%|HC|  |TAMS 0x00000000c1e00000, 0x00000000c1e00000| Complete 
|  10|0x00000000c1e00000, 0x00000000c1f00000, 0x00000000c1f00000|100%|HC|  |TAMS 0x00000000c1f00000, 0x00000000c1f00000| Complete 
|  11|0x00000000c1f00000, 0x00000000c2000000, 0x00000000c2000000|100%|HC|  |TAMS 0x00000000c2000000, 0x00000000c2000000| Complete 
|  12|0x00000000c2000000, 0x00000000c2100000, 0x00000000c2100000|100%|HC|  |TAMS 0x00000000c2100000, 0x00000000c2100000| Complete 
|  13|0x00000000c2100000, 0x00000000c2200000, 0x00000000c2200000|100%|HC|  |TAMS 0x00000000c2200000, 0x00000000c2200000| Complete 
|  14|0x00000000c2200000, 0x00000000c2300000, 0x00000000c2300000|100%|HC|  |TAMS 0x00000000c2300000, 0x00000000c2300000| Complete 
|  15|0x00000000c2300000, 0x00000000c2400000, 0x00000000c2400000|100%|HC|  |TAMS 0x00000000c2400000, 0x00000000c2400000| Complete 
|  16|0x00000000c2400000, 0x00000000c2500000, 0x00000000c2500000|100%|HC|  |TAMS 0x00000000c2500000, 0x00000000c2500000| Complete 
|  17|0x00000000c2500000, 0x00000000c2600000, 0x00000000c2600000|100%|HC|  |TAMS 0x00000000c2600000, 0x00000000c2600000| Complete 
|  18|0x00000000c2600000, 0x00000000c2700000, 0x00000000c2700000|100%|HC|  |TAMS 0x00000000c2700000, 0x00000000c2700000| Complete 
|  19|0x00000000c2700000, 0x00000000c2800000, 0x00000000c2800000|100%|HC|  |TAMS 0x00000000c2800000, 0x00000000c2800000| Complete 
|  20|0x00000000c2800000, 0x00000000c2900000, 0x00000000c2900000|100%|HC|  |TAMS 0x00000000c2900000, 0x00000000c2900000| Complete 
|  21|0x00000000c2900000, 0x00000000c2a00000, 0x00000000c2a00000|100%|HC|  |TAMS 0x00000000c2a00000, 0x00000000c2a00000| Complete 
|  22|0x00000000c2a00000, 0x00000000c2b00000, 0x00000000c2b00000|100%|HC|  |TAMS 0x00000000c2b00000, 0x00000000c2b00000| Complete 
|  23|0x00000000c2b00000, 0x00000000c2c00000, 0x00000000c2c00000|100%|HC|  |TAMS 0x00000000c2c00000, 0x00000000c2c00000| Complete 
|  24|0x00000000c2c00000, 0x00000000c2d00000, 0x00000000c2d00000|100%|HC|  |TAMS 0x00000000c2d00000, 0x00000000c2d00000| Complete 
|  25|0x00000000c2d00000, 0x00000000c2e00000, 0x00000000c2e00000|100%|HC|  |TAMS 0x00000000c2e00000, 0x00000000c2e00000| Complete 
|  26|0x00000000c2e00000, 0x00000000c2f00000, 0x00000000c2f00000|100%|HC|  |TAMS 0x00000000c2f00000, 0x00000000c2f00000| Complete 
|  27|0x00000000c2f00000, 0x00000000c3000000, 0x00000000c3000000|100%|HC|  |TAMS 0x00000000c3000000, 0x00000000c3000000| Complete 
|  28|0x00000000c3000000, 0x00000000c3100000, 0x00000000c3100000|100%|HC|  |TAMS 0x00000000c3100000, 0x00000000c3100000| Complete 
|  29|0x00000000c3100000, 0x00000000c3200000, 0x00000000c3200000|100%|HC|  |TAMS 0x00000000c3200000, 0x00000000c3200000| Complete 
|  30|0x00000000c3200000, 0x00000000c3300000, 0x00000000c3300000|100%|HC|  |TAMS 0x00000000c3300000, 0x00000000c3300000| Complete 
|  31|0x00000000c3300000, 0x00000000c3400000, 0x00000000c3400000|100%|HC|  |TAMS 0x00000000c3400000, 0x00000000c3400000| Complete 
|  32|0x00000000c3400000, 0x00000000c3500000, 0x00000000c3500000|100%|HC|  |TAMS 0x00000000c3500000, 0x00000000c3500000| Complete 
|  33|0x00000000c3500000, 0x00000000c3600000, 0x00000000c3600000|100%| O|  |TAMS 0x00000000c3600000, 0x00000000c3600000| Untracked 
|  34|0x00000000c3600000, 0x00000000c36a5200, 0x00000000c3700000| 64%| O|  |TAMS 0x00000000c364e800, 0x00000000c369fc00| Untracked 
|  35|0x00000000c3700000, 0x00000000c3800000, 0x00000000c3800000|100%|HS|  |TAMS 0x00000000c3800000, 0x00000000c3800000| Complete 
|  36|0x00000000c3800000, 0x00000000c3900000, 0x00000000c3900000|100%|HC|  |TAMS 0x00000000c3900000, 0x00000000c3900000| Complete 
|  37|0x00000000c3900000, 0x00000000c3a00000, 0x00000000c3a00000|100%|HC|  |TAMS 0x00000000c3a00000, 0x00000000c3a00000| Complete 
|  38|0x00000000c3a00000, 0x00000000c3b00000, 0x00000000c3b00000|100%|HS|  |TAMS 0x00000000c3a00000, 0x00000000c3a00000| Complete 
|  39|0x00000000c3b00000, 0x00000000c3c00000, 0x00000000c3c00000|100%|HC|  |TAMS 0x00000000c3b00000, 0x00000000c3b00000| Complete 
|  40|0x00000000c3c00000, 0x00000000c3d00000, 0x00000000c3d00000|100%|HC|  |TAMS 0x00000000c3c00000, 0x00000000c3c00000| Complete 
|  41|0x00000000c3d00000, 0x00000000c3e00000, 0x00000000c3e00000|100%|HS|  |TAMS 0x00000000c3d00000, 0x00000000c3d00000| Complete 
|  42|0x00000000c3e00000, 0x00000000c3f00000, 0x00000000c3f00000|100%|HC|  |TAMS 0x00000000c3e00000, 0x00000000c3e00000| Complete 
|  43|0x00000000c3f00000, 0x00000000c4000000, 0x00000000c4000000|100%|HC|  |TAMS 0x00000000c3f00000, 0x00000000c3f00000| Complete 
|  44|0x00000000c4000000, 0x00000000c4100000, 0x00000000c4100000|100%|HS|  |TAMS 0x00000000c4000000, 0x00000000c4000000| Complete 
|  45|0x00000000c4100000, 0x00000000c4200000, 0x00000000c4200000|100%|HC|  |TAMS 0x00000000c4100000, 0x00000000c4100000| Complete 
|  46|0x00000000c4200000, 0x00000000c4200000, 0x00000000c4300000|  0%| F|  |TAMS 0x00000000c4200000, 0x00000000c4200000| Untracked 
|  47|0x00000000c4300000, 0x00000000c4300000, 0x00000000c4400000|  0%| F|  |TAMS 0x00000000c4300000, 0x00000000c4300000| Untracked 
|  48|0x00000000c4400000, 0x00000000c4400000, 0x00000000c4500000|  0%| F|  |TAMS 0x00000000c4400000, 0x00000000c4400000| Untracked 
|  49|0x00000000c4500000, 0x00000000c4500000, 0x00000000c4600000|  0%| F|  |TAMS 0x00000000c4500000, 0x00000000c4500000| Untracked 
|  50|0x00000000c4600000, 0x00000000c4600000, 0x00000000c4700000|  0%| F|  |TAMS 0x00000000c4600000, 0x00000000c4600000| Untracked 
|  51|0x00000000c4700000, 0x00000000c4700000, 0x00000000c4800000|  0%| F|  |TAMS 0x00000000c4700000, 0x00000000c4700000| Untracked 
|  52|0x00000000c4800000, 0x00000000c4800000, 0x00000000c4900000|  0%| F|  |TAMS 0x00000000c4800000, 0x00000000c4800000| Untracked 
|  53|0x00000000c4900000, 0x00000000c4900000, 0x00000000c4a00000|  0%| F|  |TAMS 0x00000000c4900000, 0x00000000c4900000| Untracked 
|  54|0x00000000c4a00000, 0x00000000c4a00000, 0x00000000c4b00000|  0%| F|  |TAMS 0x00000000c4a00000, 0x00000000c4a00000| Untracked 
|  55|0x00000000c4b00000, 0x00000000c4b00000, 0x00000000c4c00000|  0%| F|  |TAMS 0x00000000c4b00000, 0x00000000c4b00000| Untracked 
|  56|0x00000000c4c00000, 0x00000000c4c00000, 0x00000000c4d00000|  0%| F|  |TAMS 0x00000000c4c00000, 0x00000000c4c00000| Untracked 
|  57|0x00000000c4d00000, 0x00000000c4d00000, 0x00000000c4e00000|  0%| F|  |TAMS 0x00000000c4d00000, 0x00000000c4d00000| Untracked 
|  58|0x00000000c4e00000, 0x00000000c4e00000, 0x00000000c4f00000|  0%| F|  |TAMS 0x00000000c4e00000, 0x00000000c4e00000| Untracked 
|  59|0x00000000c4f00000, 0x00000000c4f00000, 0x00000000c5000000|  0%| F|  |TAMS 0x00000000c4f00000, 0x00000000c4f00000| Untracked 
|  60|0x00000000c5000000, 0x00000000c5000000, 0x00000000c5100000|  0%| F|  |TAMS 0x00000000c5000000, 0x00000000c5000000| Untracked 
|  61|0x00000000c5100000, 0x00000000c5100000, 0x00000000c5200000|  0%| F|  |TAMS 0x00000000c5100000, 0x00000000c5100000| Untracked 
|  62|0x00000000c5200000, 0x00000000c5200000, 0x00000000c5300000|  0%| F|  |TAMS 0x00000000c5200000, 0x00000000c5200000| Untracked 
|  63|0x00000000c5300000, 0x00000000c5300000, 0x00000000c5400000|  0%| F|  |TAMS 0x00000000c5300000, 0x00000000c5300000| Untracked 
|  64|0x00000000c5400000, 0x00000000c5400000, 0x00000000c5500000|  0%| F|  |TAMS 0x00000000c5400000, 0x00000000c5400000| Untracked 
|  65|0x00000000c5500000, 0x00000000c5500000, 0x00000000c5600000|  0%| F|  |TAMS 0x00000000c5500000, 0x00000000c5500000| Untracked 
|  66|0x00000000c5600000, 0x00000000c5600000, 0x00000000c5700000|  0%| F|  |TAMS 0x00000000c5600000, 0x00000000c5600000| Untracked 
|  67|0x00000000c5700000, 0x00000000c5700000, 0x00000000c5800000|  0%| F|  |TAMS 0x00000000c5700000, 0x00000000c5700000| Untracked 
|  68|0x00000000c5800000, 0x00000000c5800000, 0x00000000c5900000|  0%| F|  |TAMS 0x00000000c5800000, 0x00000000c5800000| Untracked 
|  69|0x00000000c5900000, 0x00000000c5900000, 0x00000000c5a00000|  0%| F|  |TAMS 0x00000000c5900000, 0x00000000c5900000| Untracked 
|  70|0x00000000c5a00000, 0x00000000c5a00000, 0x00000000c5b00000|  0%| F|  |TAMS 0x00000000c5a00000, 0x00000000c5a00000| Untracked 
|  71|0x00000000c5b00000, 0x00000000c5b00000, 0x00000000c5c00000|  0%| F|  |TAMS 0x00000000c5b00000, 0x00000000c5b00000| Untracked 
|  72|0x00000000c5c00000, 0x00000000c5c00000, 0x00000000c5d00000|  0%| F|  |TAMS 0x00000000c5c00000, 0x00000000c5c00000| Untracked 
|  73|0x00000000c5d00000, 0x00000000c5d00000, 0x00000000c5e00000|  0%| F|  |TAMS 0x00000000c5d00000, 0x00000000c5d00000| Untracked 
|  74|0x00000000c5e00000, 0x00000000c5e00000, 0x00000000c5f00000|  0%| F|  |TAMS 0x00000000c5e00000, 0x00000000c5e00000| Untracked 
|  75|0x00000000c5f00000, 0x00000000c5f00000, 0x00000000c6000000|  0%| F|  |TAMS 0x00000000c5f00000, 0x00000000c5f00000| Untracked 
|  76|0x00000000c6000000, 0x00000000c6000000, 0x00000000c6100000|  0%| F|  |TAMS 0x00000000c6000000, 0x00000000c6000000| Untracked 
|  77|0x00000000c6100000, 0x00000000c6100000, 0x00000000c6200000|  0%| F|  |TAMS 0x00000000c6100000, 0x00000000c6100000| Untracked 
|  78|0x00000000c6200000, 0x00000000c6200000, 0x00000000c6300000|  0%| F|  |TAMS 0x00000000c6200000, 0x00000000c6200000| Untracked 
|  79|0x00000000c6300000, 0x00000000c6400000, 0x00000000c6400000|100%|HS|  |TAMS 0x00000000c6300000, 0x00000000c6400000| Complete 
|  80|0x00000000c6400000, 0x00000000c6500000, 0x00000000c6500000|100%|HC|  |TAMS 0x00000000c6400000, 0x00000000c6500000| Complete 
|  81|0x00000000c6500000, 0x00000000c6600000, 0x00000000c6600000|100%|HC|  |TAMS 0x00000000c6500000, 0x00000000c6600000| Complete 
|  82|0x00000000c6600000, 0x00000000c6700000, 0x00000000c6700000|100%|HS|  |TAMS 0x00000000c6600000, 0x00000000c6700000| Complete 
|  83|0x00000000c6700000, 0x00000000c6800000, 0x00000000c6800000|100%|HC|  |TAMS 0x00000000c6700000, 0x00000000c6800000| Complete 
|  84|0x00000000c6800000, 0x00000000c6900000, 0x00000000c6900000|100%|HC|  |TAMS 0x00000000c6800000, 0x00000000c6900000| Complete 
|  85|0x00000000c6900000, 0x00000000c6900000, 0x00000000c6a00000|  0%| F|  |TAMS 0x00000000c6900000, 0x00000000c6900000| Untracked 
|  86|0x00000000c6a00000, 0x00000000c6a00000, 0x00000000c6b00000|  0%| F|  |TAMS 0x00000000c6a00000, 0x00000000c6a00000| Untracked 
|  87|0x00000000c6b00000, 0x00000000c6b00000, 0x00000000c6c00000|  0%| F|  |TAMS 0x00000000c6b00000, 0x00000000c6b00000| Untracked 
|  88|0x00000000c6c00000, 0x00000000c6c00000, 0x00000000c6d00000|  0%| F|  |TAMS 0x00000000c6c00000, 0x00000000c6c00000| Untracked 
|  89|0x00000000c6d00000, 0x00000000c6d00000, 0x00000000c6e00000|  0%| F|  |TAMS 0x00000000c6d00000, 0x00000000c6d00000| Untracked 
|  90|0x00000000c6e00000, 0x00000000c6e00000, 0x00000000c6f00000|  0%| F|  |TAMS 0x00000000c6e00000, 0x00000000c6e00000| Untracked 
|  91|0x00000000c6f00000, 0x00000000c6f00000, 0x00000000c7000000|  0%| F|  |TAMS 0x00000000c6f00000, 0x00000000c6f00000| Untracked 
|  92|0x00000000c7000000, 0x00000000c7000000, 0x00000000c7100000|  0%| F|  |TAMS 0x00000000c7000000, 0x00000000c7000000| Untracked 
|  93|0x00000000c7100000, 0x00000000c7100000, 0x00000000c7200000|  0%| F|  |TAMS 0x00000000c7100000, 0x00000000c7100000| Untracked 
|  94|0x00000000c7200000, 0x00000000c7200000, 0x00000000c7300000|  0%| F|  |TAMS 0x00000000c7200000, 0x00000000c7200000| Untracked 
|  95|0x00000000c7300000, 0x00000000c7300000, 0x00000000c7400000|  0%| F|  |TAMS 0x00000000c7300000, 0x00000000c7300000| Untracked 
|  96|0x00000000c7400000, 0x00000000c7400000, 0x00000000c7500000|  0%| F|  |TAMS 0x00000000c7400000, 0x00000000c7400000| Untracked 
|  97|0x00000000c7500000, 0x00000000c7500000, 0x00000000c7600000|  0%| F|  |TAMS 0x00000000c7500000, 0x00000000c7500000| Untracked 
|  98|0x00000000c7600000, 0x00000000c7600000, 0x00000000c7700000|  0%| F|  |TAMS 0x00000000c7600000, 0x00000000c7600000| Untracked 
|  99|0x00000000c7700000, 0x00000000c7700000, 0x00000000c7800000|  0%| F|  |TAMS 0x00000000c7700000, 0x00000000c7700000| Untracked 
| 100|0x00000000c7800000, 0x00000000c7800000, 0x00000000c7900000|  0%| F|  |TAMS 0x00000000c7800000, 0x00000000c7800000| Untracked 
| 101|0x00000000c7900000, 0x00000000c7900000, 0x00000000c7a00000|  0%| F|  |TAMS 0x00000000c7900000, 0x00000000c7900000| Untracked 
| 102|0x00000000c7a00000, 0x00000000c7a00000, 0x00000000c7b00000|  0%| F|  |TAMS 0x00000000c7a00000, 0x00000000c7a00000| Untracked 
| 103|0x00000000c7b00000, 0x00000000c7b00000, 0x00000000c7c00000|  0%| F|  |TAMS 0x00000000c7b00000, 0x00000000c7b00000| Untracked 
| 104|0x00000000c7c00000, 0x00000000c7c00000, 0x00000000c7d00000|  0%| F|  |TAMS 0x00000000c7c00000, 0x00000000c7c00000| Untracked 
| 105|0x00000000c7d00000, 0x00000000c7d00000, 0x00000000c7e00000|  0%| F|  |TAMS 0x00000000c7d00000, 0x00000000c7d00000| Untracked 
| 106|0x00000000c7e00000, 0x00000000c7e00000, 0x00000000c7f00000|  0%| F|  |TAMS 0x00000000c7e00000, 0x00000000c7e00000| Untracked 
| 107|0x00000000c7f00000, 0x00000000c7f00000, 0x00000000c8000000|  0%| F|  |TAMS 0x00000000c7f00000, 0x00000000c7f00000| Untracked 
| 108|0x00000000c8000000, 0x00000000c8000000, 0x00000000c8100000|  0%| F|  |TAMS 0x00000000c8000000, 0x00000000c8000000| Untracked 
| 109|0x00000000c8100000, 0x00000000c8100000, 0x00000000c8200000|  0%| F|  |TAMS 0x00000000c8100000, 0x00000000c8100000| Untracked 
| 110|0x00000000c8200000, 0x00000000c8200000, 0x00000000c8300000|  0%| F|  |TAMS 0x00000000c8200000, 0x00000000c8200000| Untracked 
| 111|0x00000000c8300000, 0x00000000c8300000, 0x00000000c8400000|  0%| F|  |TAMS 0x00000000c8300000, 0x00000000c8300000| Untracked 
| 112|0x00000000c8400000, 0x00000000c8400000, 0x00000000c8500000|  0%| F|  |TAMS 0x00000000c8400000, 0x00000000c8400000| Untracked 
| 113|0x00000000c8500000, 0x00000000c8500000, 0x00000000c8600000|  0%| F|  |TAMS 0x00000000c8500000, 0x00000000c8500000| Untracked 
| 114|0x00000000c8600000, 0x00000000c8600000, 0x00000000c8700000|  0%| F|  |TAMS 0x00000000c8600000, 0x00000000c8600000| Untracked 
| 115|0x00000000c8700000, 0x00000000c8700000, 0x00000000c8800000|  0%| F|  |TAMS 0x00000000c8700000, 0x00000000c8700000| Untracked 
| 116|0x00000000c8800000, 0x00000000c8800000, 0x00000000c8900000|  0%| F|  |TAMS 0x00000000c8800000, 0x00000000c8800000| Untracked 
| 117|0x00000000c8900000, 0x00000000c8900000, 0x00000000c8a00000|  0%| F|  |TAMS 0x00000000c8900000, 0x00000000c8900000| Untracked 
| 118|0x00000000c8a00000, 0x00000000c8a00000, 0x00000000c8b00000|  0%| F|  |TAMS 0x00000000c8a00000, 0x00000000c8a00000| Untracked 
| 119|0x00000000c8b00000, 0x00000000c8b00000, 0x00000000c8c00000|  0%| F|  |TAMS 0x00000000c8b00000, 0x00000000c8b00000| Untracked 
| 120|0x00000000c8c00000, 0x00000000c8c00000, 0x00000000c8d00000|  0%| F|  |TAMS 0x00000000c8c00000, 0x00000000c8c00000| Untracked 
| 121|0x00000000c8d00000, 0x00000000c8d00000, 0x00000000c8e00000|  0%| F|  |TAMS 0x00000000c8d00000, 0x00000000c8d00000| Untracked 
| 122|0x00000000c8e00000, 0x00000000c8e00000, 0x00000000c8f00000|  0%| F|  |TAMS 0x00000000c8e00000, 0x00000000c8e00000| Untracked 
| 123|0x00000000c8f00000, 0x00000000c8f00000, 0x00000000c9000000|  0%| F|  |TAMS 0x00000000c8f00000, 0x00000000c8f00000| Untracked 
| 124|0x00000000c9000000, 0x00000000c9000000, 0x00000000c9100000|  0%| F|  |TAMS 0x00000000c9000000, 0x00000000c9000000| Untracked 
| 125|0x00000000c9100000, 0x00000000c9100000, 0x00000000c9200000|  0%| F|  |TAMS 0x00000000c9100000, 0x00000000c9100000| Untracked 
| 126|0x00000000c9200000, 0x00000000c9200000, 0x00000000c9300000|  0%| F|  |TAMS 0x00000000c9200000, 0x00000000c9200000| Untracked 
| 127|0x00000000c9300000, 0x00000000c9300000, 0x00000000c9400000|  0%| F|  |TAMS 0x00000000c9300000, 0x00000000c9300000| Untracked 
| 128|0x00000000c9400000, 0x00000000c9400000, 0x00000000c9500000|  0%| F|  |TAMS 0x00000000c9400000, 0x00000000c9400000| Untracked 
| 129|0x00000000c9500000, 0x00000000c9500000, 0x00000000c9600000|  0%| F|  |TAMS 0x00000000c9500000, 0x00000000c9500000| Untracked 
| 130|0x00000000c9600000, 0x00000000c9600000, 0x00000000c9700000|  0%| F|  |TAMS 0x00000000c9600000, 0x00000000c9600000| Untracked 
| 131|0x00000000c9700000, 0x00000000c9700000, 0x00000000c9800000|  0%| F|  |TAMS 0x00000000c9700000, 0x00000000c9700000| Untracked 
| 132|0x00000000c9800000, 0x00000000c9800000, 0x00000000c9900000|  0%| F|  |TAMS 0x00000000c9800000, 0x00000000c9800000| Untracked 
| 133|0x00000000c9900000, 0x00000000c9900000, 0x00000000c9a00000|  0%| F|  |TAMS 0x00000000c9900000, 0x00000000c9900000| Untracked 
| 134|0x00000000c9a00000, 0x00000000c9a00000, 0x00000000c9b00000|  0%| F|  |TAMS 0x00000000c9a00000, 0x00000000c9a00000| Untracked 
| 135|0x00000000c9b00000, 0x00000000c9b00000, 0x00000000c9c00000|  0%| F|  |TAMS 0x00000000c9b00000, 0x00000000c9b00000| Untracked 
| 136|0x00000000c9c00000, 0x00000000c9c00000, 0x00000000c9d00000|  0%| F|  |TAMS 0x00000000c9c00000, 0x00000000c9c00000| Untracked 
| 137|0x00000000c9d00000, 0x00000000c9d00000, 0x00000000c9e00000|  0%| F|  |TAMS 0x00000000c9d00000, 0x00000000c9d00000| Untracked 
| 138|0x00000000c9e00000, 0x00000000c9e00000, 0x00000000c9f00000|  0%| F|  |TAMS 0x00000000c9e00000, 0x00000000c9e00000| Untracked 
| 139|0x00000000c9f00000, 0x00000000c9f00000, 0x00000000ca000000|  0%| F|  |TAMS 0x00000000c9f00000, 0x00000000c9f00000| Untracked 
| 140|0x00000000ca000000, 0x00000000ca000000, 0x00000000ca100000|  0%| F|  |TAMS 0x00000000ca000000, 0x00000000ca000000| Untracked 
| 141|0x00000000ca100000, 0x00000000ca100000, 0x00000000ca200000|  0%| F|  |TAMS 0x00000000ca100000, 0x00000000ca100000| Untracked 
| 142|0x00000000ca200000, 0x00000000ca200000, 0x00000000ca300000|  0%| F|  |TAMS 0x00000000ca200000, 0x00000000ca200000| Untracked 
| 143|0x00000000ca300000, 0x00000000ca300000, 0x00000000ca400000|  0%| F|  |TAMS 0x00000000ca300000, 0x00000000ca300000| Untracked 
| 144|0x00000000ca400000, 0x00000000ca400000, 0x00000000ca500000|  0%| F|  |TAMS 0x00000000ca400000, 0x00000000ca400000| Untracked 
| 145|0x00000000ca500000, 0x00000000ca500000, 0x00000000ca600000|  0%| F|  |TAMS 0x00000000ca500000, 0x00000000ca500000| Untracked 
| 146|0x00000000ca600000, 0x00000000ca600000, 0x00000000ca700000|  0%| F|  |TAMS 0x00000000ca600000, 0x00000000ca600000| Untracked 
| 147|0x00000000ca700000, 0x00000000ca700000, 0x00000000ca800000|  0%| F|  |TAMS 0x00000000ca700000, 0x00000000ca700000| Untracked 
| 148|0x00000000ca800000, 0x00000000ca800000, 0x00000000ca900000|  0%| F|  |TAMS 0x00000000ca800000, 0x00000000ca800000| Untracked 
| 149|0x00000000ca900000, 0x00000000ca900000, 0x00000000caa00000|  0%| F|  |TAMS 0x00000000ca900000, 0x00000000ca900000| Untracked 
| 150|0x00000000caa00000, 0x00000000caa00000, 0x00000000cab00000|  0%| F|  |TAMS 0x00000000caa00000, 0x00000000caa00000| Untracked 
| 151|0x00000000cab00000, 0x00000000cab00000, 0x00000000cac00000|  0%| F|  |TAMS 0x00000000cab00000, 0x00000000cab00000| Untracked 
| 152|0x00000000cac00000, 0x00000000cac00000, 0x00000000cad00000|  0%| F|  |TAMS 0x00000000cac00000, 0x00000000cac00000| Untracked 
| 153|0x00000000cad00000, 0x00000000cad00000, 0x00000000cae00000|  0%| F|  |TAMS 0x00000000cad00000, 0x00000000cad00000| Untracked 
| 154|0x00000000cae00000, 0x00000000cae00000, 0x00000000caf00000|  0%| F|  |TAMS 0x00000000cae00000, 0x00000000cae00000| Untracked 
| 155|0x00000000caf00000, 0x00000000caf00000, 0x00000000cb000000|  0%| F|  |TAMS 0x00000000caf00000, 0x00000000caf00000| Untracked 
| 156|0x00000000cb000000, 0x00000000cb000000, 0x00000000cb100000|  0%| F|  |TAMS 0x00000000cb000000, 0x00000000cb000000| Untracked 
| 157|0x00000000cb100000, 0x00000000cb100000, 0x00000000cb200000|  0%| F|  |TAMS 0x00000000cb100000, 0x00000000cb100000| Untracked 
| 158|0x00000000cb200000, 0x00000000cb200000, 0x00000000cb300000|  0%| F|  |TAMS 0x00000000cb200000, 0x00000000cb200000| Untracked 
| 159|0x00000000cb300000, 0x00000000cb300000, 0x00000000cb400000|  0%| F|  |TAMS 0x00000000cb300000, 0x00000000cb300000| Untracked 
| 160|0x00000000cb400000, 0x00000000cb400000, 0x00000000cb500000|  0%| F|  |TAMS 0x00000000cb400000, 0x00000000cb400000| Untracked 
| 161|0x00000000cb500000, 0x00000000cb500000, 0x00000000cb600000|  0%| F|  |TAMS 0x00000000cb500000, 0x00000000cb500000| Untracked 
| 162|0x00000000cb600000, 0x00000000cb600000, 0x00000000cb700000|  0%| F|  |TAMS 0x00000000cb600000, 0x00000000cb600000| Untracked 
| 163|0x00000000cb700000, 0x00000000cb700000, 0x00000000cb800000|  0%| F|  |TAMS 0x00000000cb700000, 0x00000000cb700000| Untracked 
| 164|0x00000000cb800000, 0x00000000cb800000, 0x00000000cb900000|  0%| F|  |TAMS 0x00000000cb800000, 0x00000000cb800000| Untracked 
| 165|0x00000000cb900000, 0x00000000cb900000, 0x00000000cba00000|  0%| F|  |TAMS 0x00000000cb900000, 0x00000000cb900000| Untracked 
| 166|0x00000000cba00000, 0x00000000cba00000, 0x00000000cbb00000|  0%| F|  |TAMS 0x00000000cba00000, 0x00000000cba00000| Untracked 
| 167|0x00000000cbb00000, 0x00000000cbb00000, 0x00000000cbc00000|  0%| F|  |TAMS 0x00000000cbb00000, 0x00000000cbb00000| Untracked 
| 168|0x00000000cbc00000, 0x00000000cbc00000, 0x00000000cbd00000|  0%| F|  |TAMS 0x00000000cbc00000, 0x00000000cbc00000| Untracked 
| 169|0x00000000cbd00000, 0x00000000cbd00000, 0x00000000cbe00000|  0%| F|  |TAMS 0x00000000cbd00000, 0x00000000cbd00000| Untracked 
| 170|0x00000000cbe00000, 0x00000000cbe00000, 0x00000000cbf00000|  0%| F|  |TAMS 0x00000000cbe00000, 0x00000000cbe00000| Untracked 
| 171|0x00000000cbf00000, 0x00000000cbf00000, 0x00000000cc000000|  0%| F|  |TAMS 0x00000000cbf00000, 0x00000000cbf00000| Untracked 
| 172|0x00000000cc000000, 0x00000000cc000000, 0x00000000cc100000|  0%| F|  |TAMS 0x00000000cc000000, 0x00000000cc000000| Untracked 
| 173|0x00000000cc100000, 0x00000000cc100000, 0x00000000cc200000|  0%| F|  |TAMS 0x00000000cc100000, 0x00000000cc100000| Untracked 
| 174|0x00000000cc200000, 0x00000000cc200000, 0x00000000cc300000|  0%| F|  |TAMS 0x00000000cc200000, 0x00000000cc200000| Untracked 
| 175|0x00000000cc300000, 0x00000000cc380800, 0x00000000cc400000| 50%| E|  |TAMS 0x00000000cc300000, 0x00000000cc300000| Complete 
| 176|0x00000000cc400000, 0x00000000cc500000, 0x00000000cc500000|100%| E|CS|TAMS 0x00000000cc400000, 0x00000000cc400000| Complete 
| 177|0x00000000cc500000, 0x00000000cc600000, 0x00000000cc600000|100%| E|CS|TAMS 0x00000000cc500000, 0x00000000cc500000| Complete 
| 178|0x00000000cc600000, 0x00000000cc700000, 0x00000000cc700000|100%| E|CS|TAMS 0x00000000cc600000, 0x00000000cc600000| Complete 
| 179|0x00000000cc700000, 0x00000000cc800000, 0x00000000cc800000|100%| E|CS|TAMS 0x00000000cc700000, 0x00000000cc700000| Complete 
| 180|0x00000000cc800000, 0x00000000cc900000, 0x00000000cc900000|100%| E|CS|TAMS 0x00000000cc800000, 0x00000000cc800000| Complete 
| 181|0x00000000cc900000, 0x00000000cca00000, 0x00000000cca00000|100%| E|CS|TAMS 0x00000000cc900000, 0x00000000cc900000| Complete 
| 182|0x00000000cca00000, 0x00000000ccb00000, 0x00000000ccb00000|100%| E|CS|TAMS 0x00000000cca00000, 0x00000000cca00000| Complete 
| 183|0x00000000ccb00000, 0x00000000ccc00000, 0x00000000ccc00000|100%| E|CS|TAMS 0x00000000ccb00000, 0x00000000ccb00000| Complete 
| 184|0x00000000ccc00000, 0x00000000ccd00000, 0x00000000ccd00000|100%| E|CS|TAMS 0x00000000ccc00000, 0x00000000ccc00000| Complete 
| 185|0x00000000ccd00000, 0x00000000cce00000, 0x00000000cce00000|100%| E|CS|TAMS 0x00000000ccd00000, 0x00000000ccd00000| Complete 
| 186|0x00000000cce00000, 0x00000000ccf00000, 0x00000000ccf00000|100%| E|CS|TAMS 0x00000000cce00000, 0x00000000cce00000| Complete 
| 187|0x00000000ccf00000, 0x00000000cd000000, 0x00000000cd000000|100%| E|CS|TAMS 0x00000000ccf00000, 0x00000000ccf00000| Complete 
| 188|0x00000000cd000000, 0x00000000cd100000, 0x00000000cd100000|100%| E|CS|TAMS 0x00000000cd000000, 0x00000000cd000000| Complete 
| 189|0x00000000cd100000, 0x00000000cd104680, 0x00000000cd200000|  1%| S|CS|TAMS 0x00000000cd100000, 0x00000000cd100000| Complete 
| 190|0x00000000cd200000, 0x00000000cd300000, 0x00000000cd300000|100%| E|CS|TAMS 0x00000000cd200000, 0x00000000cd200000| Complete 
| 191|0x00000000cd300000, 0x00000000cd400000, 0x00000000cd400000|100%| E|CS|TAMS 0x00000000cd300000, 0x00000000cd300000| Complete 
| 192|0x00000000cd400000, 0x00000000cd500000, 0x00000000cd500000|100%| E|CS|TAMS 0x00000000cd400000, 0x00000000cd400000| Complete 

Card table byte_map: [0x000002932bb40000,0x000002932bd40000] _byte_map_base: 0x000002932b536000

Marking Bits (Prev, Next): (CMBitMap*) 0x00000293151e6490, (CMBitMap*) 0x00000293151e64d0
 Prev Bits: [0x000002932bf40000, 0x000002932cef0000)
 Next Bits: [0x000002932cef0000, 0x000002932dea0000)

Polling page: 0x0000029313140000

Metaspace:

Usage:
  Non-class:     10.73 MB used.
      Class:      1.28 MB used.
       Both:     12.01 MB used.

Virtual space:
  Non-class space:       16.00 MB reserved,      10.81 MB ( 68%) committed,  2 nodes.
      Class space:        1.00 GB reserved,       1.44 MB ( <1%) committed,  1 nodes.
              Both:        1.02 GB reserved,      12.25 MB (  1%) committed. 

Chunk freelists:
   Non-Class:  256.00 KB
       Class:  2.55 MB
        Both:  2.80 MB

MaxMetaspaceSize: 17179869184.00 GB
CompressedClassSpaceSize: 1.00 GB
 - commit_granule_bytes: 65536.
 - commit_granule_words: 8192.
 - virtual_space_node_default_size: 1048576.
 - enlarge_chunks_in_place: 1.
 - new_chunks_are_fully_committed: 0.
 - uncommit_free_chunks: 1.
 - use_allocation_guard: 0.
 - handle_deallocations: 1.


Internal statistics:

num_allocs_failed_limit: 0.
num_arena_births: 140.
num_arena_deaths: 0.
num_vsnodes_births: 3.
num_vsnodes_deaths: 0.
num_space_committed: 196.
num_space_uncommitted: 0.
num_chunks_returned_to_freelist: 0.
num_chunks_taken_from_freelist: 285.
num_chunk_merges: 0.
num_chunk_splits: 172.
num_chunks_enlarged: 101.
num_purges: 0.

CodeHeap 'non-profiled nmethods': size=120000Kb used=590Kb max_used=590Kb free=119409Kb
 bounds [0x0000029324410000, 0x0000029324680000, 0x000002932b940000]
CodeHeap 'profiled nmethods': size=120000Kb used=3795Kb max_used=3795Kb free=116204Kb
 bounds [0x000002931cee0000, 0x000002931d2a0000, 0x0000029324410000]
CodeHeap 'non-nmethods': size=5760Kb used=1328Kb max_used=1359Kb free=4431Kb
 bounds [0x000002931c940000, 0x000002931cbb0000, 0x000002931cee0000]
 total_blobs=2569 nmethods=1906 adapters=575
 compilation: enabled
              stopped_count=0, restarted_count=0
 full_count=0

Compilation events (20 events):
Event: 5109.762 Thread 0x00000293302d9cf0 nmethod 1898 0x000002931d294790 code [0x000002931d294940, 0x000002931d294b98]
Event: 6118.557 Thread 0x00000293302d72d0 1900       4       java.lang.String::replace (42 bytes)
Event: 6118.799 Thread 0x00000293302d72d0 nmethod 1900 0x0000029324498510 code [0x00000293244986c0, 0x0000029324498cb8]
Event: 17488.980 Thread 0x00000293302d72d0 1901       4       java.lang.AbstractStringBuilder::<init> (39 bytes)
Event: 17489.048 Thread 0x00000293302d72d0 nmethod 1901 0x0000029324499010 code [0x00000293244991a0, 0x0000029324499398]
Event: 18335.911 Thread 0x00000293302d72d0 1902  s!   4       jdk.internal.loader.URLClassPath::getLoader (194 bytes)
Event: 18336.916 Thread 0x00000293302d72d0 nmethod 1902 0x0000029324499490 code [0x0000029324499620, 0x00000293244998f8]
Event: 18706.635 Thread 0x00000293302d72d0 1903       4       jdk.internal.module.Resources::toPackageName (39 bytes)
Event: 18706.787 Thread 0x00000293302d72d0 nmethod 1903 0x0000029324499b10 code [0x0000029324499ca0, 0x0000029324499ed8]
Event: 18741.883 Thread 0x00000293302d72d0 1905   !   4       jdk.internal.loader.BuiltinClassLoader::findResource (154 bytes)
Event: 18743.971 Thread 0x00000293302d72d0 nmethod 1905 0x000002932449a090 code [0x000002932449a500, 0x000002932449ebc8]
Event: 19403.143 Thread 0x00000293302d72d0 1906       4       java.lang.ref.ReferenceQueue::reallyPoll (65 bytes)
Event: 19403.220 Thread 0x00000293302d72d0 nmethod 1906 0x00000293244a1e90 code [0x00000293244a2020, 0x00000293244a2378]
Event: 20194.541 Thread 0x00000293302d72d0 1907       4       java.lang.StringLatin1::newString (24 bytes)
Event: 20194.599 Thread 0x00000293302d72d0 nmethod 1907 0x00000293244a2410 code [0x00000293244a25a0, 0x00000293244a2938]
Event: 22941.690 Thread 0x00000293302d72d0 1912       4       sun.net.util.IPAddressUtil::scan (92 bytes)
Event: 22942.035 Thread 0x00000293302d72d0 nmethod 1912 0x00000293244a2b10 code [0x00000293244a2ca0, 0x00000293244a2d58]
Event: 22961.978 Thread 0x00000293302d72d0 1914   !   4       java.net.URL::set (114 bytes)
Event: 22962.878 Thread 0x00000293302d72d0 nmethod 1914 0x00000293244a2e90 code [0x00000293244a3020, 0x00000293244a38d8]
Event: 23173.292 Thread 0x00000293302d72d0 1916       4       java.net.URLStreamHandler::parseURL (1201 bytes)

GC Heap History (20 events):
Event: 9.550 GC heap before
{Heap before GC invocations=20 (full 0):
 garbage-first heap   total 84992K, used 42639K [0x00000000c1400000, 0x0000000100000000)
  region size 1024K, 2 young (2048K), 1 survivors (1024K)
 Metaspace       used 6918K, committed 7104K, reserved 1056768K
  class space    used 706K, committed 832K, reserved 1048576K
}
Event: 9.553 GC heap after
{Heap after GC invocations=21 (full 0):
 garbage-first heap   total 84992K, used 41617K [0x00000000c1400000, 0x0000000100000000)
  region size 1024K, 1 young (1024K), 1 survivors (1024K)
 Metaspace       used 6918K, committed 7104K, reserved 1056768K
  class space    used 706K, committed 832K, reserved 1048576K
}
Event: 9.607 GC heap before
{Heap before GC invocations=22 (full 0):
 garbage-first heap   total 84992K, used 43665K [0x00000000c1400000, 0x0000000100000000)
  region size 1024K, 2 young (2048K), 1 survivors (1024K)
 Metaspace       used 6929K, committed 7104K, reserved 1056768K
  class space    used 706K, committed 832K, reserved 1048576K
}
Event: 9.611 GC heap after
{Heap after GC invocations=23 (full 0):
 garbage-first heap   total 102400K, used 41618K [0x00000000c1400000, 0x0000000100000000)
  region size 1024K, 1 young (1024K), 1 survivors (1024K)
 Metaspace       used 6929K, committed 7104K, reserved 1056768K
  class space    used 706K, committed 832K, reserved 1048576K
}
Event: 9.704 GC heap before
{Heap before GC invocations=23 (full 0):
 garbage-first heap   total 102400K, used 46738K [0x00000000c1400000, 0x0000000100000000)
  region size 1024K, 3 young (3072K), 1 survivors (1024K)
 Metaspace       used 6938K, committed 7104K, reserved 1056768K
  class space    used 706K, committed 832K, reserved 1048576K
}
Event: 9.708 GC heap after
{Heap after GC invocations=24 (full 0):
 garbage-first heap   total 102400K, used 43651K [0x00000000c1400000, 0x0000000100000000)
  region size 1024K, 1 young (1024K), 1 survivors (1024K)
 Metaspace       used 6938K, committed 7104K, reserved 1056768K
  class space    used 706K, committed 832K, reserved 1048576K
}
Event: 9.761 GC heap before
{Heap before GC invocations=24 (full 0):
 garbage-first heap   total 102400K, used 45699K [0x00000000c1400000, 0x0000000100000000)
  region size 1024K, 2 young (2048K), 1 survivors (1024K)
 Metaspace       used 6943K, committed 7104K, reserved 1056768K
  class space    used 706K, committed 832K, reserved 1048576K
}
Event: 9.766 GC heap after
{Heap after GC invocations=25 (full 0):
 garbage-first heap   total 102400K, used 41619K [0x00000000c1400000, 0x0000000100000000)
  region size 1024K, 1 young (1024K), 1 survivors (1024K)
 Metaspace       used 6943K, committed 7104K, reserved 1056768K
  class space    used 706K, committed 832K, reserved 1048576K
}
Event: 9.868 GC heap before
{Heap before GC invocations=25 (full 0):
 garbage-first heap   total 102400K, used 46739K [0x00000000c1400000, 0x0000000100000000)
  region size 1024K, 3 young (3072K), 1 survivors (1024K)
 Metaspace       used 6949K, committed 7168K, reserved 1056768K
  class space    used 706K, committed 832K, reserved 1048576K
}
Event: 9.874 GC heap after
{Heap after GC invocations=26 (full 0):
 garbage-first heap   total 102400K, used 43670K [0x00000000c1400000, 0x0000000100000000)
  region size 1024K, 1 young (1024K), 1 survivors (1024K)
 Metaspace       used 6949K, committed 7168K, reserved 1056768K
  class space    used 706K, committed 832K, reserved 1048576K
}
Event: 9.916 GC heap before
{Heap before GC invocations=26 (full 0):
 garbage-first heap   total 102400K, used 45718K [0x00000000c1400000, 0x0000000100000000)
  region size 1024K, 2 young (2048K), 1 survivors (1024K)
 Metaspace       used 6950K, committed 7168K, reserved 1056768K
  class space    used 706K, committed 832K, reserved 1048576K
}
Event: 9.924 GC heap after
{Heap after GC invocations=27 (full 0):
 garbage-first heap   total 197632K, used 41638K [0x00000000c1400000, 0x0000000100000000)
  region size 1024K, 1 young (1024K), 1 survivors (1024K)
 Metaspace       used 6950K, committed 7168K, reserved 1056768K
  class space    used 706K, committed 832K, reserved 1048576K
}
Event: 10.638 GC heap before
{Heap before GC invocations=27 (full 0):
 garbage-first heap   total 197632K, used 89766K [0x00000000c1400000, 0x0000000100000000)
  region size 1024K, 3 young (3072K), 1 survivors (1024K)
 Metaspace       used 7103K, committed 7296K, reserved 1056768K
  class space    used 708K, committed 832K, reserved 1048576K
}
Event: 10.643 GC heap after
{Heap after GC invocations=28 (full 0):
 garbage-first heap   total 197632K, used 86694K [0x00000000c1400000, 0x0000000100000000)
  region size 1024K, 1 young (1024K), 1 survivors (1024K)
 Metaspace       used 7103K, committed 7296K, reserved 1056768K
  class space    used 708K, committed 832K, reserved 1048576K
}
Event: 10.673 GC heap before
{Heap before GC invocations=28 (full 0):
 garbage-first heap   total 197632K, used 89766K [0x00000000c1400000, 0x0000000100000000)
  region size 1024K, 3 young (3072K), 1 survivors (1024K)
 Metaspace       used 7106K, committed 7296K, reserved 1056768K
  class space    used 708K, committed 832K, reserved 1048576K
}
Event: 10.678 GC heap after
{Heap after GC invocations=29 (full 0):
 garbage-first heap   total 197632K, used 42661K [0x00000000c1400000, 0x0000000100000000)
  region size 1024K, 1 young (1024K), 1 survivors (1024K)
 Metaspace       used 7106K, committed 7296K, reserved 1056768K
  class space    used 708K, committed 832K, reserved 1048576K
}
Event: 11.384 GC heap before
{Heap before GC invocations=29 (full 0):
 garbage-first heap   total 197632K, used 88741K [0x00000000c1400000, 0x0000000100000000)
  region size 1024K, 3 young (3072K), 1 survivors (1024K)
 Metaspace       used 7155K, committed 7360K, reserved 1056768K
  class space    used 708K, committed 832K, reserved 1048576K
}
Event: 11.389 GC heap after
{Heap after GC invocations=30 (full 0):
 garbage-first heap   total 197632K, used 85692K [0x00000000c1400000, 0x0000000100000000)
  region size 1024K, 1 young (1024K), 1 survivors (1024K)
 Metaspace       used 7155K, committed 7360K, reserved 1056768K
  class space    used 708K, committed 832K, reserved 1048576K
}
Event: 11.446 GC heap before
{Heap before GC invocations=30 (full 0):
 garbage-first heap   total 197632K, used 89788K [0x00000000c1400000, 0x0000000100000000)
  region size 1024K, 3 young (3072K), 1 survivors (1024K)
 Metaspace       used 7183K, committed 7360K, reserved 1056768K
  class space    used 708K, committed 832K, reserved 1048576K
}
Event: 11.449 GC heap after
{Heap after GC invocations=31 (full 0):
 garbage-first heap   total 197632K, used 44710K [0x00000000c1400000, 0x0000000100000000)
  region size 1024K, 1 young (1024K), 1 survivors (1024K)
 Metaspace       used 7183K, committed 7360K, reserved 1056768K
  class space    used 708K, committed 832K, reserved 1048576K
}

Deoptimization events (20 events):
Event: 16.138 Thread 0x0000029330e4a660 DEOPT PACKING pc=0x000002932442ef24 sp=0x000000b1106fdd00
Event: 16.138 Thread 0x0000029330e4a660 DEOPT UNPACKING pc=0x000002931c98d728 sp=0x000000b1106fdca8 mode 2
Event: 16.138 Thread 0x0000029330e4a660 Uncommon trap: trap_request=0xffffffde fr.pc=0x000002932442ef24 relative=0x0000000000000184
Event: 16.138 Thread 0x0000029330e4a660 Uncommon trap: reason=class_check action=maybe_recompile pc=0x000002932442ef24 method=java.lang.String.equals(Ljava/lang/Object;)Z @ 8 c2
Event: 16.138 Thread 0x0000029330e4a660 DEOPT PACKING pc=0x000002932442ef24 sp=0x000000b1106fdd00
Event: 16.138 Thread 0x0000029330e4a660 DEOPT UNPACKING pc=0x000002931c98d728 sp=0x000000b1106fdca8 mode 2
Event: 22.896 Thread 0x0000029330e4a660 Uncommon trap: trap_request=0xffffff45 fr.pc=0x0000029324482b2c relative=0x0000000000000e0c
Event: 22.896 Thread 0x0000029330e4a660 Uncommon trap: reason=unstable_if action=reinterpret pc=0x0000029324482b2c method=java.util.concurrent.ConcurrentHashMap.putVal(Ljava/lang/Object;Ljava/lang/Object;Z)Ljava/lang/Object; @ 148 c2
Event: 22.896 Thread 0x0000029330e4a660 DEOPT PACKING pc=0x0000029324482b2c sp=0x000000b1106fd660
Event: 22.897 Thread 0x0000029330e4a660 DEOPT UNPACKING pc=0x000002931c98d728 sp=0x000000b1106fd5e0 mode 2
Event: 22.980 Thread 0x0000029330e4a660 Uncommon trap: trap_request=0xffffff45 fr.pc=0x000002932443ec48 relative=0x0000000000000bc8
Event: 22.980 Thread 0x0000029330e4a660 Uncommon trap: reason=unstable_if action=reinterpret pc=0x000002932443ec48 method=java.io.BufferedInputStream.read1([BII)I @ 22 c2
Event: 22.980 Thread 0x0000029330e4a660 DEOPT PACKING pc=0x000002932443ec48 sp=0x000000b1106fba50
Event: 22.980 Thread 0x0000029330e4a660 DEOPT UNPACKING pc=0x000002931c98d728 sp=0x000000b1106fb9c8 mode 2
Event: 22.994 Thread 0x0000029330e4a660 Uncommon trap: trap_request=0xffffff45 fr.pc=0x000002932443d8fc relative=0x000000000000053c
Event: 22.994 Thread 0x0000029330e4a660 Uncommon trap: reason=unstable_if action=reinterpret pc=0x000002932443d8fc method=java.io.BufferedInputStream.read1([BII)I @ 22 c2
Event: 22.994 Thread 0x0000029330e4a660 DEOPT PACKING pc=0x000002932443d8fc sp=0x000000b1106fb9e0
Event: 22.994 Thread 0x0000029330e4a660 DEOPT UNPACKING pc=0x000002931c98d728 sp=0x000000b1106fb9c8 mode 2
Event: 1379.560 Thread 0x0000029330f0ea60 DEOPT PACKING pc=0x000002931d1c3e65 sp=0x000000b10fffe2e0
Event: 1379.560 Thread 0x0000029330f0ea60 DEOPT UNPACKING pc=0x000002931c98deaf sp=0x000000b10fffd730 mode 0

Classes unloaded (0 events):
No events

Classes redefined (0 events):
No events

Internal exceptions (20 events):
Event: 1.608 Thread 0x00000293151bbc90 Exception <a 'java/io/FileNotFoundException'{0x00000000c52f6cc8}> (0x00000000c52f6cc8) 
thrown [t:\workspace\open\src\hotspot\share\prims\jni.cpp, line 579]
Event: 1.610 Thread 0x00000293151bbc90 Exception <a 'java/lang/NoSuchMethodError'{0x00000000c52f7ec0}: 'java.lang.Object java.lang.invoke.DirectMethodHandle$Holder.invokeStatic(java.lang.Object)'> (0x00000000c52f7ec0) 
thrown [t:\workspace\open\src\hotspot\share\interpreter\linkResolver.cpp, line 790]
Event: 2.040 Thread 0x00000293151bbc90 Exception <a 'java/lang/NoSuchMethodError'{0x00000000c514dd30}: 'java.lang.Object java.lang.invoke.DirectMethodHandle$Holder.invokeStaticInit(java.lang.Object)'> (0x00000000c514dd30) 
thrown [t:\workspace\open\src\hotspot\share\interpreter\linkResolver.cpp, line 790]
Event: 2.372 Thread 0x00000293151bbc90 Exception <a 'java/lang/NoSuchMethodError'{0x00000000c5001c98}: 'java.lang.Object java.lang.invoke.DirectMethodHandle$Holder.newInvokeSpecial(java.lang.Object, java.lang.Object, java.lang.Object, java.lang.Object, java.lang.Object)'> (0x00000000c5001c98) 
thrown [t:\workspace\open\src\hotspot\share\interpreter\linkResolver.cpp, line 790]
Event: 2.408 Thread 0x00000293151bbc90 Exception <a 'java/lang/NoSuchMethodError'{0x00000000c500d780}: 'java.lang.Object java.lang.invoke.DirectMethodHandle$Holder.invokeStatic(java.lang.Object, int, java.lang.Object, java.lang.Object, java.lang.Object, java.lang.Object)'> (0x00000000c500d780) 
thrown [t:\workspace\open\src\hotspot\share\interpreter\linkResolver.cpp, line 790]
Event: 2.468 Thread 0x00000293151bbc90 Exception <a 'java/lang/NoSuchMethodError'{0x00000000c5033848}: 'java.lang.Object java.lang.invoke.DirectMethodHandle$Holder.invokeStatic(java.lang.Object, int, java.lang.Object)'> (0x00000000c5033848) 
thrown [t:\workspace\open\src\hotspot\share\interpreter\linkResolver.cpp, line 790]
Event: 3.179 Thread 0x00000293151bbc90 Exception <a 'java/lang/ClassNotFoundException'{0x00000000c50ebf50}: com/sun/swing/internal/plaf/metal/resources/spi/metalProvider> (0x00000000c50ebf50) 
thrown [t:\workspace\open\src\hotspot\share\classfile\systemDictionary.cpp, line 256]
Event: 3.187 Thread 0x00000293151bbc90 Exception <a 'java/lang/ClassNotFoundException'{0x00000000c50effe8}: com/sun/swing/internal/plaf/basic/resources/spi/basicProvider> (0x00000000c50effe8) 
thrown [t:\workspace\open\src\hotspot\share\classfile\systemDictionary.cpp, line 256]
Event: 3.621 Thread 0x0000029330f77ae0 Exception <a 'java/lang/NoSuchMethodError'{0x00000000c4ebd7c8}: 'java.lang.Object java.lang.invoke.DirectMethodHandle$Holder.newInvokeSpecial(java.lang.Object, java.lang.Object, java.lang.Object, int, int, int, int, int)'> (0x00000000c4ebd7c8) 
thrown [t:\workspace\open\src\hotspot\share\interpreter\linkResolver.cpp, line 790]
Event: 5.975 Thread 0x0000029330f4c010 Exception <a 'java/lang/NoSuchMethodError'{0x00000000c5436d90}: 'void java.lang.invoke.DirectMethodHandle$Holder.invokeVirtual(java.lang.Object, java.lang.Object)'> (0x00000000c5436d90) 
thrown [t:\workspace\open\src\hotspot\share\interpreter\linkResolver.cpp, line 790]
Event: 6.333 Thread 0x00000293151bbc90 Exception <a 'java/lang/NoSuchMethodError'{0x00000000c54234b8}: 'void java.lang.invoke.DirectMethodHandle$Holder.invokeStaticInit(java.lang.Object)'> (0x00000000c54234b8) 
thrown [t:\workspace\open\src\hotspot\share\interpreter\linkResolver.cpp, line 790]
Event: 7.798 Thread 0x0000029330e4a660 Exception <a 'sun/java2d/InvalidPipeException'{0x00000000c54dac40}: bounds changed> (0x00000000c54dac40) 
thrown [t:\workspace\open\src\hotspot\share\prims\jni.cpp, line 600]
Event: 7.806 Thread 0x0000029330e4a660 Exception <a 'sun/java2d/InvalidPipeException'{0x00000000c54db270}: bounds changed> (0x00000000c54db270) 
thrown [t:\workspace\open\src\hotspot\share\prims\jni.cpp, line 600]
Event: 13.623 Thread 0x0000029330f0d840 Implicit null exception at 0x000002932443bf0d to 0x000002932443c5e5
Event: 22.237 Thread 0x0000029330e4a660 Exception <a 'java/lang/NoSuchMethodError'{0x00000000ccdf4420}: 'java.lang.Object java.lang.invoke.DirectMethodHandle$Holder.invokeInterface(java.lang.Object, java.lang.Object)'> (0x00000000ccdf4420) 
thrown [t:\workspace\open\src\hotspot\share\interpreter\linkResolver.cpp, line 790]
Event: 22.444 Thread 0x0000029330e4a660 Exception <a 'java/lang/NoSuchMethodError'{0x00000000ccc82df8}: 'void java.lang.invoke.DirectMethodHandle$Holder.invokeStatic(java.lang.Object, java.lang.Object, java.lang.Object)'> (0x00000000ccc82df8) 
thrown [t:\workspace\open\src\hotspot\share\interpreter\linkResolver.cpp, line 790]
Event: 22.451 Thread 0x0000029330e4a660 Exception <a 'java/lang/NoSuchMethodError'{0x00000000ccc8d7d0}: 'java.lang.Object java.lang.invoke.DirectMethodHandle$Holder.invokeVirtual(java.lang.Object, java.lang.Object, java.lang.Object)'> (0x00000000ccc8d7d0) 
thrown [t:\workspace\open\src\hotspot\share\interpreter\linkResolver.cpp, line 790]
Event: 23.030 Thread 0x0000029330e4a660 Exception <a 'java/lang/NoSuchMethodError'{0x00000000cc9b7940}: 'void java.lang.invoke.DirectMethodHandle$Holder.invokeStatic(java.lang.Object, java.lang.Object)'> (0x00000000cc9b7940) 
thrown [t:\workspace\open\src\hotspot\share\interpreter\linkResolver.cpp, line 790]
Event: 23.579 Thread 0x0000029330e4a660 Exception <a 'java/lang/NoSuchMethodError'{0x00000000cc69f0c0}: 'void java.lang.invoke.DirectMethodHandle$Holder.invokeStaticInit(java.lang.Object, java.lang.Object)'> (0x00000000cc69f0c0) 
thrown [t:\workspace\open\src\hotspot\share\interpreter\linkResolver.cpp, line 790]
Event: 23.634 Thread 0x0000029330e4a660 Exception <a 'java/lang/NullPointerException'{0x00000000cc6d7ae8}> (0x00000000cc6d7ae8) 
thrown [t:\workspace\open\src\hotspot\share\interpreter\linkResolver.cpp, line 1468]

Events (20 events):
Event: 24.894 Executing  VM operation: Cleanup
Event: 24.894 Executing  VM operation: Cleanup done
Event: 37.972 Executing  VM operation: Cleanup
Event: 37.972 Executing  VM operation: Cleanup done
Event: 38.976 Executing  VM operation: Cleanup
Event: 38.976 Executing  VM operation: Cleanup done
Event: 39.130 loading class java/awt/LightweightDispatcher$2
Event: 39.130 loading class java/awt/LightweightDispatcher$2 done
Event: 39.988 Executing  VM operation: Cleanup
Event: 39.988 Executing  VM operation: Cleanup done
Event: 568.172 Executing  VM operation: Cleanup
Event: 568.174 Executing  VM operation: Cleanup done
Event: 633.539 Executing  VM operation: Cleanup
Event: 633.540 Executing  VM operation: Cleanup done
Event: 1059.900 Executing  VM operation: Cleanup
Event: 1059.901 Executing  VM operation: Cleanup done
Event: 7062.744 loading class java/awt/desktop/SystemSleepListener
Event: 7065.812 loading class java/awt/desktop/SystemEventListener
Event: 7065.926 loading class java/awt/desktop/SystemEventListener done
Event: 7066.043 loading class java/awt/desktop/SystemSleepListener done


Dynamic libraries:
0x00007ff7e15e0000 - 0x00007ff7e15f0000 	C:\Program Files\Java\jdk-16.0.1\bin\java.exe
0x00007ff8dba90000 - 0x00007ff8dbc85000 	C:\WINDOWS\SYSTEM32\ntdll.dll
0x00007ff8da390000 - 0x00007ff8da44d000 	C:\WINDOWS\System32\KERNEL32.DLL
0x00007ff8d9630000 - 0x00007ff8d98f8000 	C:\WINDOWS\System32\KERNELBASE.dll
0x00007ff8d9900000 - 0x00007ff8d9a00000 	C:\WINDOWS\System32\ucrtbase.dll
0x00007ff8d4d30000 - 0x00007ff8d4d48000 	C:\Program Files\Java\jdk-16.0.1\bin\jli.dll
0x00007ff8bf5f0000 - 0x00007ff8bf609000 	C:\Program Files\Java\jdk-16.0.1\bin\VCRUNTIME140.dll
0x00007ff8da2e0000 - 0x00007ff8da38c000 	C:\WINDOWS\System32\ADVAPI32.dll
0x00007ff8d9d90000 - 0x00007ff8d9e2e000 	C:\WINDOWS\System32\msvcrt.dll
0x00007ff8db4d0000 - 0x00007ff8db56b000 	C:\WINDOWS\System32\sechost.dll
0x00007ff8daa20000 - 0x00007ff8dab4b000 	C:\WINDOWS\System32\RPCRT4.dll
0x00007ff8dab50000 - 0x00007ff8dacf0000 	C:\WINDOWS\System32\USER32.dll
0x00007ff8d94f0000 - 0x00007ff8d9512000 	C:\WINDOWS\System32\win32u.dll
0x00007ff8da4b0000 - 0x00007ff8da4da000 	C:\WINDOWS\System32\GDI32.dll
0x00007ff8d9520000 - 0x00007ff8d962b000 	C:\WINDOWS\System32\gdi32full.dll
0x00007ff8c4fe0000 - 0x00007ff8c527a000 	C:\WINDOWS\WinSxS\amd64_microsoft.windows.common-controls_6595b64144ccf1df_6.0.19041.844_none_ca00b6081b84eb1d\COMCTL32.dll
0x00007ff8d9a60000 - 0x00007ff8d9afd000 	C:\WINDOWS\System32\msvcp_win.dll
0x00007ff8c6ce0000 - 0x00007ff8c6cea000 	C:\WINDOWS\SYSTEM32\VERSION.dll
0x00007ff8da9f0000 - 0x00007ff8daa20000 	C:\WINDOWS\System32\IMM32.DLL
0x00007ff8c8cb0000 - 0x00007ff8c8cbc000 	C:\Program Files\Java\jdk-16.0.1\bin\vcruntime140_1.dll
0x00007ff886620000 - 0x00007ff8866b1000 	C:\Program Files\Java\jdk-16.0.1\bin\msvcp140.dll
0x00007ff8840a0000 - 0x00007ff884c4b000 	C:\Program Files\Java\jdk-16.0.1\bin\server\jvm.dll
0x00007ff8db4c0000 - 0x00007ff8db4c8000 	C:\WINDOWS\System32\PSAPI.DLL
0x00007ff8ca490000 - 0x00007ff8ca499000 	C:\WINDOWS\SYSTEM32\WSOCK32.dll
0x00007ff8db570000 - 0x00007ff8db5db000 	C:\WINDOWS\System32\WS2_32.dll
0x00007ff8cc820000 - 0x00007ff8cc847000 	C:\WINDOWS\SYSTEM32\WINMM.dll
0x00007ff8d7210000 - 0x00007ff8d7222000 	C:\WINDOWS\SYSTEM32\kernel.appcore.dll
0x00007ff8c8a70000 - 0x00007ff8c8a7a000 	C:\Program Files\Java\jdk-16.0.1\bin\jimage.dll
0x00007ff8c5390000 - 0x00007ff8c5574000 	C:\WINDOWS\SYSTEM32\DBGHELP.DLL
0x00007ff8c5360000 - 0x00007ff8c538c000 	C:\WINDOWS\SYSTEM32\dbgcore.DLL
0x00007ff8d9470000 - 0x00007ff8d94f0000 	C:\WINDOWS\System32\bcryptPrimitives.dll
0x00007ff8af730000 - 0x00007ff8af755000 	C:\Program Files\Java\jdk-16.0.1\bin\java.dll
0x00007ff8dad70000 - 0x00007ff8db4b2000 	C:\WINDOWS\System32\SHELL32.dll
0x00007ff8d7410000 - 0x00007ff8d7ba0000 	C:\WINDOWS\SYSTEM32\windows.storage.dll
0x00007ff8d9e30000 - 0x00007ff8da185000 	C:\WINDOWS\System32\combase.dll
0x00007ff8d8c60000 - 0x00007ff8d8c8c000 	C:\WINDOWS\SYSTEM32\Wldp.dll
0x00007ff8da790000 - 0x00007ff8da83e000 	C:\WINDOWS\System32\SHCORE.dll
0x00007ff8dacf0000 - 0x00007ff8dad45000 	C:\WINDOWS\System32\shlwapi.dll
0x00007ff8d9200000 - 0x00007ff8d921f000 	C:\WINDOWS\SYSTEM32\profapi.dll
0x00007ff8bbd10000 - 0x00007ff8bbd29000 	C:\Program Files\Java\jdk-16.0.1\bin\net.dll
0x00007ff8cd2f0000 - 0x00007ff8cd3fb000 	C:\WINDOWS\SYSTEM32\WINHTTP.dll
0x00007ff8d89d0000 - 0x00007ff8d8a3a000 	C:\WINDOWS\system32\mswsock.dll
0x00007ff8aeca0000 - 0x00007ff8aecb3000 	C:\Program Files\Java\jdk-16.0.1\bin\nio.dll
0x00007ff8ae300000 - 0x00007ff8ae318000 	C:\Program Files\Java\jdk-16.0.1\bin\zip.dll
0x00007ff8879e0000 - 0x00007ff887b60000 	C:\Program Files\Java\jdk-16.0.1\bin\awt.dll
0x00007ff8d9cc0000 - 0x00007ff8d9d8d000 	C:\WINDOWS\System32\OLEAUT32.dll
0x00007ff8d6bc0000 - 0x00007ff8d6c50000 	C:\WINDOWS\SYSTEM32\apphelp.dll
0x00007ff8d6e50000 - 0x00007ff8d6e7f000 	C:\WINDOWS\system32\DWMAPI.DLL
0x00007ff8d6d50000 - 0x00007ff8d6dee000 	C:\WINDOWS\system32\uxtheme.dll
0x00007ff8bee30000 - 0x00007ff8bef56000 	C:\WINDOWS\system32\opengl32.dll
0x00007ff8bf6f0000 - 0x00007ff8bf71c000 	C:\WINDOWS\SYSTEM32\GLU32.dll
0x00007ff8da670000 - 0x00007ff8da785000 	C:\WINDOWS\System32\MSCTF.dll
0x00007ff8da1b0000 - 0x00007ff8da2da000 	C:\WINDOWS\System32\ole32.dll
0x00007ff8ca3c0000 - 0x00007ff8ca3ed000 	C:\Program Files\Java\jdk-16.0.1\bin\javajpeg.dll
0x00007ff885b50000 - 0x00007ff885bd9000 	C:\Program Files\Java\jdk-16.0.1\bin\freetype.dll
0x00007ff8854f0000 - 0x00007ff8855e6000 	C:\Program Files\Java\jdk-16.0.1\bin\harfbuzz.dll
0x00007ff8d4e00000 - 0x00007ff8d4e12000 	C:\Program Files\Java\jdk-16.0.1\bin\fontmanager.dll
0x00007ff8cc3c0000 - 0x00007ff8cc4b9000 	C:\WINDOWS\SYSTEM32\textinputframework.dll
0x00007ff8d6880000 - 0x00007ff8d6972000 	C:\WINDOWS\System32\CoreMessaging.dll
0x00007ff8d6500000 - 0x00007ff8d685e000 	C:\WINDOWS\System32\CoreUIComponents.dll
0x00007ff8d5060000 - 0x00007ff8d51b4000 	C:\WINDOWS\SYSTEM32\wintypes.dll
0x00007ff8d8000000 - 0x00007ff8d8033000 	C:\WINDOWS\SYSTEM32\ntmarta.dll
0x00007ff8da540000 - 0x00007ff8da5e9000 	C:\WINDOWS\System32\clbcatq.dll
0x00007ff8d12b0000 - 0x00007ff8d1464000 	C:\WINDOWS\SYSTEM32\WindowsCodecs.dll
0x00007ff8d9bb0000 - 0x00007ff8d9bd7000 	C:\WINDOWS\System32\bcrypt.dll
0x00007ff8bd4c0000 - 0x00007ff8bd4fe000 	C:\WINDOWS\system32\dataexchange.dll
0x00007ff8d59d0000 - 0x00007ff8d5bb5000 	C:\WINDOWS\system32\dcomp.dll
0x00007ff8d5620000 - 0x00007ff8d5884000 	C:\WINDOWS\system32\d3d11.dll
0x00007ff8d7c00000 - 0x00007ff8d7cf4000 	C:\WINDOWS\system32\dxgi.dll
0x00007ff8d2860000 - 0x00007ff8d2a61000 	C:\WINDOWS\system32\twinapi.appcore.dll
0x00007ff8d8700000 - 0x00007ff8d87cc000 	C:\WINDOWS\SYSTEM32\DNSAPI.dll
0x00007ff8d86c0000 - 0x00007ff8d86fb000 	C:\WINDOWS\SYSTEM32\IPHLPAPI.DLL
0x00007ff8da190000 - 0x00007ff8da198000 	C:\WINDOWS\System32\NSI.dll
0x00007ff8c9f80000 - 0x00007ff8c9f8a000 	C:\Windows\System32\rasadhlp.dll
0x00007ff8ccef0000 - 0x00007ff8ccf6f000 	C:\WINDOWS\System32\fwpuclnt.dll

dbghelp: loaded successfully - version: 4.0.5 - missing functions: none
symbol engine: initialized successfully - sym options: 0x614 - pdb path: .;C:\Program Files\Java\jdk-16.0.1\bin;C:\WINDOWS\SYSTEM32;C:\WINDOWS\WinSxS\amd64_microsoft.windows.common-controls_6595b64144ccf1df_6.0.19041.844_none_ca00b6081b84eb1d;C:\Program Files\Java\jdk-16.0.1\bin\server

VM Arguments:
jvm_args: -Dfile.encoding=UTF-8 
java_command: university.management.system.Splash
java_class_path (initial): C:\Users\Yogesh Kumar\Downloads\mysql-connector-java-8.0.25\mysql-connector-java-8.0.25\mysql-connector-java-8.0.25.jar;C:\Users\Yogesh Kumar\Downloads\rs2xml.jar;D:\univer sity project\University Management System\build\classes
Launcher Type: SUN_STANDARD

[Global flags]
     intx CICompilerCount                          = 3                                         {product} {ergonomic}
     uint ConcGCThreads                            = 1                                         {product} {ergonomic}
     uint G1ConcRefinementThreads                  = 4                                         {product} {ergonomic}
   size_t G1HeapRegionSize                         = 1048576                                   {product} {ergonomic}
    uintx GCDrainStackTargetSize                   = 64                                        {product} {ergonomic}
   size_t InitialHeapSize                          = 67108864                                  {product} {ergonomic}
   size_t MarkStackSize                            = 4194304                                   {product} {ergonomic}
   size_t MaxHeapSize                              = 1052770304                                {product} {ergonomic}
   size_t MaxNewSize                               = 631242752                                 {product} {ergonomic}
   size_t MinHeapDeltaBytes                        = 1048576                                   {product} {ergonomic}
   size_t MinHeapSize                              = 8388608                                   {product} {ergonomic}
    uintx NonNMethodCodeHeapSize                   = 5832780                                {pd product} {ergonomic}
    uintx NonProfiledCodeHeapSize                  = 122912730                              {pd product} {ergonomic}
    uintx ProfiledCodeHeapSize                     = 122912730                              {pd product} {ergonomic}
    uintx ReservedCodeCacheSize                    = 251658240                              {pd product} {ergonomic}
     bool SegmentedCodeCache                       = true                                      {product} {ergonomic}
   size_t SoftMaxHeapSize                          = 1052770304                             {manageable} {ergonomic}
     bool UseCompressedClassPointers               = true                           {product lp64_product} {ergonomic}
     bool UseCompressedOops                        = true                           {product lp64_product} {ergonomic}
     bool UseG1GC                                  = true                                      {product} {ergonomic}
     bool UseLargePagesIndividualAllocation        = false                                  {pd product} {ergonomic}

Logging:
Log output configuration:
 #0: stdout all=warning uptime,level,tags
 #1: stderr all=off uptime,level,tags

Environment Variables:
JAVA_HOME=C:\Program Files\Java\jdk-16.0.1
PATH=C:\Program Files\Common Files\Oracle\Java\javapath;C:\Program Files (x86)\Common Files\Oracle\Java\javapath;C:\WINDOWS\system32;C:\WINDOWS;C:\WINDOWS\System32\Wbem;C:\WINDOWS\System32\WindowsPowerShell\v1.0\;C:\Program Files\nodejs\;C:\WINDOWS\System32\OpenSSH\;C:\Program Files\Java\jdk-16.0.1\bin;C:\Program Files\MySQL\MySQL Shell 8.0\bin\;C:\Users\Yogesh Kumar\AppData\Local\Programs\Microsoft VS Code\bin;C:\Users\Yogesh Kumar\AppData\Local\JetBrains\IntelliJ IDEA 2020.3.2\bin;;C:\Users\Yogesh Kumar\AppData\Roaming\npm;C:\Users\Yogesh Kumar\AppData\Local\Microsoft\WindowsApps
USERNAME=Yogesh Kumar
OS=Windows_NT
PROCESSOR_IDENTIFIER=Intel64 Family 6 Model 76 Stepping 4, GenuineIntel



---------------  S Y S T E M  ---------------

OS:
 Windows 10 , 64 bit Build 19041 (10.0.19041.928)
OS uptime: 0 days 20:37 hours

CPU: total 4 (initial active 4) (4 cores per cpu, 1 threads per core) family 6 model 76 stepping 4 microcode 0x411, cx8, cmov, fxsr, mmx, 3dnowpref, sse, sse2, sse3, ssse3, sse4.1, sse4.2, popcnt, tsc, tscinvbit, aes, erms, clmul, clflush

Memory: 4k page, system-wide physical 4009M (274M free)
TotalPageFile size 16297M (AvailPageFile size 43M)
current process WorkingSet (physical memory assigned to process): 16M, peak: 173M
current process commit charge ("private bytes"): 296M, peak: 303M

vm_info: Java HotSpot(TM) 64-Bit Server VM (16.0.1+9-24) for windows-amd64 JRE (16.0.1+9-24), built on Mar 26 2021 19:31:42 by "mach5one" with MS VC++ 16.7 (VS2019)

END.
