#
# There is insufficient memory for the Java Runtime Environment to continue.
# Native memory allocation (mmap) failed to map 5242880 bytes for G1 virtual space
# Possible reasons:
#   The system is out of physical RAM or swap space
#   The process is running with CompressedOops enabled, and the Java Heap may be blocking the growth of the native heap
# Possible solutions:
#   Reduce memory load on the system
#   Increase physical memory or swap space
#   Check if swap backing store is full
#   Decrease Java heap size (-Xmx/-Xms)
#   Decrease number of Java threads
#   Decrease Java thread stack sizes (-Xss)
#   Set larger code cache with -XX:ReservedCodeCacheSize=
#   JVM is running with Unscaled Compressed Oops mode in which the Java heap is
#     placed in the first 4GB address space. The Java Heap base address is the
#     maximum limit for the native heap growth. Please use -XX:HeapBaseMinAddress
#     to set the Java Heap base and to place the Java Heap above 4GB virtual address.
# This output file may be truncated or incomplete.
#
#  Out of Memory Error (os_windows.cpp:3466), pid=4044, tid=4168
#
# JRE version: Java(TM) SE Runtime Environment (16.0.1+9) (build 16.0.1+9-24)
# Java VM: Java HotSpot(TM) 64-Bit Server VM (16.0.1+9-24, mixed mode, sharing, tiered, compressed oops, compressed class ptrs, g1 gc, windows-amd64)
# No core dump will be written. Minidumps are not enabled by default on client versions of Windows
#

---------------  S U M M A R Y ------------

Command Line: -Dfile.encoding=UTF-8 university.management.system.Splash

Host: Intel(R) Pentium(R) CPU  N3710  @ 1.60GHz, 4 cores, 3G,  Windows 10 , 64 bit Build 19041 (10.0.19041.928)
Time: Wed Jun 16 19:16:26 2021 India Standard Time elapsed time: 40.101034 seconds (0d 0h 0m 40s)

---------------  T H R E A D  ---------------

Current thread (0x0000014046f0fb80):  VMThread "VM Thread" [stack: 0x0000001ad7c00000,0x0000001ad7d00000] [id=4168]

Stack: [0x0000001ad7c00000,0x0000001ad7d00000]
Native frames: (J=compiled Java code, j=interpreted, Vv=VM code, C=native code)
V  [jvm.dll+0x6687ca]
V  [jvm.dll+0x7ca3c9]
V  [jvm.dll+0x7cbb53]
V  [jvm.dll+0x7cc1b3]
V  [jvm.dll+0x242ea5]
V  [jvm.dll+0x665589]
V  [jvm.dll+0x65a175]
V  [jvm.dll+0x2fc5ab]
V  [jvm.dll+0x3037a6]
V  [jvm.dll+0x352fee]
V  [jvm.dll+0x35321f]
V  [jvm.dll+0x2d3618]
V  [jvm.dll+0x2d6b86]
V  [jvm.dll+0x2e1097]
V  [jvm.dll+0x315b40]
V  [jvm.dll+0x7d05eb]
V  [jvm.dll+0x7d12e4]
V  [jvm.dll+0x7d17e9]
V  [jvm.dll+0x7d1aa4]
V  [jvm.dll+0x7d1b70]
V  [jvm.dll+0x779b4a]
V  [jvm.dll+0x667666]
C  [ucrtbase.dll+0x21bb2]
C  [KERNEL32.DLL+0x17034]
C  [ntdll.dll+0x52651]

VM_Operation (0x0000001ad78ff6a0): G1Concurrent, mode: safepoint, requested by thread 0x0000014029f01d30


---------------  P R O C E S S  ---------------

Threads class SMR info:
_java_thread_list=0x00000140494bfc90, length=19, elements={
0x0000014046f137d0, 0x0000014046f14690, 0x0000014046f24fe0, 0x0000014046f279f0,
0x0000014046f283f0, 0x0000014046f30e00, 0x0000014046f36040, 0x0000014046f58aa0,
0x0000014046f6c7e0, 0x0000014047c663a0, 0x0000014047c6eff0, 0x0000014047c21460,
0x0000014046fcba10, 0x0000014047d89df0, 0x0000014047d8a490, 0x0000014049407e80,
0x00000140494083d0, 0x0000014049407930, 0x0000014049405400
}

Java Threads: ( => current thread )
  0x0000014046f137d0 JavaThread "Reference Handler" daemon [_thread_blocked, id=15584, stack(0x0000001ad7d00000,0x0000001ad7e00000)]
  0x0000014046f14690 JavaThread "Finalizer" daemon [_thread_blocked, id=16536, stack(0x0000001ad7e00000,0x0000001ad7f00000)]
  0x0000014046f24fe0 JavaThread "Signal Dispatcher" daemon [_thread_blocked, id=11528, stack(0x0000001ad7f00000,0x0000001ad8000000)]
  0x0000014046f279f0 JavaThread "Attach Listener" daemon [_thread_blocked, id=12444, stack(0x0000001ad8000000,0x0000001ad8100000)]
  0x0000014046f283f0 JavaThread "Service Thread" daemon [_thread_blocked, id=15308, stack(0x0000001ad8100000,0x0000001ad8200000)]
  0x0000014046f30e00 JavaThread "Monitor Deflation Thread" daemon [_thread_blocked, id=16448, stack(0x0000001ad8200000,0x0000001ad8300000)]
  0x0000014046f36040 JavaThread "C2 CompilerThread0" daemon [_thread_blocked, id=15796, stack(0x0000001ad8300000,0x0000001ad8400000)]
  0x0000014046f58aa0 JavaThread "C1 CompilerThread0" daemon [_thread_blocked, id=6036, stack(0x0000001ad8400000,0x0000001ad8500000)]
  0x0000014046f6c7e0 JavaThread "Sweeper thread" daemon [_thread_blocked, id=7468, stack(0x0000001ad8500000,0x0000001ad8600000)]
  0x0000014047c663a0 JavaThread "Notification Thread" daemon [_thread_blocked, id=16388, stack(0x0000001ad8600000,0x0000001ad8700000)]
  0x0000014047c6eff0 JavaThread "Common-Cleaner" daemon [_thread_blocked, id=14140, stack(0x0000001ad8800000,0x0000001ad8900000)]
  0x0000014047c21460 JavaThread "Java2D Disposer" daemon [_thread_blocked, id=1824, stack(0x0000001ad8900000,0x0000001ad8a00000)]
  0x0000014046fcba10 JavaThread "AWT-Windows" daemon [_thread_blocked, id=15832, stack(0x0000001ad8b00000,0x0000001ad8c00000)]
  0x0000014047d89df0 JavaThread "AWT-Shutdown" [_thread_blocked, id=7796, stack(0x0000001ad8e00000,0x0000001ad8f00000)]
  0x0000014047d8a490 JavaThread "AWT-EventQueue-0" [_thread_blocked, id=14348, stack(0x0000001ad8f00000,0x0000001ad9000000)]
  0x0000014049407e80 JavaThread "TimerQueue" daemon [_thread_blocked, id=12084, stack(0x0000001ad8d00000,0x0000001ad8e00000)]
  0x00000140494083d0 JavaThread "DestroyJavaVM" [_thread_blocked, id=4040, stack(0x0000001ad7600000,0x0000001ad7700000)]
  0x0000014049407930 JavaThread "mysql-cj-abandoned-connection-cleanup" daemon [_thread_blocked, id=15568, stack(0x0000001ad8a00000,0x0000001ad8b00000)]
  0x0000014049405400 JavaThread "Image Fetcher 0" daemon [_thread_blocked, id=7272, stack(0x0000001ad8c00000,0x0000001ad8d00000)]

Other Threads:
=>0x0000014046f0fb80 VMThread "VM Thread" [stack: 0x0000001ad7c00000,0x0000001ad7d00000] [id=4168]
  0x0000014047c688d0 WatcherThread [stack: 0x0000001ad8700000,0x0000001ad8800000] [id=16072]
  0x0000014029ef8ef0 GCTaskThread "GC Thread#0" [stack: 0x0000001ad7700000,0x0000001ad7800000] [id=13076]
  0x0000014047eb1310 GCTaskThread "GC Thread#1" [stack: 0x0000001ad9000000,0x0000001ad9100000] [id=18156]
  0x0000014047d76a30 GCTaskThread "GC Thread#2" [stack: 0x0000001ad9100000,0x0000001ad9200000] [id=17364]
  0x0000014047d76d40 GCTaskThread "GC Thread#3" [stack: 0x0000001ad9200000,0x0000001ad9300000] [id=10760]
  0x0000014029f01d30 ConcurrentGCThread "G1 Main Marker" [stack: 0x0000001ad7800000,0x0000001ad7900000] [id=16660]
  0x0000014029f03830 ConcurrentGCThread "G1 Conc#0" [stack: 0x0000001ad7900000,0x0000001ad7a00000] [id=16812]
  0x0000014029f54fc0 ConcurrentGCThread "G1 Refine#0" [stack: 0x0000001ad7a00000,0x0000001ad7b00000] [id=16096]
  0x0000014029f55ac0 ConcurrentGCThread "G1 Service" [stack: 0x0000001ad7b00000,0x0000001ad7c00000] [id=10992]

Threads with active compile tasks:
C2 CompilerThread0    40760 1667       4       java.awt.image.ReplicateScaleFilter::setPixels (226 bytes)

VM state: at safepoint (normal execution)

VM Mutex/Monitor currently owned by a thread:  ([mutex/lock_event])
[0x0000014029ec56e0] Threads_lock - owner thread: 0x0000014046f0fb80
[0x0000014029ec6220] Heap_lock - owner thread: 0x0000014029f01d30

Heap address: 0x00000000c1400000, size: 1004 MB, Compressed Oops mode: 32-bit

CDS archive(s) mapped at: [0x0000000800000000-0x0000000800bb0000-0x0000000800bb0000), size 12255232, SharedBaseAddress: 0x0000000800000000, ArchiveRelocationMode: 0.
Compressed class space mapped at: 0x0000000800c00000-0x0000000840c00000, reserved size: 1073741824
Narrow klass base: 0x0000000800000000, Narrow klass shift: 3, Narrow klass range: 0x100000000

GC Precious Log:
 CPUs: 4 total, 4 available
 Memory: 4009M
 Large Page Support: Disabled
 NUMA Support: Disabled
 Compressed Oops: Enabled (32-bit)
 Heap Region Size: 1M
 Heap Min Capacity: 8M
 Heap Initial Capacity: 64M
 Heap Max Capacity: 1004M
 Pre-touch: Disabled
 Parallel Workers: 4
 Concurrent Workers: 1
 Concurrent Refinement Workers: 4
 Periodic GC: Disabled

Heap:
 garbage-first heap   total 87040K, used 54175K [0x00000000c1400000, 0x0000000100000000)
  region size 1024K, 3 young (3072K), 2 survivors (2048K)
 Metaspace       used 12078K, committed 12288K, reserved 1064960K
  class space    used 1305K, committed 1408K, reserved 1048576K

Heap Regions: E=young(eden), S=young(survivor), O=old, HS=humongous(starts), HC=humongous(continues), CS=collection set, F=free, OA=open archive, CA=closed archive, TAMS=top-at-mark-start (previous, next)
|   0|0x00000000c1400000, 0x00000000c1500000, 0x00000000c1500000|100%|HS|  |TAMS 0x00000000c1500000, 0x00000000c1400000| Complete 
|   1|0x00000000c1500000, 0x00000000c1600000, 0x00000000c1600000|100%|HC|  |TAMS 0x00000000c1600000, 0x00000000c1500000| Complete 
|   2|0x00000000c1600000, 0x00000000c1700000, 0x00000000c1700000|100%|HC|  |TAMS 0x00000000c1700000, 0x00000000c1600000| Complete 
|   3|0x00000000c1700000, 0x00000000c1800000, 0x00000000c1800000|100%|HC|  |TAMS 0x00000000c1800000, 0x00000000c1700000| Complete 
|   4|0x00000000c1800000, 0x00000000c1900000, 0x00000000c1900000|100%|HS|  |TAMS 0x00000000c1900000, 0x00000000c1800000| Complete 
|   5|0x00000000c1900000, 0x00000000c1a00000, 0x00000000c1a00000|100%|HC|  |TAMS 0x00000000c1a00000, 0x00000000c1900000| Complete 
|   6|0x00000000c1a00000, 0x00000000c1b00000, 0x00000000c1b00000|100%|HC|  |TAMS 0x00000000c1b00000, 0x00000000c1a00000| Complete 
|   7|0x00000000c1b00000, 0x00000000c1c00000, 0x00000000c1c00000|100%| O|  |TAMS 0x00000000c1c00000, 0x00000000c1b00000| Updating 
|   8|0x00000000c1c00000, 0x00000000c1d00000, 0x00000000c1d00000|100%|HS|  |TAMS 0x00000000c1c00000, 0x00000000c1c00000| Complete 
|   9|0x00000000c1d00000, 0x00000000c1e00000, 0x00000000c1e00000|100%|HC|  |TAMS 0x00000000c1d00000, 0x00000000c1d00000| Complete 
|  10|0x00000000c1e00000, 0x00000000c1f00000, 0x00000000c1f00000|100%|HC|  |TAMS 0x00000000c1e00000, 0x00000000c1e00000| Complete 
|  11|0x00000000c1f00000, 0x00000000c2000000, 0x00000000c2000000|100%|HC|  |TAMS 0x00000000c1f00000, 0x00000000c1f00000| Complete 
|  12|0x00000000c2000000, 0x00000000c2100000, 0x00000000c2100000|100%|HC|  |TAMS 0x00000000c2000000, 0x00000000c2000000| Complete 
|  13|0x00000000c2100000, 0x00000000c2200000, 0x00000000c2200000|100%|HC|  |TAMS 0x00000000c2100000, 0x00000000c2100000| Complete 
|  14|0x00000000c2200000, 0x00000000c2300000, 0x00000000c2300000|100%|HC|  |TAMS 0x00000000c2200000, 0x00000000c2200000| Complete 
|  15|0x00000000c2300000, 0x00000000c2300000, 0x00000000c2400000|  0%| F|  |TAMS 0x00000000c2300000, 0x00000000c2300000| Untracked 
|  16|0x00000000c2400000, 0x00000000c2400000, 0x00000000c2500000|  0%| F|  |TAMS 0x00000000c2400000, 0x00000000c2400000| Untracked 
|  17|0x00000000c2500000, 0x00000000c2500000, 0x00000000c2600000|  0%| F|  |TAMS 0x00000000c2500000, 0x00000000c2500000| Untracked 
|  18|0x00000000c2600000, 0x00000000c2600000, 0x00000000c2700000|  0%| F|  |TAMS 0x00000000c2600000, 0x00000000c2600000| Untracked 
|  19|0x00000000c2700000, 0x00000000c2700000, 0x00000000c2800000|  0%| F|  |TAMS 0x00000000c2700000, 0x00000000c2700000| Untracked 
|  20|0x00000000c2800000, 0x00000000c2900000, 0x00000000c2900000|100%|HS|  |TAMS 0x00000000c2900000, 0x00000000c2800000| Complete 
|  21|0x00000000c2900000, 0x00000000c2a00000, 0x00000000c2a00000|100%|HC|  |TAMS 0x00000000c2a00000, 0x00000000c2900000| Complete 
|  22|0x00000000c2a00000, 0x00000000c2b00000, 0x00000000c2b00000|100%|HS|  |TAMS 0x00000000c2b00000, 0x00000000c2a00000| Complete 
|  23|0x00000000c2b00000, 0x00000000c2c00000, 0x00000000c2c00000|100%| O|  |TAMS 0x00000000c2c00000, 0x00000000c2b00000| Updating 
|  24|0x00000000c2c00000, 0x00000000c2cf8a00, 0x00000000c2d00000| 97%| O|  |TAMS 0x00000000c2cf8a00, 0x00000000c2c00000| Updating 
|  25|0x00000000c2d00000, 0x00000000c2d00000, 0x00000000c2e00000|  0%| F|  |TAMS 0x00000000c2d00000, 0x00000000c2d00000| Untracked 
|  26|0x00000000c2e00000, 0x00000000c2e00000, 0x00000000c2f00000|  0%| F|  |TAMS 0x00000000c2e00000, 0x00000000c2e00000| Untracked 
|  27|0x00000000c2f00000, 0x00000000c2f00000, 0x00000000c3000000|  0%| F|  |TAMS 0x00000000c2f00000, 0x00000000c2f00000| Untracked 
|  28|0x00000000c3000000, 0x00000000c3000000, 0x00000000c3100000|  0%| F|  |TAMS 0x00000000c3000000, 0x00000000c3000000| Untracked 
|  29|0x00000000c3100000, 0x00000000c3100000, 0x00000000c3200000|  0%| F|  |TAMS 0x00000000c3100000, 0x00000000c3100000| Untracked 
|  30|0x00000000c3200000, 0x00000000c3200000, 0x00000000c3300000|  0%| F|  |TAMS 0x00000000c3200000, 0x00000000c3200000| Untracked 
|  31|0x00000000c3300000, 0x00000000c3300000, 0x00000000c3400000|  0%| F|  |TAMS 0x00000000c3300000, 0x00000000c3300000| Untracked 
|  32|0x00000000c3400000, 0x00000000c3400000, 0x00000000c3500000|  0%| F|  |TAMS 0x00000000c3400000, 0x00000000c3400000| Untracked 
|  33|0x00000000c3500000, 0x00000000c3500000, 0x00000000c3600000|  0%| F|  |TAMS 0x00000000c3500000, 0x00000000c3500000| Untracked 
|  34|0x00000000c3600000, 0x00000000c3600000, 0x00000000c3700000|  0%| F|  |TAMS 0x00000000c3600000, 0x00000000c3600000| Untracked 
|  35|0x00000000c3700000, 0x00000000c3700000, 0x00000000c3800000|  0%| F|  |TAMS 0x00000000c3700000, 0x00000000c3700000| Untracked 
|  36|0x00000000c3800000, 0x00000000c3800000, 0x00000000c3900000|  0%| F|  |TAMS 0x00000000c3800000, 0x00000000c3800000| Untracked 
|  37|0x00000000c3900000, 0x00000000c3900000, 0x00000000c3a00000|  0%| F|  |TAMS 0x00000000c3900000, 0x00000000c3900000| Untracked 
|  38|0x00000000c3a00000, 0x00000000c3a00000, 0x00000000c3b00000|  0%| F|  |TAMS 0x00000000c3a00000, 0x00000000c3a00000| Untracked 
|  39|0x00000000c3b00000, 0x00000000c3b00000, 0x00000000c3c00000|  0%| F|  |TAMS 0x00000000c3b00000, 0x00000000c3b00000| Untracked 
|  40|0x00000000c3c00000, 0x00000000c3c00000, 0x00000000c3d00000|  0%| F|  |TAMS 0x00000000c3c00000, 0x00000000c3c00000| Untracked 
|  41|0x00000000c3d00000, 0x00000000c3d00000, 0x00000000c3e00000|  0%| F|  |TAMS 0x00000000c3d00000, 0x00000000c3d00000| Untracked 
|  42|0x00000000c3e00000, 0x00000000c3e00000, 0x00000000c3f00000|  0%| F|  |TAMS 0x00000000c3e00000, 0x00000000c3e00000| Untracked 
|  43|0x00000000c3f00000, 0x00000000c3f00000, 0x00000000c4000000|  0%| F|  |TAMS 0x00000000c3f00000, 0x00000000c3f00000| Untracked 
|  44|0x00000000c4000000, 0x00000000c4000000, 0x00000000c4100000|  0%| F|  |TAMS 0x00000000c4000000, 0x00000000c4000000| Untracked 
|  45|0x00000000c4100000, 0x00000000c4100000, 0x00000000c4200000|  0%| F|  |TAMS 0x00000000c4100000, 0x00000000c4100000| Untracked 
|  46|0x00000000c4200000, 0x00000000c4200000, 0x00000000c4300000|  0%| F|  |TAMS 0x00000000c4200000, 0x00000000c4200000| Untracked 
|  47|0x00000000c4300000, 0x00000000c4300000, 0x00000000c4400000|  0%| F|  |TAMS 0x00000000c4300000, 0x00000000c4300000| Untracked 
|  48|0x00000000c4400000, 0x00000000c4400000, 0x00000000c4500000|  0%| F|  |TAMS 0x00000000c4400000, 0x00000000c4400000| Untracked 
|  49|0x00000000c4500000, 0x00000000c4500000, 0x00000000c4600000|  0%| F|  |TAMS 0x00000000c4500000, 0x00000000c4500000| Untracked 
|  50|0x00000000c4600000, 0x00000000c46ef418, 0x00000000c4700000| 93%| S|CS|TAMS 0x00000000c4600000, 0x00000000c4600000| Complete 
|  51|0x00000000c4700000, 0x00000000c4800000, 0x00000000c4800000|100%| S|CS|TAMS 0x00000000c4700000, 0x00000000c4700000| Complete 
|  52|0x00000000c4800000, 0x00000000c4800000, 0x00000000c4900000|  0%| F|  |TAMS 0x00000000c4800000, 0x00000000c4800000| Untracked 
|  53|0x00000000c4900000, 0x00000000c4950010, 0x00000000c4a00000| 31%| E|  |TAMS 0x00000000c4900000, 0x00000000c4900000| Complete 
|  54|0x00000000c4a00000, 0x00000000c4b00000, 0x00000000c4b00000|100%|HS|  |TAMS 0x00000000c4b00000, 0x00000000c4a00000| Complete 
|  55|0x00000000c4b00000, 0x00000000c4c00000, 0x00000000c4c00000|100%|HC|  |TAMS 0x00000000c4c00000, 0x00000000c4b00000| Complete 
|  56|0x00000000c4c00000, 0x00000000c4d00000, 0x00000000c4d00000|100%|HC|  |TAMS 0x00000000c4d00000, 0x00000000c4c00000| Complete 
|  57|0x00000000c4d00000, 0x00000000c4e00000, 0x00000000c4e00000|100%|HC|  |TAMS 0x00000000c4e00000, 0x00000000c4d00000| Complete 
|  58|0x00000000c4e00000, 0x00000000c4f00000, 0x00000000c4f00000|100%|HC|  |TAMS 0x00000000c4f00000, 0x00000000c4e00000| Complete 
|  59|0x00000000c4f00000, 0x00000000c5000000, 0x00000000c5000000|100%|HC|  |TAMS 0x00000000c5000000, 0x00000000c4f00000| Complete 
|  60|0x00000000c5000000, 0x00000000c5100000, 0x00000000c5100000|100%|HC|  |TAMS 0x00000000c5100000, 0x00000000c5000000| Complete 
|  61|0x00000000c5100000, 0x00000000c5200000, 0x00000000c5200000|100%|HC|  |TAMS 0x00000000c5200000, 0x00000000c5100000| Complete 
|  62|0x00000000c5200000, 0x00000000c5300000, 0x00000000c5300000|100%|HC|  |TAMS 0x00000000c5300000, 0x00000000c5200000| Complete 
|  63|0x00000000c5300000, 0x00000000c5400000, 0x00000000c5400000|100%|HC|  |TAMS 0x00000000c5400000, 0x00000000c5300000| Complete 
|  64|0x00000000c5400000, 0x00000000c5500000, 0x00000000c5500000|100%|HC|  |TAMS 0x00000000c5500000, 0x00000000c5400000| Complete 
|  65|0x00000000c5500000, 0x00000000c5600000, 0x00000000c5600000|100%|HC|  |TAMS 0x00000000c5600000, 0x00000000c5500000| Complete 
|  66|0x00000000c5600000, 0x00000000c5700000, 0x00000000c5700000|100%|HC|  |TAMS 0x00000000c5700000, 0x00000000c5600000| Complete 
|  67|0x00000000c5700000, 0x00000000c5800000, 0x00000000c5800000|100%|HC|  |TAMS 0x00000000c5800000, 0x00000000c5700000| Complete 
|  68|0x00000000c5800000, 0x00000000c5900000, 0x00000000c5900000|100%|HC|  |TAMS 0x00000000c5900000, 0x00000000c5800000| Complete 
|  69|0x00000000c5900000, 0x00000000c5a00000, 0x00000000c5a00000|100%|HC|  |TAMS 0x00000000c5a00000, 0x00000000c5900000| Complete 
|  70|0x00000000c5a00000, 0x00000000c5b00000, 0x00000000c5b00000|100%|HC|  |TAMS 0x00000000c5b00000, 0x00000000c5a00000| Complete 
|  71|0x00000000c5b00000, 0x00000000c5c00000, 0x00000000c5c00000|100%|HC|  |TAMS 0x00000000c5c00000, 0x00000000c5b00000| Complete 
|  72|0x00000000c5c00000, 0x00000000c5d00000, 0x00000000c5d00000|100%|HC|  |TAMS 0x00000000c5d00000, 0x00000000c5c00000| Complete 
|  73|0x00000000c5d00000, 0x00000000c5e00000, 0x00000000c5e00000|100%|HC|  |TAMS 0x00000000c5e00000, 0x00000000c5d00000| Complete 
|  74|0x00000000c5e00000, 0x00000000c5f00000, 0x00000000c5f00000|100%|HC|  |TAMS 0x00000000c5f00000, 0x00000000c5e00000| Complete 
|  75|0x00000000c5f00000, 0x00000000c6000000, 0x00000000c6000000|100%|HC|  |TAMS 0x00000000c6000000, 0x00000000c5f00000| Complete 
|  76|0x00000000c6000000, 0x00000000c6100000, 0x00000000c6100000|100%|HC|  |TAMS 0x00000000c6100000, 0x00000000c6000000| Complete 
|  77|0x00000000c6100000, 0x00000000c6200000, 0x00000000c6200000|100%|HC|  |TAMS 0x00000000c6200000, 0x00000000c6100000| Complete 
|  78|0x00000000c6200000, 0x00000000c6300000, 0x00000000c6300000|100%|HC|  |TAMS 0x00000000c6300000, 0x00000000c6200000| Complete 
|  79|0x00000000c6300000, 0x00000000c6400000, 0x00000000c6400000|100%|HC|  |TAMS 0x00000000c6400000, 0x00000000c6300000| Complete 
|  80|0x00000000c6400000, 0x00000000c6500000, 0x00000000c6500000|100%|HC|  |TAMS 0x00000000c6500000, 0x00000000c6400000| Complete 
|  81|0x00000000c6500000, 0x00000000c6600000, 0x00000000c6600000|100%|HC|  |TAMS 0x00000000c6600000, 0x00000000c6500000| Complete 
|  82|0x00000000c6600000, 0x00000000c6700000, 0x00000000c6700000|100%|HC|  |TAMS 0x00000000c6700000, 0x00000000c6600000| Complete 
|  83|0x00000000c6700000, 0x00000000c6800000, 0x00000000c6800000|100%|HC|  |TAMS 0x00000000c6800000, 0x00000000c6700000| Complete 
|  84|0x00000000c6800000, 0x00000000c6900000, 0x00000000c6900000|100%|HC|  |TAMS 0x00000000c6900000, 0x00000000c6800000| Complete 

Card table byte_map: [0x0000014042650000,0x0000014042850000] _byte_map_base: 0x0000014042046000

Marking Bits (Prev, Next): (CMBitMap*) 0x0000014029ef95a0, (CMBitMap*) 0x0000014029ef9560
 Prev Bits: [0x0000014043a00000, 0x00000140449b0000)
 Next Bits: [0x0000014042a50000, 0x0000014043a00000)

Polling page: 0x0000014029fb0000

Metaspace:

Usage:
  Non-class:     10.52 MB used.
      Class:      1.27 MB used.
       Both:     11.80 MB used.

Virtual space:
  Non-class space:       16.00 MB reserved,      10.62 MB ( 66%) committed,  2 nodes.
      Class space:        1.00 GB reserved,       1.38 MB ( <1%) committed,  1 nodes.
              Both:        1.02 GB reserved,      12.00 MB (  1%) committed. 

Chunk freelists:
   Non-Class:  1.09 MB
       Class:  2.50 MB
        Both:  3.59 MB

MaxMetaspaceSize: 17179869184.00 GB
CompressedClassSpaceSize: 1.00 GB
 - commit_granule_bytes: 65536.
 - commit_granule_words: 8192.
 - virtual_space_node_default_size: 1048576.
 - enlarge_chunks_in_place: 1.
 - new_chunks_are_fully_committed: 0.
 - uncommit_free_chunks: 1.
 - use_allocation_guard: 0.
 - handle_deallocations: 1.


Internal statistics:

num_allocs_failed_limit: 0.
num_arena_births: 138.
num_arena_deaths: 0.
num_vsnodes_births: 3.
num_vsnodes_deaths: 0.
num_space_committed: 192.
num_space_uncommitted: 0.
num_chunks_returned_to_freelist: 0.
num_chunks_taken_from_freelist: 289.
num_chunk_merges: 0.
num_chunk_splits: 181.
num_chunks_enlarged: 108.
num_purges: 0.

CodeHeap 'non-profiled nmethods': size=120000Kb used=464Kb max_used=464Kb free=119536Kb
 bounds [0x000001403a8f0000, 0x000001403ab60000, 0x0000014041e20000]
CodeHeap 'profiled nmethods': size=120000Kb used=3205Kb max_used=3205Kb free=116794Kb
 bounds [0x00000140333c0000, 0x00000140336f0000, 0x000001403a8f0000]
CodeHeap 'non-nmethods': size=5760Kb used=1330Kb max_used=1346Kb free=4429Kb
 bounds [0x0000014032e20000, 0x0000014033090000, 0x00000140333c0000]
 total_blobs=2335 nmethods=1665 adapters=583
 compilation: enabled
              stopped_count=0, restarted_count=0
 full_count=0

Compilation events (20 events):
Event: 38.941 Thread 0x0000014046f36040 nmethod 1656 0x000001403a961a10 code [0x000001403a961bc0, 0x000001403a962350]
Event: 38.941 Thread 0x0000014046f36040 1657       4       jdk.internal.logger.AbstractLoggerWrapper::isLoggable (26 bytes)
Event: 38.956 Thread 0x0000014046f36040 nmethod 1657 0x000001403a962510 code [0x000001403a9626e0, 0x000001403a962f90]
Event: 38.987 Thread 0x0000014046f58aa0 1658       3       java.lang.Float::isNaN (12 bytes)
Event: 38.987 Thread 0x0000014046f58aa0 nmethod 1658 0x00000140336ded90 code [0x00000140336def20, 0x00000140336df098]
Event: 39.055 Thread 0x0000014046f36040 1659   !   4       sun.awt.image.ImageDecoder::nextConsumer (69 bytes)
Event: 39.058 Thread 0x0000014046f36040 nmethod 1659 0x000001403a963310 code [0x000001403a9634a0, 0x000001403a963798]
Event: 39.540 Thread 0x0000014046f58aa0 1660       3       java.io.FileInputStream::read (8 bytes)
Event: 39.541 Thread 0x0000014046f58aa0 nmethod 1660 0x00000140336df110 code [0x00000140336df2c0, 0x00000140336df408]
Event: 39.588 Thread 0x0000014046f58aa0 1662       3       java.io.BufferedInputStream::fill (203 bytes)
Event: 39.590 Thread 0x0000014046f58aa0 nmethod 1662 0x00000140336df510 code [0x00000140336df7a0, 0x00000140336e0548]
Event: 39.790 Thread 0x0000014046f36040 1663       4       java.security.AccessController::checkContext (49 bytes)
Event: 39.791 Thread 0x0000014046f36040 nmethod 1663 0x000001403a963d10 code [0x000001403a963ea0, 0x000001403a963f38]
Event: 39.834 Thread 0x0000014046f58aa0 1664       3       java.nio.charset.CoderResult::isUnderflow (13 bytes)
Event: 39.834 Thread 0x0000014046f58aa0 nmethod 1664 0x00000140336e0910 code [0x00000140336e0aa0, 0x00000140336e0c18]
Event: 39.834 Thread 0x0000014046f58aa0 1665       3       java.lang.Character::digit (6 bytes)
Event: 39.835 Thread 0x0000014046f58aa0 nmethod 1665 0x00000140336e0c90 code [0x00000140336e0e40, 0x00000140336e1098]
Event: 39.835 Thread 0x0000014046f58aa0 1666       3       java.lang.Character::digit (10 bytes)
Event: 39.835 Thread 0x0000014046f58aa0 nmethod 1666 0x00000140336e1190 code [0x00000140336e1340, 0x00000140336e1538]
Event: 39.933 Thread 0x0000014046f36040 1667       4       java.awt.image.ReplicateScaleFilter::setPixels (226 bytes)

GC Heap History (10 events):
Event: 19.253 GC heap before
{Heap before GC invocations=0 (full 0):
 garbage-first heap   total 65536K, used 19456K [0x00000000c1400000, 0x0000000100000000)
  region size 1024K, 13 young (13312K), 0 survivors (0K)
 Metaspace       used 5810K, committed 6016K, reserved 1056768K
  class space    used 600K, committed 704K, reserved 1048576K
}
Event: 19.266 GC heap after
{Heap after GC invocations=1 (full 0):
 garbage-first heap   total 65536K, used 9727K [0x00000000c1400000, 0x0000000100000000)
  region size 1024K, 2 young (2048K), 2 survivors (2048K)
 Metaspace       used 5810K, committed 6016K, reserved 1056768K
  class space    used 600K, committed 704K, reserved 1048576K
}
Event: 25.089 GC heap before
{Heap before GC invocations=1 (full 0):
 garbage-first heap   total 65536K, used 39423K [0x00000000c1400000, 0x0000000100000000)
  region size 1024K, 17 young (17408K), 2 survivors (2048K)
 Metaspace       used 8284K, committed 8512K, reserved 1056768K
  class space    used 897K, committed 1024K, reserved 1048576K
}
Event: 25.101 GC heap after
{Heap after GC invocations=2 (full 0):
 garbage-first heap   total 65536K, used 25783K [0x00000000c1400000, 0x0000000100000000)
  region size 1024K, 1 young (1024K), 1 survivors (1024K)
 Metaspace       used 8284K, committed 8512K, reserved 1056768K
  class space    used 897K, committed 1024K, reserved 1048576K
}
Event: 38.989 GC heap before
{Heap before GC invocations=2 (full 0):
 garbage-first heap   total 65536K, used 34999K [0x00000000c1400000, 0x0000000100000000)
  region size 1024K, 11 young (11264K), 1 survivors (1024K)
 Metaspace       used 12076K, committed 12288K, reserved 1064960K
  class space    used 1305K, committed 1408K, reserved 1048576K
}
Event: 38.995 GC heap after
{Heap after GC invocations=3 (full 0):
 garbage-first heap   total 65536K, used 15160K [0x00000000c1400000, 0x0000000100000000)
  region size 1024K, 3 young (3072K), 3 survivors (3072K)
 Metaspace       used 12076K, committed 12288K, reserved 1064960K
  class space    used 1305K, committed 1408K, reserved 1048576K
}
Event: 39.809 GC heap before
{Heap before GC invocations=3 (full 0):
 garbage-first heap   total 87040K, used 75576K [0x00000000c1400000, 0x0000000100000000)
  region size 1024K, 32 young (32768K), 3 survivors (3072K)
 Metaspace       used 12077K, committed 12288K, reserved 1064960K
  class space    used 1305K, committed 1408K, reserved 1048576K
}
Event: 39.814 GC heap after
{Heap after GC invocations=4 (full 0):
 garbage-first heap   total 87040K, used 47074K [0x00000000c1400000, 0x0000000100000000)
  region size 1024K, 2 young (2048K), 2 survivors (2048K)
 Metaspace       used 12077K, committed 12288K, reserved 1064960K
  class space    used 1305K, committed 1408K, reserved 1048576K
}
Event: 39.934 GC heap before
{Heap before GC invocations=4 (full 0):
 garbage-first heap   total 87040K, used 47074K [0x00000000c1400000, 0x0000000100000000)
  region size 1024K, 4 young (4096K), 2 survivors (2048K)
 Metaspace       used 12078K, committed 12288K, reserved 1064960K
  class space    used 1305K, committed 1408K, reserved 1048576K
}
Event: 39.937 GC heap after
{Heap after GC invocations=5 (full 0):
 garbage-first heap   total 87040K, used 47007K [0x00000000c1400000, 0x0000000100000000)
  region size 1024K, 2 young (2048K), 2 survivors (2048K)
 Metaspace       used 12078K, committed 12288K, reserved 1064960K
  class space    used 1305K, committed 1408K, reserved 1048576K
}

Deoptimization events (20 events):
Event: 27.626 Thread 0x0000014047d8a490 Uncommon trap: trap_request=0xffffffde fr.pc=0x000001403a90f024 relative=0x0000000000000184
Event: 27.626 Thread 0x0000014047d8a490 Uncommon trap: reason=class_check action=maybe_recompile pc=0x000001403a90f024 method=java.lang.String.equals(Ljava/lang/Object;)Z @ 8 c2
Event: 27.626 Thread 0x0000014047d8a490 DEOPT PACKING pc=0x000001403a90f024 sp=0x0000001ad8ffde80
Event: 27.626 Thread 0x0000014047d8a490 DEOPT UNPACKING pc=0x0000014032e6d728 sp=0x0000001ad8ffde18 mode 2
Event: 34.002 Thread 0x0000014047d8a490 Uncommon trap: trap_request=0xffffff45 fr.pc=0x000001403a916bd0 relative=0x0000000000000410
Event: 34.002 Thread 0x0000014047d8a490 Uncommon trap: reason=unstable_if action=reinterpret pc=0x000001403a916bd0 method=java.lang.StringLatin1.newString([BII)Ljava/lang/String; @ 1 c2
Event: 34.002 Thread 0x0000014047d8a490 DEOPT PACKING pc=0x000001403a916bd0 sp=0x0000001ad8ffdb60
Event: 34.002 Thread 0x0000014047d8a490 DEOPT UNPACKING pc=0x0000014032e6d728 sp=0x0000001ad8ffdac0 mode 2
Event: 36.404 Thread 0x0000014047d8a490 Uncommon trap: trap_request=0xffffff45 fr.pc=0x000001403a955ba8 relative=0x0000000000000e08
Event: 36.404 Thread 0x0000014047d8a490 Uncommon trap: reason=unstable_if action=reinterpret pc=0x000001403a955ba8 method=java.util.concurrent.ConcurrentHashMap.putVal(Ljava/lang/Object;Ljava/lang/Object;Z)Ljava/lang/Object; @ 148 c2
Event: 36.404 Thread 0x0000014047d8a490 DEOPT PACKING pc=0x000001403a955ba8 sp=0x0000001ad8ffd7d0
Event: 36.404 Thread 0x0000014047d8a490 DEOPT UNPACKING pc=0x0000014032e6d728 sp=0x0000001ad8ffd750 mode 2
Event: 39.933 Thread 0x0000014049405400 DEOPT PACKING pc=0x00000140335c58b1 sp=0x0000001ad8cfdf00
Event: 39.933 Thread 0x0000014049405400 DEOPT UNPACKING pc=0x0000014032e6deaf sp=0x0000001ad8cfd390 mode 0
Event: 39.949 Thread 0x0000014049405400 DEOPT PACKING pc=0x00000140335c58b1 sp=0x0000001ad8cfdf00
Event: 39.949 Thread 0x0000014049405400 DEOPT UNPACKING pc=0x0000014032e6deaf sp=0x0000001ad8cfd390 mode 0
Event: 39.951 Thread 0x0000014049405400 DEOPT PACKING pc=0x00000140335c58b1 sp=0x0000001ad8cfdf00
Event: 39.951 Thread 0x0000014049405400 DEOPT UNPACKING pc=0x0000014032e6deaf sp=0x0000001ad8cfd390 mode 0
Event: 39.953 Thread 0x0000014049405400 DEOPT PACKING pc=0x00000140335c58b1 sp=0x0000001ad8cfdf00
Event: 39.953 Thread 0x0000014049405400 DEOPT UNPACKING pc=0x0000014032e6deaf sp=0x0000001ad8cfd390 mode 0

Classes unloaded (0 events):
No events

Classes redefined (0 events):
No events

Internal exceptions (19 events):
Event: 3.220 Thread 0x0000014029ec9120 Exception <a 'java/lang/NoSuchMethodError'{0x00000000c52509e0}: 'void java.lang.invoke.DirectMethodHandle$Holder.invokeSpecial(java.lang.Object, java.lang.Object, java.lang.Object)'> (0x00000000c52509e0) 
thrown [t:\workspace\open\src\hotspot\share\interpreter\linkResolver.cpp, line 790]
Event: 3.640 Thread 0x0000014029ec9120 Exception <a 'java/lang/ClassNotFoundException'{0x00000000c526e5f0}: sun/awt/resources/spi/awtProvider> (0x00000000c526e5f0) 
thrown [t:\workspace\open\src\hotspot\share\classfile\systemDictionary.cpp, line 256]
Event: 4.120 Thread 0x0000014029ec9120 Exception <a 'java/io/FileNotFoundException'{0x00000000c52c8178}> (0x00000000c52c8178) 
thrown [t:\workspace\open\src\hotspot\share\prims\jni.cpp, line 579]
Event: 4.160 Thread 0x0000014029ec9120 Exception <a 'java/io/FileNotFoundException'{0x00000000c52f6cc8}> (0x00000000c52f6cc8) 
thrown [t:\workspace\open\src\hotspot\share\prims\jni.cpp, line 579]
Event: 4.297 Thread 0x0000014029ec9120 Exception <a 'java/lang/NoSuchMethodError'{0x00000000c52f7ec0}: 'java.lang.Object java.lang.invoke.DirectMethodHandle$Holder.invokeStatic(java.lang.Object)'> (0x00000000c52f7ec0) 
thrown [t:\workspace\open\src\hotspot\share\interpreter\linkResolver.cpp, line 790]
Event: 7.527 Thread 0x0000014029ec9120 Exception <a 'java/lang/NoSuchMethodError'{0x00000000c514dc08}: 'java.lang.Object java.lang.invoke.DirectMethodHandle$Holder.invokeStaticInit(java.lang.Object)'> (0x00000000c514dc08) 
thrown [t:\workspace\open\src\hotspot\share\interpreter\linkResolver.cpp, line 790]
Event: 9.089 Thread 0x0000014029ec9120 Exception <a 'java/lang/NoSuchMethodError'{0x00000000c5002210}: 'java.lang.Object java.lang.invoke.DirectMethodHandle$Holder.newInvokeSpecial(java.lang.Object, java.lang.Object, java.lang.Object, java.lang.Object, java.lang.Object)'> (0x00000000c5002210) 
thrown [t:\workspace\open\src\hotspot\share\interpreter\linkResolver.cpp, line 790]
Event: 9.096 Thread 0x0000014029ec9120 Exception <a 'java/lang/NoSuchMethodError'{0x00000000c500dcf8}: 'java.lang.Object java.lang.invoke.DirectMethodHandle$Holder.invokeStatic(java.lang.Object, int, java.lang.Object, java.lang.Object, java.lang.Object, java.lang.Object)'> (0x00000000c500dcf8) 
thrown [t:\workspace\open\src\hotspot\share\interpreter\linkResolver.cpp, line 790]
Event: 9.120 Thread 0x0000014029ec9120 Exception <a 'java/lang/NoSuchMethodError'{0x00000000c5033dc0}: 'java.lang.Object java.lang.invoke.DirectMethodHandle$Holder.invokeStatic(java.lang.Object, int, java.lang.Object)'> (0x00000000c5033dc0) 
thrown [t:\workspace\open\src\hotspot\share\interpreter\linkResolver.cpp, line 790]
Event: 9.305 Thread 0x0000014029ec9120 Exception <a 'java/lang/ClassNotFoundException'{0x00000000c50ec098}: com/sun/swing/internal/plaf/metal/resources/spi/metalProvider> (0x00000000c50ec098) 
thrown [t:\workspace\open\src\hotspot\share\classfile\systemDictionary.cpp, line 256]
Event: 9.339 Thread 0x0000014029ec9120 Exception <a 'java/lang/ClassNotFoundException'{0x00000000c50f0130}: com/sun/swing/internal/plaf/basic/resources/spi/basicProvider> (0x00000000c50f0130) 
thrown [t:\workspace\open\src\hotspot\share\classfile\systemDictionary.cpp, line 256]
Event: 15.441 Thread 0x0000014047ddf670 Exception <a 'java/lang/NoSuchMethodError'{0x00000000c4ebd760}: 'java.lang.Object java.lang.invoke.DirectMethodHandle$Holder.newInvokeSpecial(java.lang.Object, java.lang.Object, java.lang.Object, int, int, int, int, int)'> (0x00000000c4ebd760) 
thrown [t:\workspace\open\src\hotspot\share\interpreter\linkResolver.cpp, line 790]
Event: 16.429 Thread 0x0000014046fcba10 Exception <a 'java/lang/NoSuchMethodError'{0x00000000c51953b8}: 'void java.lang.invoke.DirectMethodHandle$Holder.invokeVirtual(java.lang.Object, java.lang.Object)'> (0x00000000c51953b8) 
thrown [t:\workspace\open\src\hotspot\share\interpreter\linkResolver.cpp, line 790]
Event: 18.034 Thread 0x0000014029ec9120 Exception <a 'java/lang/NoSuchMethodError'{0x00000000c4f33280}: 'void java.lang.invoke.DirectMethodHandle$Holder.invokeStaticInit(java.lang.Object)'> (0x00000000c4f33280) 
thrown [t:\workspace\open\src\hotspot\share\interpreter\linkResolver.cpp, line 790]
Event: 24.409 Thread 0x0000014049405400 Implicit null exception at 0x000001403a91b88a to 0x000001403a91bf9c
Event: 34.485 Thread 0x0000014047d8a490 Exception <a 'java/lang/NoSuchMethodError'{0x00000000c51460e8}: 'java.lang.Object java.lang.invoke.DirectMethodHandle$Holder.invokeInterface(java.lang.Object, java.lang.Object)'> (0x00000000c51460e8) 
thrown [t:\workspace\open\src\hotspot\share\interpreter\linkResolver.cpp, line 790]
Event: 35.286 Thread 0x0000014047d8a490 Exception <a 'java/lang/NoSuchMethodError'{0x00000000c51d4d18}: 'void java.lang.invoke.DirectMethodHandle$Holder.invokeStatic(java.lang.Object, java.lang.Object, java.lang.Object)'> (0x00000000c51d4d18) 
thrown [t:\workspace\open\src\hotspot\share\interpreter\linkResolver.cpp, line 790]
Event: 35.291 Thread 0x0000014047d8a490 Exception <a 'java/lang/NoSuchMethodError'{0x00000000c51df6f0}: 'java.lang.Object java.lang.invoke.DirectMethodHandle$Holder.invokeVirtual(java.lang.Object, java.lang.Object, java.lang.Object)'> (0x00000000c51df6f0) 
thrown [t:\workspace\open\src\hotspot\share\interpreter\linkResolver.cpp, line 790]
Event: 36.731 Thread 0x0000014047d8a490 Exception <a 'java/lang/NoSuchMethodError'{0x00000000c4d0bcb8}: 'void java.lang.invoke.DirectMethodHandle$Holder.invokeStatic(java.lang.Object, java.lang.Object)'> (0x00000000c4d0bcb8) 
thrown [t:\workspace\open\src\hotspot\share\interpreter\linkResolver.cpp, line 790]

Events (20 events):
Event: 37.752 loading class java/lang/StringCoding$StringEncoder
Event: 37.768 loading class java/lang/StringCoding$StringEncoder done
Event: 37.805 loading class java/util/TimerTask
Event: 37.823 loading class java/util/TimerTask done
Event: 37.828 loading class java/util/NoSuchElementException
Event: 37.829 loading class java/util/NoSuchElementException done
Event: 38.240 loading class java/time/format/DateTimeParseException
Event: 38.404 Executing  VM operation: Cleanup
Event: 38.627 loading class java/time/DateTimeException
Event: 38.712 loading class java/time/DateTimeException done
Event: 38.713 loading class java/time/format/DateTimeParseException done
Event: 38.717 Executing  VM operation: Cleanup done
Event: 38.934 Thread 0x0000014049405400 Thread added: 0x0000014049405400
Event: 38.989 Executing  VM operation: G1TryInitiateConcMark
Event: 38.995 Executing  VM operation: G1TryInitiateConcMark done
Event: 39.809 Executing  VM operation: G1CollectForAllocation
Event: 39.814 Executing  VM operation: G1CollectForAllocation done
Event: 39.933 Executing  VM operation: G1TryInitiateConcMark
Event: 39.937 Executing  VM operation: G1TryInitiateConcMark done
Event: 39.955 Executing  VM operation: G1Concurrent


Dynamic libraries:
0x00007ff7e15e0000 - 0x00007ff7e15f0000 	C:\Program Files\Java\jdk-16.0.1\bin\java.exe
0x00007ff8dba90000 - 0x00007ff8dbc85000 	C:\WINDOWS\SYSTEM32\ntdll.dll
0x00007ff8da390000 - 0x00007ff8da44d000 	C:\WINDOWS\System32\KERNEL32.DLL
0x00007ff8d9630000 - 0x00007ff8d98f8000 	C:\WINDOWS\System32\KERNELBASE.dll
0x00007ff8d9900000 - 0x00007ff8d9a00000 	C:\WINDOWS\System32\ucrtbase.dll
0x00007ff8d4d30000 - 0x00007ff8d4d48000 	C:\Program Files\Java\jdk-16.0.1\bin\jli.dll
0x00007ff8da2e0000 - 0x00007ff8da38c000 	C:\WINDOWS\System32\ADVAPI32.dll
0x00007ff8bf5f0000 - 0x00007ff8bf609000 	C:\Program Files\Java\jdk-16.0.1\bin\VCRUNTIME140.dll
0x00007ff8d9d90000 - 0x00007ff8d9e2e000 	C:\WINDOWS\System32\msvcrt.dll
0x00007ff8db4d0000 - 0x00007ff8db56b000 	C:\WINDOWS\System32\sechost.dll
0x00007ff8daa20000 - 0x00007ff8dab4b000 	C:\WINDOWS\System32\RPCRT4.dll
0x00007ff8dab50000 - 0x00007ff8dacf0000 	C:\WINDOWS\System32\USER32.dll
0x00007ff8d94f0000 - 0x00007ff8d9512000 	C:\WINDOWS\System32\win32u.dll
0x00007ff8da4b0000 - 0x00007ff8da4da000 	C:\WINDOWS\System32\GDI32.dll
0x00007ff8d9520000 - 0x00007ff8d962b000 	C:\WINDOWS\System32\gdi32full.dll
0x00007ff8d9a60000 - 0x00007ff8d9afd000 	C:\WINDOWS\System32\msvcp_win.dll
0x00007ff8c4fe0000 - 0x00007ff8c527a000 	C:\WINDOWS\WinSxS\amd64_microsoft.windows.common-controls_6595b64144ccf1df_6.0.19041.844_none_ca00b6081b84eb1d\COMCTL32.dll
0x00007ff8c6ce0000 - 0x00007ff8c6cea000 	C:\WINDOWS\SYSTEM32\VERSION.dll
0x00007ff8da9f0000 - 0x00007ff8daa20000 	C:\WINDOWS\System32\IMM32.DLL
0x00007ff8c8cb0000 - 0x00007ff8c8cbc000 	C:\Program Files\Java\jdk-16.0.1\bin\vcruntime140_1.dll
0x00007ff886620000 - 0x00007ff8866b1000 	C:\Program Files\Java\jdk-16.0.1\bin\msvcp140.dll
0x00007ff8840a0000 - 0x00007ff884c4b000 	C:\Program Files\Java\jdk-16.0.1\bin\server\jvm.dll
0x00007ff8db4c0000 - 0x00007ff8db4c8000 	C:\WINDOWS\System32\PSAPI.DLL
0x00007ff8ca490000 - 0x00007ff8ca499000 	C:\WINDOWS\SYSTEM32\WSOCK32.dll
0x00007ff8db570000 - 0x00007ff8db5db000 	C:\WINDOWS\System32\WS2_32.dll
0x00007ff8cc820000 - 0x00007ff8cc847000 	C:\WINDOWS\SYSTEM32\WINMM.dll
0x00007ff8d7210000 - 0x00007ff8d7222000 	C:\WINDOWS\SYSTEM32\kernel.appcore.dll
0x00007ff8c8a70000 - 0x00007ff8c8a7a000 	C:\Program Files\Java\jdk-16.0.1\bin\jimage.dll
0x00007ff8c5390000 - 0x00007ff8c5574000 	C:\WINDOWS\SYSTEM32\DBGHELP.DLL
0x00007ff8c5360000 - 0x00007ff8c538c000 	C:\WINDOWS\SYSTEM32\dbgcore.DLL
0x00007ff8d9470000 - 0x00007ff8d94f0000 	C:\WINDOWS\System32\bcryptPrimitives.dll
0x00007ff8af730000 - 0x00007ff8af755000 	C:\Program Files\Java\jdk-16.0.1\bin\java.dll
0x00007ff8dad70000 - 0x00007ff8db4b2000 	C:\WINDOWS\System32\SHELL32.dll
0x00007ff8d7410000 - 0x00007ff8d7ba0000 	C:\WINDOWS\SYSTEM32\windows.storage.dll
0x00007ff8d9e30000 - 0x00007ff8da185000 	C:\WINDOWS\System32\combase.dll
0x00007ff8d8c60000 - 0x00007ff8d8c8c000 	C:\WINDOWS\SYSTEM32\Wldp.dll
0x00007ff8da790000 - 0x00007ff8da83e000 	C:\WINDOWS\System32\SHCORE.dll
0x00007ff8dacf0000 - 0x00007ff8dad45000 	C:\WINDOWS\System32\shlwapi.dll
0x00007ff8d9200000 - 0x00007ff8d921f000 	C:\WINDOWS\SYSTEM32\profapi.dll
0x00007ff8bbd10000 - 0x00007ff8bbd29000 	C:\Program Files\Java\jdk-16.0.1\bin\net.dll
0x00007ff8cd2f0000 - 0x00007ff8cd3fb000 	C:\WINDOWS\SYSTEM32\WINHTTP.dll
0x00007ff8d89d0000 - 0x00007ff8d8a3a000 	C:\WINDOWS\system32\mswsock.dll
0x00007ff8aeca0000 - 0x00007ff8aecb3000 	C:\Program Files\Java\jdk-16.0.1\bin\nio.dll
0x00007ff8ae300000 - 0x00007ff8ae318000 	C:\Program Files\Java\jdk-16.0.1\bin\zip.dll
0x00007ff8879e0000 - 0x00007ff887b60000 	C:\Program Files\Java\jdk-16.0.1\bin\awt.dll
0x00007ff8d9cc0000 - 0x00007ff8d9d8d000 	C:\WINDOWS\System32\OLEAUT32.dll
0x00007ff8d6bc0000 - 0x00007ff8d6c50000 	C:\WINDOWS\SYSTEM32\apphelp.dll
0x00007ff8d6e50000 - 0x00007ff8d6e7f000 	C:\WINDOWS\system32\DWMAPI.DLL
0x00007ff8d6d50000 - 0x00007ff8d6dee000 	C:\WINDOWS\system32\uxtheme.dll
0x00007ff8bee30000 - 0x00007ff8bef56000 	C:\WINDOWS\system32\opengl32.dll
0x00007ff8bf6f0000 - 0x00007ff8bf71c000 	C:\WINDOWS\SYSTEM32\GLU32.dll
0x00007ff8da670000 - 0x00007ff8da785000 	C:\WINDOWS\System32\MSCTF.dll
0x00007ff8da1b0000 - 0x00007ff8da2da000 	C:\WINDOWS\System32\ole32.dll
0x00007ff8ca3c0000 - 0x00007ff8ca3ed000 	C:\Program Files\Java\jdk-16.0.1\bin\javajpeg.dll
0x00007ff885b50000 - 0x00007ff885bd9000 	C:\Program Files\Java\jdk-16.0.1\bin\freetype.dll
0x00007ff8854f0000 - 0x00007ff8855e6000 	C:\Program Files\Java\jdk-16.0.1\bin\harfbuzz.dll
0x00007ff8d4e00000 - 0x00007ff8d4e12000 	C:\Program Files\Java\jdk-16.0.1\bin\fontmanager.dll
0x00007ff8cc3c0000 - 0x00007ff8cc4b9000 	C:\WINDOWS\SYSTEM32\textinputframework.dll
0x00007ff8d6500000 - 0x00007ff8d685e000 	C:\WINDOWS\System32\CoreUIComponents.dll
0x00007ff8d6880000 - 0x00007ff8d6972000 	C:\WINDOWS\System32\CoreMessaging.dll
0x00007ff8d5060000 - 0x00007ff8d51b4000 	C:\WINDOWS\SYSTEM32\wintypes.dll
0x00007ff8d8000000 - 0x00007ff8d8033000 	C:\WINDOWS\SYSTEM32\ntmarta.dll
0x00007ff8da540000 - 0x00007ff8da5e9000 	C:\WINDOWS\System32\clbcatq.dll
0x00007ff8d12b0000 - 0x00007ff8d1464000 	C:\WINDOWS\SYSTEM32\WindowsCodecs.dll
0x00007ff8d9bb0000 - 0x00007ff8d9bd7000 	C:\WINDOWS\System32\bcrypt.dll
0x00007ff8bd4c0000 - 0x00007ff8bd4fe000 	C:\WINDOWS\system32\dataexchange.dll
0x00007ff8d5620000 - 0x00007ff8d5884000 	C:\WINDOWS\system32\d3d11.dll
0x00007ff8d59d0000 - 0x00007ff8d5bb5000 	C:\WINDOWS\system32\dcomp.dll
0x00007ff8d7c00000 - 0x00007ff8d7cf4000 	C:\WINDOWS\system32\dxgi.dll
0x00007ff8d2860000 - 0x00007ff8d2a61000 	C:\WINDOWS\system32\twinapi.appcore.dll
0x00007ff8d8700000 - 0x00007ff8d87cc000 	C:\WINDOWS\SYSTEM32\DNSAPI.dll
0x00007ff8d86c0000 - 0x00007ff8d86fb000 	C:\WINDOWS\SYSTEM32\IPHLPAPI.DLL
0x00007ff8da190000 - 0x00007ff8da198000 	C:\WINDOWS\System32\NSI.dll
0x00007ff8c9f80000 - 0x00007ff8c9f8a000 	C:\Windows\System32\rasadhlp.dll
0x00007ff8ccef0000 - 0x00007ff8ccf6f000 	C:\WINDOWS\System32\fwpuclnt.dll

dbghelp: loaded successfully - version: 4.0.5 - missing functions: none
symbol engine: initialized successfully - sym options: 0x614 - pdb path: .;C:\Program Files\Java\jdk-16.0.1\bin;C:\WINDOWS\SYSTEM32;C:\WINDOWS\WinSxS\amd64_microsoft.windows.common-controls_6595b64144ccf1df_6.0.19041.844_none_ca00b6081b84eb1d;C:\Program Files\Java\jdk-16.0.1\bin\server

VM Arguments:
jvm_args: -Dfile.encoding=UTF-8 
java_command: university.management.system.Splash
java_class_path (initial): C:\Users\Yogesh Kumar\Downloads\mysql-connector-java-8.0.25\mysql-connector-java-8.0.25\mysql-connector-java-8.0.25.jar;C:\Users\Yogesh Kumar\Downloads\rs2xml.jar;D:\univer sity project\University Management System\build\classes
Launcher Type: SUN_STANDARD

[Global flags]
     intx CICompilerCount                          = 3                                         {product} {ergonomic}
     uint ConcGCThreads                            = 1                                         {product} {ergonomic}
     uint G1ConcRefinementThreads                  = 4                                         {product} {ergonomic}
   size_t G1HeapRegionSize                         = 1048576                                   {product} {ergonomic}
    uintx GCDrainStackTargetSize                   = 64                                        {product} {ergonomic}
   size_t InitialHeapSize                          = 67108864                                  {product} {ergonomic}
   size_t MarkStackSize                            = 4194304                                   {product} {ergonomic}
   size_t MaxHeapSize                              = 1052770304                                {product} {ergonomic}
   size_t MaxNewSize                               = 631242752                                 {product} {ergonomic}
   size_t MinHeapDeltaBytes                        = 1048576                                   {product} {ergonomic}
   size_t MinHeapSize                              = 8388608                                   {product} {ergonomic}
    uintx NonNMethodCodeHeapSize                   = 5832780                                {pd product} {ergonomic}
    uintx NonProfiledCodeHeapSize                  = 122912730                              {pd product} {ergonomic}
    uintx ProfiledCodeHeapSize                     = 122912730                              {pd product} {ergonomic}
    uintx ReservedCodeCacheSize                    = 251658240                              {pd product} {ergonomic}
     bool SegmentedCodeCache                       = true                                      {product} {ergonomic}
   size_t SoftMaxHeapSize                          = 1052770304                             {manageable} {ergonomic}
     bool UseCompressedClassPointers               = true                           {product lp64_product} {ergonomic}
     bool UseCompressedOops                        = true                           {product lp64_product} {ergonomic}
     bool UseG1GC                                  = true                                      {product} {ergonomic}
     bool UseLargePagesIndividualAllocation        = false                                  {pd product} {ergonomic}

Logging:
Log output configuration:
 #0: stdout all=warning uptime,level,tags
 #1: stderr all=off uptime,level,tags

Environment Variables:
JAVA_HOME=C:\Program Files\Java\jdk-16.0.1
PATH=C:\Program Files\Common Files\Oracle\Java\javapath;C:\Program Files (x86)\Common Files\Oracle\Java\javapath;C:\WINDOWS\system32;C:\WINDOWS;C:\WINDOWS\System32\Wbem;C:\WINDOWS\System32\WindowsPowerShell\v1.0\;C:\Program Files\nodejs\;C:\WINDOWS\System32\OpenSSH\;C:\Program Files\Java\jdk-16.0.1\bin;C:\Program Files\MySQL\MySQL Shell 8.0\bin\;C:\Users\Yogesh Kumar\AppData\Local\Programs\Microsoft VS Code\bin;C:\Users\Yogesh Kumar\AppData\Local\JetBrains\IntelliJ IDEA 2020.3.2\bin;;C:\Users\Yogesh Kumar\AppData\Roaming\npm;C:\Users\Yogesh Kumar\AppData\Local\Microsoft\WindowsApps
USERNAME=Yogesh Kumar
OS=Windows_NT
PROCESSOR_IDENTIFIER=Intel64 Family 6 Model 76 Stepping 4, GenuineIntel



---------------  S Y S T E M  ---------------

OS:
 Windows 10 , 64 bit Build 19041 (10.0.19041.928)
OS uptime: 0 days 22:08 hours

CPU: total 4 (initial active 4) (4 cores per cpu, 1 threads per core) family 6 model 76 stepping 4 microcode 0x411, cx8, cmov, fxsr, mmx, 3dnowpref, sse, sse2, sse3, ssse3, sse4.1, sse4.2, popcnt, tsc, tscinvbit, aes, erms, clmul, clflush

Memory: 4k page, system-wide physical 4009M (192M free)
TotalPageFile size 16297M (AvailPageFile size 0M)
current process WorkingSet (physical memory assigned to process): 149M, peak: 149M
current process commit charge ("private bytes"): 180M, peak: 185M

vm_info: Java HotSpot(TM) 64-Bit Server VM (16.0.1+9-24) for windows-amd64 JRE (16.0.1+9-24), built on Mar 26 2021 19:31:42 by "mach5one" with MS VC++ 16.7 (VS2019)

END.
